#
# A fatal error has been detected by the Java Runtime Environment:
#
#  EXCEPTION_ACCESS_VIOLATION (0xc0000005) at pc=0x67cb63ea, pid=2508, tid=5140
#
# JRE version: 7.0_13-b20
# Java VM: Java HotSpot(TM) Client VM (23.7-b01 mixed mode windows-x86 )
# Problematic frame:
# V  [jvm.dll+0xa63ea]
#
# Failed to write core dump. Minidumps are not enabled by default on client versions of Windows
#
# If you would like to submit a bug report, please visit:
#   http://bugreport.sun.com/bugreport/crash.jsp
#

---------------  T H R E A D  ---------------

Current thread (0x49f01800):  JavaThread "SwingWorker-pool-1-thread-1" daemon [_thread_in_vm, id=5140, stack(0x53b50000,0x53ba0000)]

siginfo: ExceptionCode=0xc0000005, reading address 0x00000000

Registers:
EAX=0x00000000, EBX=0x49f01928, ECX=0x00000000, EDX=0x44364f08
ESP=0x53b9eb70, EBP=0x53b9eb88, ESI=0x443645f8, EDI=0x49f01800
EIP=0x67cb63ea, EFLAGS=0x00010246

Top of Stack: (sp=0x53b9eb70)
0x53b9eb70:   49f01928 00000000 49f01800 00000000
0x53b9eb80:   00000000 00000000 53b9f410 4b261bcb
0x53b9eb90:   49f01928 00000000 00000000 49f01800
0x53b9eba0:   443645f8 53b9f3f8 44364600 00000000
0x53b9ebb0:   00000000 00000000 00000000 00000000
0x53b9ebc0:   00000000 00000000 00000000 00000000
0x53b9ebd0:   00000000 00000000 00000000 00000000
0x53b9ebe0:   00000000 00000000 00000000 00000000 

Instructions: (pc=0x67cb63ea)
0x67cb63ca:   ff 83 c4 08 83 7f 04 00 89 7d f0 c7 45 f4 00 00
0x67cb63da:   00 00 74 08 8d 4d f0 e8 da 6c 0c 00 8b 45 0c 53
0x67cb63ea:   8b 18 56 53 e8 5d a7 f7 ff 8d 70 01 56 e8 04 a6
0x67cb63fa:   08 00 83 c4 08 89 45 08 85 c0 75 19 68 38 ca e9 


Register to memory mapping:

EAX=0x00000000 is an unknown value
EBX=0x49f01928 is an unknown value
ECX=0x00000000 is an unknown value
EDX=0x44364f08 is an oop
{constant pool cache} 
 - klass: {other class}
ESP=0x53b9eb70 is pointing into the stack for thread: 0x49f01800
EBP=0x53b9eb88 is pointing into the stack for thread: 0x49f01800
ESI=0x443645f8 is an oop
{constMethod} 
 - klass: {other class}
 - method:       0x44364600 {method} 'setFilter' '(Ljava/lang/String;Z)V' in 'jpcap/JpcapCaptor'
 - exceptions:   0x43e01128
EDI=0x49f01800 is a thread


Stack: [0x53b50000,0x53ba0000],  sp=0x53b9eb70,  free space=314k
Native frames: (J=compiled Java code, j=interpreted, Vv=VM code, C=native code)
V  [jvm.dll+0xa63ea]
C  [Jpcap.dll+0x1bcb]  Java_jpcap_JpcapCaptor_setFilter+0x3b

Java frames: (J=compiled Java code, j=interpreted, Vv=VM code)
j  jpcap.JpcapCaptor.setFilter(Ljava/lang/String;Z)V+0
j  zhuabao0527.TableFrame$7.doInBackground()Ljava/lang/Void;+89
j  zhuabao0527.TableFrame$7.doInBackground()Ljava/lang/Object;+1
j  javax.swing.SwingWorker$1.call()Ljava/lang/Object;+14
j  java.util.concurrent.FutureTask$Sync.innerRun()V+29
j  java.util.concurrent.FutureTask.run()V+4
j  javax.swing.SwingWorker.run()V+4
j  java.util.concurrent.ThreadPoolExecutor.runWorker(Ljava/util/concurrent/ThreadPoolExecutor$Worker;)V+95
j  java.util.concurrent.ThreadPoolExecutor$Worker.run()V+5
j  java.lang.Thread.run()V+11
v  ~StubRoutines::call_stub

---------------  P R O C E S S  ---------------

Java Threads: ( => current thread )
  0x49ebbc00 JavaThread "SwingWorker-pool-1-thread-10" daemon [_thread_blocked, id=5516, stack(0x53e90000,0x53ee0000)]
  0x49ebb800 JavaThread "SwingWorker-pool-1-thread-9" daemon [_thread_blocked, id=5524, stack(0x541a0000,0x541f0000)]
  0x49ebb000 JavaThread "SwingWorker-pool-1-thread-8" daemon [_thread_blocked, id=1820, stack(0x53f00000,0x53f50000)]
  0x49ebac00 JavaThread "SwingWorker-pool-1-thread-7" daemon [_thread_blocked, id=5632, stack(0x53dc0000,0x53e10000)]
  0x49eba400 JavaThread "SwingWorker-pool-1-thread-6" daemon [_thread_blocked, id=5572, stack(0x53b00000,0x53b50000)]
  0x49eba000 JavaThread "SwingWorker-pool-1-thread-5" daemon [_thread_blocked, id=4868, stack(0x501a0000,0x501f0000)]
  0x49e09800 JavaThread "SwingWorker-pool-1-thread-4" daemon [_thread_blocked, id=4316, stack(0x53d20000,0x53d70000)]
  0x49e08800 JavaThread "SwingWorker-pool-1-thread-3" daemon [_thread_blocked, id=5664, stack(0x53bd0000,0x53c20000)]
  0x4df38400 JavaThread "SwingWorker-pool-1-thread-2" daemon [_thread_blocked, id=5388, stack(0x50200000,0x50250000)]
=>0x49f01800 JavaThread "SwingWorker-pool-1-thread-1" daemon [_thread_in_vm, id=5140, stack(0x53b50000,0x53ba0000)]
  0x4de8d400 JavaThread "D3D Screen Updater" daemon [_thread_blocked, id=5756, stack(0x4ffe0000,0x50030000)]
  0x4de6ec00 JavaThread "TimerQueue" daemon [_thread_blocked, id=4964, stack(0x4e5b0000,0x4e600000)]
  0x00f8a400 JavaThread "DestroyJavaVM" [_thread_blocked, id=2236, stack(0x00370000,0x003c0000)]
  0x49f30800 JavaThread "AWT-EventQueue-0" [_thread_blocked, id=5920, stack(0x4b430000,0x4b480000)]
  0x49f30000 JavaThread "AWT-Windows" daemon [_thread_blocked, id=4116, stack(0x4a390000,0x4a3e0000)]
  0x49f2f800 JavaThread "AWT-Shutdown" [_thread_blocked, id=4180, stack(0x4a340000,0x4a390000)]
  0x49f2d000 JavaThread "Java2D Disposer" daemon [_thread_blocked, id=2584, stack(0x4a2c0000,0x4a310000)]
  0x49df1800 JavaThread "Service Thread" daemon [_thread_blocked, id=5464, stack(0x4a120000,0x4a170000)]
  0x49df0400 JavaThread "C1 CompilerThread0" daemon [_thread_blocked, id=2344, stack(0x4a010000,0x4a060000)]
  0x49def400 JavaThread "Attach Listener" daemon [_thread_blocked, id=4008, stack(0x4a1d0000,0x4a220000)]
  0x49dec000 JavaThread "Signal Dispatcher" daemon [_thread_blocked, id=1384, stack(0x4a240000,0x4a290000)]
  0x49d6f000 JavaThread "Finalizer" daemon [_thread_blocked, id=2812, stack(0x00f30000,0x00f80000)]
  0x49d6a400 JavaThread "Reference Handler" daemon [_thread_blocked, id=4260, stack(0x4a0d0000,0x4a120000)]

Other Threads:
  0x49d64c00 VMThread [stack: 0x4a060000,0x4a0b0000] [id=4088]
  0x49e04400 WatcherThread [stack: 0x4a3f0000,0x4a440000] [id=4012]

VM state:synchronizing (normal execution)

VM Mutex/Monitor currently owned by a thread:  ([mutex/lock_event])
[0x00f889d8] Threads_lock - owner thread: 0x49d64c00

Heap
 def new generation   total 314560K, used 111847K [0x03e00000, 0x19350000, 0x19350000)
  eden space 279616K,  40% used [0x03e00000, 0x0ab39dc0, 0x14f10000)
  from space 34944K,   0% used [0x14f10000, 0x14f10000, 0x17130000)
  to   space 34944K,   0% used [0x17130000, 0x17130000, 0x19350000)
 tenured generation   total 699072K, used 0K [0x19350000, 0x43e00000, 0x43e00000)
   the space 699072K,   0% used [0x19350000, 0x19350000, 0x19350200, 0x43e00000)
 compacting perm gen  total 12288K, used 9852K [0x43e00000, 0x44a00000, 0x47e00000)
   the space 12288K,  80% used [0x43e00000, 0x4479f298, 0x4479f400, 0x44a00000)
No shared spaces configured.

Card table byte_map: [0x00f90000,0x011c0000] byte_map_base: 0x00f71000

Polling page: 0x00350000

Code Cache  [0x01e00000, 0x02030000, 0x03e00000)
 total_blobs=1425 nmethods=1163 adapters=195 free_code_cache=30540Kb largest_free_block=31273472

Compilation events (10 events):
Event: 136.294 Thread 0x49df0400 1158             sun.awt.im.InputMethodContext::dispatchEvent (62 bytes)
Event: 136.295 Thread 0x49df0400 nmethod 1158 0x0202b608 code [0x0202b750, 0x0202b98c]
Event: 139.929 Thread 0x49df0400 1159   !         java.awt.Container::getComponentZOrder (43 bytes)
Event: 139.929 Thread 0x49df0400 nmethod 1159 0x0202bb48 code [0x0202bc60, 0x0202befc]
Event: 140.758 Thread 0x49df0400 1160             java.awt.AWTEventMulticaster::mouseMoved (27 bytes)
Event: 140.758 Thread 0x49df0400 nmethod 1160 0x0202c008 code [0x0202c130, 0x0202c288]
Event: 141.465 Thread 0x49df0400 1161             java.util.ArrayList::toArray (60 bytes)
Event: 141.465 Thread 0x49df0400 nmethod 1161 0x0202c348 code [0x0202c460, 0x0202c678]
Event: 144.068 Thread 0x49df0400 1162             javax.swing.JComponent::getComponentGraphics (63 bytes)
Event: 144.069 Thread 0x49df0400 nmethod 1162 0x0202c748 code [0x0202c8b0, 0x0202cba4]

GC Heap History (0 events):
No events

Deoptimization events (0 events):
No events

Internal exceptions (10 events):
Event: 128.990 Thread 0x49eba400 Implicit null exception at 0x0200cdbf to 0x0200cfd5
Event: 128.990 Thread 0x49eba400 Threw 0x08a8cd20 at C:\jdk7u2_32P\jdk7u13_2932_new\hotspot\src\share\vm\runtime\sharedRuntime.cpp:613
Event: 130.014 Thread 0x49ebac00 Implicit null exception at 0x0200cdbf to 0x0200cfd5
Event: 130.014 Thread 0x49ebac00 Threw 0x08fffd80 at C:\jdk7u2_32P\jdk7u13_2932_new\hotspot\src\share\vm\runtime\sharedRuntime.cpp:613
Event: 131.102 Thread 0x49ebb000 Implicit null exception at 0x0200cdbf to 0x0200cfd5
Event: 131.102 Thread 0x49ebb000 Threw 0x095767c0 at C:\jdk7u2_32P\jdk7u13_2932_new\hotspot\src\share\vm\runtime\sharedRuntime.cpp:613
Event: 132.046 Thread 0x49ebb800 Implicit null exception at 0x0200cdbf to 0x0200cfd5
Event: 132.046 Thread 0x49ebb800 Threw 0x09aec080 at C:\jdk7u2_32P\jdk7u13_2932_new\hotspot\src\share\vm\runtime\sharedRuntime.cpp:613
Event: 133.326 Thread 0x49ebbc00 Implicit null exception at 0x0200cdbf to 0x0200cfd5
Event: 133.326 Thread 0x49ebbc00 Threw 0x0a062490 at C:\jdk7u2_32P\jdk7u13_2932_new\hotspot\src\share\vm\runtime\sharedRuntime.cpp:613

Events (10 events):
Event: 129.024 Executing VM operation: RevokeBias
Event: 129.024 Executing VM operation: RevokeBias done
Event: 130.048 Executing VM operation: RevokeBias
Event: 130.048 Executing VM operation: RevokeBias done
Event: 131.136 Executing VM operation: RevokeBias
Event: 131.136 Executing VM operation: RevokeBias done
Event: 132.080 Executing VM operation: RevokeBias
Event: 132.080 Executing VM operation: RevokeBias done
Event: 133.360 Executing VM operation: RevokeBias
Event: 133.360 Executing VM operation: RevokeBias done


Dynamic libraries:
0x011d0000 - 0x011ff000 	D:\JavaJDK\bin\javaw.exe
0x77540000 - 0x77682000 	C:\Windows\SYSTEM32\ntdll.dll
0x768c0000 - 0x76995000 	C:\Windows\system32\kernel32.dll
0x75460000 - 0x754ab000 	C:\Windows\system32\KERNELBASE.dll
0x771e0000 - 0x77281000 	C:\Windows\system32\ADVAPI32.dll
0x76a00000 - 0x76aac000 	C:\Windows\system32\msvcrt.dll
0x776b0000 - 0x776c9000 	C:\Windows\SYSTEM32\sechost.dll
0x756e0000 - 0x75782000 	C:\Windows\system32\RPCRT4.dll
0x767f0000 - 0x768b9000 	C:\Windows\system32\USER32.dll
0x76bf0000 - 0x76c3e000 	C:\Windows\system32\GDI32.dll
0x756d0000 - 0x756da000 	C:\Windows\system32\LPK.dll
0x77290000 - 0x7732d000 	C:\Windows\system32\USP10.dll
0x74260000 - 0x743fe000 	C:\Windows\WinSxS\x86_microsoft.windows.common-controls_6595b64144ccf1df_6.0.7601.18837_none_41e855142bd5705d\COMCTL32.dll
0x770a0000 - 0x770f7000 	C:\Windows\system32\SHLWAPI.dll
0x77080000 - 0x7709f000 	C:\Windows\system32\IMM32.DLL
0x76c40000 - 0x76d0c000 	C:\Windows\system32\MSCTF.dll
0x68110000 - 0x681ce000 	D:\JavaJDK\jre\bin\msvcr100.dll
0x67c10000 - 0x67f5d000 	D:\JavaJDK\jre\bin\client\jvm.dll
0x72210000 - 0x72217000 	C:\Windows\system32\WSOCK32.dll
0x76d10000 - 0x76d45000 	C:\Windows\system32\WS2_32.dll
0x77690000 - 0x77696000 	C:\Windows\system32\NSI.dll
0x754b0000 - 0x754e2000 	C:\Windows\system32\WINMM.dll
0x776a0000 - 0x776a5000 	C:\Windows\system32\PSAPI.DLL
0x6f6d0000 - 0x6f6dc000 	D:\JavaJDK\jre\bin\verify.dll
0x6c620000 - 0x6c640000 	D:\JavaJDK\jre\bin\java.dll
0x6c5b0000 - 0x6c5c3000 	D:\JavaJDK\jre\bin\zip.dll
0x67600000 - 0x67742000 	D:\JavaJDK\jre\bin\awt.dll
0x77150000 - 0x771df000 	C:\Windows\system32\OLEAUT32.dll
0x75790000 - 0x758ec000 	C:\Windows\system32\ole32.dll
0x73ff0000 - 0x74030000 	C:\Windows\system32\uxtheme.dll
0x751f0000 - 0x7523c000 	C:\Windows\system32\apphelp.dll
0x4a5e0000 - 0x4aad7000 	C:\Windows\system32\SOGOUPY.IME
0x731a0000 - 0x731a5000 	C:\Windows\system32\MSIMG32.dll
0x731b0000 - 0x731ec000 	C:\Windows\system32\OLEACC.dll
0x73d40000 - 0x73d61000 	C:\Windows\system32\ntmarta.dll
0x77100000 - 0x77145000 	C:\Windows\system32\WLDAP32.dll
0x747d0000 - 0x747d9000 	C:\Windows\system32\VERSION.dll
0x758f0000 - 0x7653b000 	C:\Windows\system32\SHELL32.dll
0x75690000 - 0x756a3000 	C:\Windows\system32\dwmapi.dll
0x75240000 - 0x7524c000 	C:\Windows\system32\CRYPTBASE.dll
0x6f990000 - 0x6f9b3000 	D:\Program Files\SogouInput\Components\SgAppender\1.0.0.207\SgAppender_Dll.dll
0x5ae50000 - 0x5aee3000 	C:\Users\Administrator\AppData\Roaming\TaobaoProtect\TaobaoProtectSE.dll
0x75550000 - 0x75671000 	C:\Windows\system32\CRYPT32.dll
0x75360000 - 0x7536c000 	C:\Windows\system32\MSASN1.dll
0x65610000 - 0x65613000 	C:\Windows\system32\sfc.dll
0x65600000 - 0x6560d000 	C:\Windows\system32\sfc_os.DLL
0x61bd0000 - 0x61d93000 	C:\Windows\system32\d3d9.dll
0x6db20000 - 0x6db26000 	C:\Windows\system32\d3d8thk.dll
0x6e400000 - 0x6e58c000 	D:\Program Files\SogouInput\Components\PicFace\1.0.0.1403\PicFace.dll
0x5cec0000 - 0x5dd6e000 	C:\Windows\system32\nvd3dum.dll
0x752f0000 - 0x752fb000 	C:\Windows\system32\profapi.dll
0x753a0000 - 0x753c5000 	C:\Windows\system32\powrprof.dll
0x765c0000 - 0x7675d000 	C:\Windows\system32\SETUPAPI.dll
0x75520000 - 0x75547000 	C:\Windows\system32\CFGMGR32.dll
0x756b0000 - 0x756c2000 	C:\Windows\system32\DEVOBJ.dll
0x69710000 - 0x6973a000 	D:\JavaJDK\jre\bin\fontmanager.dll
0x6db40000 - 0x6db54000 	D:\JavaJDK\jre\bin\net.dll
0x74d20000 - 0x74d5c000 	C:\Windows\system32\mswsock.dll
0x74d10000 - 0x74d16000 	C:\Windows\System32\wship6.dll
0x6db30000 - 0x6db3e000 	D:\JavaJDK\jre\bin\nio.dll
0x4b260000 - 0x4b289000 	D:\JavaJDK\jre\bin\Jpcap.dll
0x4b290000 - 0x4b2dc000 	C:\Windows\system32\wpcap.dll
0x4b350000 - 0x4b368000 	C:\Windows\system32\packet.dll
0x739b0000 - 0x739cc000 	C:\Windows\system32\iphlpapi.dll
0x73980000 - 0x73987000 	C:\Windows\system32\WINNSI.DLL
0x70c70000 - 0x70c7d000 	C:\Windows\system32\dhcpcsvc6.DLL
0x70ae0000 - 0x70af2000 	C:\Windows\system32\dhcpcsvc.DLL
0x680d0000 - 0x68101000 	D:\JavaJDK\jre\bin\t2k.dll
0x76760000 - 0x767e3000 	C:\Windows\system32\CLBCatQ.DLL
0x73a30000 - 0x73b2b000 	C:\Windows\system32\WindowsCodecs.dll
0x6fbf0000 - 0x6fc24000 	D:\Program Files\360\360safe\safemon\360UDiskGuard.dll
0x745d0000 - 0x74601000 	C:\Windows\system32\EhStorShell.dll
0x74070000 - 0x74165000 	C:\Windows\system32\PROPSYS.dll
0x74560000 - 0x745ca000 	C:\Windows\System32\cscui.dll
0x74550000 - 0x74559000 	C:\Windows\System32\CSCDLL.dll
0x6f880000 - 0x6f88b000 	C:\Windows\system32\CSCAPI.dll
0x72930000 - 0x729a0000 	C:\Windows\system32\ntshrui.dll
0x74f00000 - 0x74f19000 	C:\Windows\system32\srvcli.dll
0x73b80000 - 0x73b8a000 	C:\Windows\system32\slc.dll
0x4f540000 - 0x4f61d000 	D:\Program Files\SogouInput\7.9.0.7582\Resource.dll
0x67850000 - 0x67874000 	D:\JavaJDK\jre\bin\dcpr.dll
0x6c4c0000 - 0x6c5ab000 	C:\Windows\system32\dbghelp.dll

VM Arguments:
jvm_args: -Xms1024m -Xmx1024m -Dfile.encoding=GBK 
java_command: zhuabao0527.ZhuaBaoUI
Launcher Type: SUN_STANDARD

Environment Variables:
JAVA_HOME=D:\JavaJDK
CLASSPATH=.;D:\JavaJDK\lib;D:\JavaJDK\lib\tools.jar
PATH=D:/JavaJDK/bin/../jre/bin/client;D:/JavaJDK/bin/../jre/bin;D:/JavaJDK/bin/../jre/lib/i386;c:\windows\system32;D:\eclipse\sdk\tools;D:\JavaJDK\bin;C:\RailsInstaller1205\Ruby2.1.0\bin;;D:\eclipse;
USERNAME=Administrator
OS=Windows_NT
PROCESSOR_IDENTIFIER=x86 Family 6 Model 37 Stepping 2, GenuineIntel



---------------  S Y S T E M  ---------------

OS: Windows 7 Build 7601 Service Pack 1

CPU:total 4 (2 cores per cpu, 2 threads per core) family 6 model 37 stepping 2, cmov, cx8, fxsr, mmx, sse, sse2, sse3, ssse3, sse4.1, sse4.2, popcnt, ht, tsc, tscinvbit

Memory: 4k page, physical 3070824k(1430064k free), swap 6139924k(2853928k free)

vm_info: Java HotSpot(TM) Client VM (23.7-b01) for windows-x86 JRE (1.7.0_13-b20), built on Jan 30 2013 10:03:58 by "java_re" with unknown MS VC++:1600

time: Fri Jun 03 02:04:37 2016
elapsed time: 144 seconds

