#
# A fatal error has been detected by the Java Runtime Environment:
#
#  EXCEPTION_ACCESS_VIOLATION (0xc0000005) at pc=0x684263ea, pid=2800, tid=15668
#
# JRE version: 7.0_13-b20
# Java VM: Java HotSpot(TM) Client VM (23.7-b01 mixed mode windows-x86 )
# Problematic frame:
# V  [jvm.dll+0xa63ea]
#
# Failed to write core dump. Minidumps are not enabled by default on client versions of Windows
#
# If you would like to submit a bug report, please visit:
#   http://bugreport.sun.com/bugreport/crash.jsp
#

---------------  T H R E A D  ---------------

Current thread (0x4e012800):  JavaThread "SwingWorker-pool-1-thread-9" daemon [_thread_in_vm, id=15668, stack(0x55190000,0x551e0000)]

siginfo: ExceptionCode=0xc0000005, reading address 0x00000000

Registers:
EAX=0x00000000, EBX=0x4e012928, ECX=0x00000000, EDX=0x441d4fa0
ESP=0x551de980, EBP=0x551de998, ESI=0x441d4690, EDI=0x4e012800
EIP=0x684263ea, EFLAGS=0x00010246

Top of Stack: (sp=0x551de980)
0x551de980:   4e012928 00000000 4e012800 00000000
0x551de990:   00000000 00000000 551df220 4a401bcb
0x551de9a0:   4e012928 00000000 00000000 4e012800
0x551de9b0:   441d4690 551df208 441d4698 00000000
0x551de9c0:   00000000 00000000 00000000 00000000
0x551de9d0:   00000000 00000000 00000000 00000000
0x551de9e0:   00000000 00000000 00000000 00000000
0x551de9f0:   00000000 00000000 00000000 00000000 

Instructions: (pc=0x684263ea)
0x684263ca:   ff 83 c4 08 83 7f 04 00 89 7d f0 c7 45 f4 00 00
0x684263da:   00 00 74 08 8d 4d f0 e8 da 6c 0c 00 8b 45 0c 53
0x684263ea:   8b 18 56 53 e8 5d a7 f7 ff 8d 70 01 56 e8 04 a6
0x684263fa:   08 00 83 c4 08 89 45 08 85 c0 75 19 68 38 ca 60 


Register to memory mapping:

EAX=0x00000000 is an unknown value
EBX=0x4e012928 is an unknown value
ECX=0x00000000 is an unknown value
EDX=0x441d4fa0 is an oop
{constant pool cache} 
 - klass: {other class}
ESP=0x551de980 is pointing into the stack for thread: 0x4e012800
EBP=0x551de998 is pointing into the stack for thread: 0x4e012800
ESI=0x441d4690 is an oop
{constMethod} 
 - klass: {other class}
 - method:       0x441d4698 {method} 'setFilter' '(Ljava/lang/String;Z)V' in 'jpcap/JpcapCaptor'
 - exceptions:   0x43c71128
EDI=0x4e012800 is a thread


Stack: [0x55190000,0x551e0000],  sp=0x551de980,  free space=314k
Native frames: (J=compiled Java code, j=interpreted, Vv=VM code, C=native code)
V  [jvm.dll+0xa63ea]
C  [Jpcap.dll+0x1bcb]  Java_jpcap_JpcapCaptor_setFilter+0x3b

Java frames: (J=compiled Java code, j=interpreted, Vv=VM code)
j  jpcap.JpcapCaptor.setFilter(Ljava/lang/String;Z)V+0
j  zhuabao0527.TableFrame$7.doInBackground()Ljava/lang/Void;+89
j  zhuabao0527.TableFrame$7.doInBackground()Ljava/lang/Object;+1
j  javax.swing.SwingWorker$1.call()Ljava/lang/Object;+14
j  java.util.concurrent.FutureTask$Sync.innerRun()V+29
j  java.util.concurrent.FutureTask.run()V+4
j  javax.swing.SwingWorker.run()V+4
j  java.util.concurrent.ThreadPoolExecutor.runWorker(Ljava/util/concurrent/ThreadPoolExecutor$Worker;)V+95
j  java.util.concurrent.ThreadPoolExecutor$Worker.run()V+5
j  java.lang.Thread.run()V+11
v  ~StubRoutines::call_stub

---------------  P R O C E S S  ---------------

Java Threads: ( => current thread )
  0x4e013000 JavaThread "SwingWorker-pool-1-thread-10" daemon [_thread_blocked, id=12484, stack(0x553d0000,0x55420000)]
=>0x4e012800 JavaThread "SwingWorker-pool-1-thread-9" daemon [_thread_in_vm, id=15668, stack(0x55190000,0x551e0000)]
  0x4e012000 JavaThread "SwingWorker-pool-1-thread-8" daemon [_thread_blocked, id=15448, stack(0x55210000,0x55260000)]
  0x4e011c00 JavaThread "SwingWorker-pool-1-thread-7" daemon [_thread_blocked, id=15840, stack(0x55130000,0x55180000)]
  0x4e011400 JavaThread "SwingWorker-pool-1-thread-6" daemon [_thread_blocked, id=14460, stack(0x542f0000,0x54340000)]
  0x4e011000 JavaThread "SwingWorker-pool-1-thread-5" daemon [_thread_blocked, id=3560, stack(0x54ff0000,0x55040000)]
  0x4dee7c00 JavaThread "SwingWorker-pool-1-thread-4" daemon [_thread_blocked, id=14508, stack(0x50180000,0x501d0000)]
  0x4e034000 JavaThread "SwingWorker-pool-1-thread-3" daemon [_thread_blocked, id=12512, stack(0x54ce0000,0x54d30000)]
  0x4e031c00 JavaThread "SwingWorker-pool-1-thread-2" daemon [_thread_blocked, id=15876, stack(0x543e0000,0x54430000)]
  0x4e031800 JavaThread "SwingWorker-pool-1-thread-1" daemon [_thread_blocked, id=14924, stack(0x501f0000,0x50240000)]
  0x4dfe1000 JavaThread "D3D Screen Updater" daemon [_thread_blocked, id=15812, stack(0x50020000,0x50070000)]
  0x4dfc2400 JavaThread "TimerQueue" daemon [_thread_blocked, id=14932, stack(0x4b8a0000,0x4b8f0000)]
  0x01aaa800 JavaThread "DestroyJavaVM" [_thread_blocked, id=14388, stack(0x01ae0000,0x01b30000)]
  0x49fd2000 JavaThread "AWT-EventQueue-0" [_thread_blocked, id=15464, stack(0x4b510000,0x4b560000)]
  0x49fcdc00 JavaThread "AWT-Windows" daemon [_thread_in_native, id=12176, stack(0x4a440000,0x4a490000)]
  0x49fcd000 JavaThread "AWT-Shutdown" [_thread_blocked, id=15964, stack(0x4a540000,0x4a590000)]
  0x49fca800 JavaThread "Java2D Disposer" daemon [_thread_blocked, id=13284, stack(0x4a260000,0x4a2b0000)]
  0x49e9ac00 JavaThread "Service Thread" daemon [_thread_blocked, id=2560, stack(0x4a0a0000,0x4a0f0000)]
  0x49e91000 JavaThread "C1 CompilerThread0" daemon [_thread_blocked, id=13256, stack(0x4a320000,0x4a370000)]
  0x49e8e000 JavaThread "Attach Listener" daemon [_thread_blocked, id=15600, stack(0x4a210000,0x4a260000)]
  0x49e8ac00 JavaThread "Signal Dispatcher" daemon [_thread_blocked, id=2000, stack(0x4a020000,0x4a070000)]
  0x49e11400 JavaThread "Finalizer" daemon [_thread_blocked, id=14668, stack(0x4a1c0000,0x4a210000)]
  0x49e0a000 JavaThread "Reference Handler" daemon [_thread_blocked, id=14908, stack(0x002c0000,0x00310000)]

Other Threads:
  0x49e04c00 VMThread [stack: 0x4a160000,0x4a1b0000] [id=14904]
  0x49eb5000 WatcherThread [stack: 0x4a390000,0x4a3e0000] [id=5092]

VM state:not at safepoint (normal execution)

VM Mutex/Monitor currently owned by a thread: None

Heap
 def new generation   total 314560K, used 173373K [0x03c70000, 0x191c0000, 0x191c0000)
  eden space 279616K,  62% used [0x03c70000, 0x0e5bf6a8, 0x14d80000)
  from space 34944K,   0% used [0x14d80000, 0x14d80000, 0x16fa0000)
  to   space 34944K,   0% used [0x16fa0000, 0x16fa0000, 0x191c0000)
 tenured generation   total 699072K, used 0K [0x191c0000, 0x43c70000, 0x43c70000)
   the space 699072K,   0% used [0x191c0000, 0x191c0000, 0x191c0200, 0x43c70000)
 compacting perm gen  total 12288K, used 9859K [0x43c70000, 0x44870000, 0x47c70000)
   the space 12288K,  80% used [0x43c70000, 0x44610e30, 0x44611000, 0x44870000)
No shared spaces configured.

Card table byte_map: [0x49a70000,0x49ca0000] byte_map_base: 0x49a51c80

Polling page: 0x00120000

Code Cache  [0x01c70000, 0x01f60000, 0x03c70000)
 total_blobs=1961 nmethods=1698 adapters=195 free_code_cache=29785Kb largest_free_block=30499776

Compilation events (10 events):
Event: 109.655 Thread 0x49e91000 1700             java.awt.Graphics::<init> (5 bytes)
Event: 109.655 Thread 0x49e91000 nmethod 1700 0x01f4fe88 code [0x01f4ff80, 0x01f50010]
Event: 110.928 Thread 0x49e91000 1701   !         sun.java2d.pipe.BufferedMaskFill::MaskFill (247 bytes)
Event: 110.932 Thread 0x49e91000 nmethod 1701 0x01f50088 code [0x01f50230, 0x01f50720]
Event: 111.512 Thread 0x49e91000 1702             java.util.HashSet::clear (8 bytes)
Event: 111.512 Thread 0x49e91000 nmethod 1702 0x01f51348 code [0x01f51450, 0x01f514ec]
Event: 111.846 Thread 0x49e91000 1703   !         sun.dc.pr.Rasterizer::getAlpha (77 bytes)
Event: 111.847 Thread 0x49e91000 nmethod 1703 0x01f51548 code [0x01f516c0, 0x01f51b94]
Event: 111.917 Thread 0x49e91000 1704   !         zhuabao0527.TableFrame$7::doInBackground (735 bytes)
Event: 111.929 Thread 0x49e91000 nmethod 1704 0x01f52148 code [0x01f52850, 0x01f55e04]

GC Heap History (0 events):
No events

Deoptimization events (0 events):
No events

Internal exceptions (10 events):
Event: 104.181 Thread 0x4e011000 Implicit null exception at 0x01f1427f to 0x01f14495
Event: 104.181 Thread 0x4e011000 Threw 0x083b21c0 at C:\jdk7u2_32P\jdk7u13_2932_new\hotspot\src\share\vm\runtime\sharedRuntime.cpp:613
Event: 105.325 Thread 0x4e011400 Implicit null exception at 0x01f1427f to 0x01f14495
Event: 105.325 Thread 0x4e011400 Threw 0x089277d8 at C:\jdk7u2_32P\jdk7u13_2932_new\hotspot\src\share\vm\runtime\sharedRuntime.cpp:613
Event: 106.749 Thread 0x4e031c00 Implicit null exception at 0x01f1427f to 0x01f14495
Event: 106.749 Thread 0x4e031c00 Threw 0x06dfafb8 at C:\jdk7u2_32P\jdk7u13_2932_new\hotspot\src\share\vm\runtime\sharedRuntime.cpp:613
Event: 107.861 Thread 0x4e011c00 Implicit null exception at 0x01f1427f to 0x01f14495
Event: 107.861 Thread 0x4e011c00 Threw 0x09413980 at C:\jdk7u2_32P\jdk7u13_2932_new\hotspot\src\share\vm\runtime\sharedRuntime.cpp:613
Event: 108.581 Thread 0x4e012000 Implicit null exception at 0x01f1427f to 0x01f14495
Event: 108.581 Thread 0x4e012000 Threw 0x09989b88 at C:\jdk7u2_32P\jdk7u13_2932_new\hotspot\src\share\vm\runtime\sharedRuntime.cpp:613

Events (10 events):
Event: 107.207 loading class 0x4deb6f08
Event: 107.207 loading class 0x4debd9e8
Event: 107.207 loading class 0x4debd9e8 done
Event: 107.207 loading class 0x4deb6f08 done
Event: 107.894 Executing VM operation: RevokeBias
Event: 107.894 Executing VM operation: RevokeBias done
Event: 108.606 Executing VM operation: RevokeBias
Event: 108.607 Executing VM operation: RevokeBias done
Event: 110.772 Executing VM operation: RevokeBias
Event: 110.773 Executing VM operation: RevokeBias done


Dynamic libraries:
0x012c0000 - 0x012ef000 	D:\JavaJDK\bin\javaw.exe
0x77d00000 - 0x77e42000 	C:\Windows\SYSTEM32\ntdll.dll
0x77940000 - 0x77a15000 	C:\Windows\system32\kernel32.dll
0x75e00000 - 0x75e4b000 	C:\Windows\system32\KERNELBASE.dll
0x77c20000 - 0x77cc1000 	C:\Windows\system32\ADVAPI32.dll
0x77a20000 - 0x77acc000 	C:\Windows\system32\msvcrt.dll
0x762b0000 - 0x762c9000 	C:\Windows\SYSTEM32\sechost.dll
0x76000000 - 0x760a2000 	C:\Windows\system32\RPCRT4.dll
0x75e90000 - 0x75f59000 	C:\Windows\system32\USER32.dll
0x777b0000 - 0x777fe000 	C:\Windows\system32\GDI32.dll
0x76510000 - 0x7651a000 	C:\Windows\system32\LPK.dll
0x75f60000 - 0x75ffd000 	C:\Windows\system32\USP10.dll
0x74a20000 - 0x74bbe000 	C:\Windows\WinSxS\x86_microsoft.windows.common-controls_6595b64144ccf1df_6.0.7601.18837_none_41e855142bd5705d\COMCTL32.dll
0x77450000 - 0x774a7000 	C:\Windows\system32\SHLWAPI.dll
0x762e0000 - 0x762ff000 	C:\Windows\system32\IMM32.DLL
0x77b50000 - 0x77c1c000 	C:\Windows\system32\MSCTF.dll
0x5d510000 - 0x5d5ce000 	D:\JavaJDK\jre\bin\msvcr100.dll
0x68380000 - 0x686cd000 	D:\JavaJDK\jre\bin\client\jvm.dll
0x6ef90000 - 0x6ef97000 	C:\Windows\system32\WSOCK32.dll
0x76620000 - 0x76655000 	C:\Windows\system32\WS2_32.dll
0x762d0000 - 0x762d6000 	C:\Windows\system32\NSI.dll
0x75e50000 - 0x75e82000 	C:\Windows\system32\WINMM.dll
0x76580000 - 0x76585000 	C:\Windows\system32\PSAPI.DLL
0x71bd0000 - 0x71bdc000 	D:\JavaJDK\jre\bin\verify.dll
0x71bb0000 - 0x71bd0000 	D:\JavaJDK\jre\bin\java.dll
0x71b90000 - 0x71ba3000 	D:\JavaJDK\jre\bin\zip.dll
0x52370000 - 0x524b2000 	D:\JavaJDK\jre\bin\awt.dll
0x76590000 - 0x7661f000 	C:\Windows\system32\OLEAUT32.dll
0x774b0000 - 0x7760c000 	C:\Windows\system32\ole32.dll
0x747d0000 - 0x74810000 	C:\Windows\system32\uxtheme.dll
0x759b0000 - 0x759fc000 	C:\Windows\system32\apphelp.dll
0x4a6f0000 - 0x4abe7000 	C:\Windows\system32\SOGOUPY.IME
0x73ed0000 - 0x73ed5000 	C:\Windows\system32\MSIMG32.dll
0x73fd0000 - 0x7400c000 	C:\Windows\system32\OLEACC.dll
0x74140000 - 0x74161000 	C:\Windows\system32\ntmarta.dll
0x76530000 - 0x76575000 	C:\Windows\system32\WLDAP32.dll
0x74f90000 - 0x74f99000 	C:\Windows\system32\VERSION.dll
0x76800000 - 0x7744b000 	C:\Windows\system32\SHELL32.dll
0x75b30000 - 0x75b43000 	C:\Windows\system32\dwmapi.dll
0x75a30000 - 0x75a3c000 	C:\Windows\system32\CRYPTBASE.dll
0x6ef40000 - 0x6ef63000 	D:\Program Files\SogouInput\Components\SgAppender\1.0.0.207\SgAppender_Dll.dll
0x61cb0000 - 0x61d43000 	C:\Users\Administrator\AppData\Roaming\TaobaoProtect\TaobaoProtectSE.dll
0x75cd0000 - 0x75df1000 	C:\Windows\system32\CRYPT32.dll
0x75b20000 - 0x75b2c000 	C:\Windows\system32\MSASN1.dll
0x74210000 - 0x74213000 	C:\Windows\system32\sfc.dll
0x74200000 - 0x7420d000 	C:\Windows\system32\sfc_os.DLL
0x6cf40000 - 0x6d0cc000 	D:\Program Files\SogouInput\Components\PicFace\1.0.0.1403\PicFace.dll
0x75ab0000 - 0x75abb000 	C:\Windows\system32\profapi.dll
0x5d0d0000 - 0x5d293000 	C:\Windows\system32\d3d9.dll
0x697d0000 - 0x697d6000 	C:\Windows\system32\d3d8thk.dll
0x505a0000 - 0x5144e000 	C:\Windows\system32\nvd3dum.dll
0x75ca0000 - 0x75cc5000 	C:\Windows\system32\powrprof.dll
0x76660000 - 0x767fd000 	C:\Windows\system32\SETUPAPI.dll
0x75b70000 - 0x75b97000 	C:\Windows\system32\CFGMGR32.dll
0x75b50000 - 0x75b62000 	C:\Windows\system32\DEVOBJ.dll
0x69660000 - 0x6968a000 	D:\JavaJDK\jre\bin\fontmanager.dll
0x71b70000 - 0x71b84000 	D:\JavaJDK\jre\bin\net.dll
0x754e0000 - 0x7551c000 	C:\Windows\system32\mswsock.dll
0x754d0000 - 0x754d6000 	C:\Windows\System32\wship6.dll
0x74a10000 - 0x74a1e000 	D:\JavaJDK\jre\bin\nio.dll
0x4a400000 - 0x4a429000 	D:\JavaJDK\jre\bin\Jpcap.dll
0x4b1e0000 - 0x4b22c000 	C:\Windows\system32\wpcap.dll
0x4a520000 - 0x4a538000 	C:\Windows\system32\packet.dll
0x72c00000 - 0x72c1c000 	C:\Windows\system32\iphlpapi.dll
0x72be0000 - 0x72be7000 	C:\Windows\system32\WINNSI.DLL
0x71220000 - 0x7122d000 	C:\Windows\system32\dhcpcsvc6.DLL
0x71230000 - 0x71242000 	C:\Windows\system32\dhcpcsvc.DLL
0x697e0000 - 0x69811000 	D:\JavaJDK\jre\bin\t2k.dll
0x760b0000 - 0x76133000 	C:\Windows\system32\CLBCatQ.DLL
0x743e0000 - 0x744db000 	C:\Windows\system32\WindowsCodecs.dll
0x6efd0000 - 0x6f004000 	D:\Program Files\360\360safe\safemon\360UDiskGuard.dll
0x6b900000 - 0x6b931000 	C:\Windows\system32\EhStorShell.dll
0x748e0000 - 0x749d5000 	C:\Windows\system32\PROPSYS.dll
0x6b890000 - 0x6b8fa000 	C:\Windows\System32\cscui.dll
0x6b880000 - 0x6b889000 	C:\Windows\System32\CSCDLL.dll
0x6fe40000 - 0x6fe4b000 	C:\Windows\system32\CSCAPI.dll
0x6b810000 - 0x6b880000 	C:\Windows\system32\ntshrui.dll
0x75710000 - 0x75729000 	C:\Windows\system32\srvcli.dll
0x74010000 - 0x7401a000 	C:\Windows\system32\slc.dll
0x4e460000 - 0x4e53d000 	D:\Program Files\SogouInput\7.9.0.7582\Resource.dll
0x63d80000 - 0x63da4000 	D:\JavaJDK\jre\bin\dcpr.dll
0x6b940000 - 0x6ba2b000 	C:\Windows\system32\dbghelp.dll

VM Arguments:
jvm_args: -Xms1024m -Xmx1024m -Dfile.encoding=GBK 
java_command: zhuabao0527.ZhuaBaoUI
Launcher Type: SUN_STANDARD

Environment Variables:
JAVA_HOME=D:\JavaJDK
CLASSPATH=.;D:\JavaJDK\lib;D:\JavaJDK\lib\tools.jar
PATH=D:/JavaJDK/bin/../jre/bin/client;D:/JavaJDK/bin/../jre/bin;D:/JavaJDK/bin/../jre/lib/i386;c:\windows\system32;D:\eclipse\sdk\tools;D:\JavaJDK\bin;C:\RailsInstaller1205\Ruby2.1.0\bin;;D:\eclipse;
USERNAME=Administrator
OS=Windows_NT
PROCESSOR_IDENTIFIER=x86 Family 6 Model 37 Stepping 2, GenuineIntel



---------------  S Y S T E M  ---------------

OS: Windows 7 Build 7601 Service Pack 1

CPU:total 4 (2 cores per cpu, 2 threads per core) family 6 model 37 stepping 2, cmov, cx8, fxsr, mmx, sse, sse2, sse3, ssse3, sse4.1, sse4.2, popcnt, ht, tsc, tscinvbit

Memory: 4k page, physical 3070824k(897724k free), swap 6139924k(1980928k free)

vm_info: Java HotSpot(TM) Client VM (23.7-b01) for windows-x86 JRE (1.7.0_13-b20), built on Jan 30 2013 10:03:58 by "java_re" with unknown MS VC++:1600

time: Thu Jun 02 22:36:41 2016
elapsed time: 111 seconds

