#
# A fatal error has been detected by the Java Runtime Environment:
#
#  EXCEPTION_ACCESS_VIOLATION (0xc0000005) at pc=0x684263ea, pid=14716, tid=14772
#
# JRE version: 7.0_13-b20
# Java VM: Java HotSpot(TM) Client VM (23.7-b01 mixed mode windows-x86 )
# Problematic frame:
# V  [jvm.dll+0xa63ea]
#
# Failed to write core dump. Minidumps are not enabled by default on client versions of Windows
#
# If you would like to submit a bug report, please visit:
#   http://bugreport.sun.com/bugreport/crash.jsp
#

---------------  T H R E A D  ---------------

Current thread (0x4a051400):  JavaThread "SwingWorker-pool-1-thread-10" daemon [_thread_in_vm, id=14772, stack(0x51bd0000,0x51c20000)]

siginfo: ExceptionCode=0xc0000005, reading address 0x00000000

Registers:
EAX=0x00000000, EBX=0x4a051528, ECX=0x00000000, EDX=0x44254fa0
ESP=0x51c1edb0, EBP=0x51c1edc8, ESI=0x44254690, EDI=0x4a051400
EIP=0x684263ea, EFLAGS=0x00010246

Top of Stack: (sp=0x51c1edb0)
0x51c1edb0:   4a051528 00000000 4a051400 00000000
0x51c1edc0:   00000000 00000000 51c1f650 4a491bcb
0x51c1edd0:   4a051528 00000000 00000000 4a051400
0x51c1ede0:   44254690 51c1f638 44254698 00000000
0x51c1edf0:   00000000 00000000 00000000 00000000
0x51c1ee00:   00000000 00000000 00000000 00000000
0x51c1ee10:   00000000 00000000 00000000 00000000
0x51c1ee20:   00000000 00000000 00000000 00000000 

Instructions: (pc=0x684263ea)
0x684263ca:   ff 83 c4 08 83 7f 04 00 89 7d f0 c7 45 f4 00 00
0x684263da:   00 00 74 08 8d 4d f0 e8 da 6c 0c 00 8b 45 0c 53
0x684263ea:   8b 18 56 53 e8 5d a7 f7 ff 8d 70 01 56 e8 04 a6
0x684263fa:   08 00 83 c4 08 89 45 08 85 c0 75 19 68 38 ca 60 


Register to memory mapping:

EAX=0x00000000 is an unknown value
EBX=0x4a051528 is an unknown value
ECX=0x00000000 is an unknown value
EDX=0x44254fa0 is an oop
{constant pool cache} 
 - klass: {other class}
ESP=0x51c1edb0 is pointing into the stack for thread: 0x4a051400
EBP=0x51c1edc8 is pointing into the stack for thread: 0x4a051400
ESI=0x44254690 is an oop
{constMethod} 
 - klass: {other class}
 - method:       0x44254698 {method} 'setFilter' '(Ljava/lang/String;Z)V' in 'jpcap/JpcapCaptor'
 - exceptions:   0x43cf1128
EDI=0x4a051400 is a thread


Stack: [0x51bd0000,0x51c20000],  sp=0x51c1edb0,  free space=315k
Native frames: (J=compiled Java code, j=interpreted, Vv=VM code, C=native code)
V  [jvm.dll+0xa63ea]
C  [Jpcap.dll+0x1bcb]  Java_jpcap_JpcapCaptor_setFilter+0x3b

Java frames: (J=compiled Java code, j=interpreted, Vv=VM code)
j  jpcap.JpcapCaptor.setFilter(Ljava/lang/String;Z)V+0
j  zhuabao0527.TableFrame$7.doInBackground()Ljava/lang/Void;+89
j  zhuabao0527.TableFrame$7.doInBackground()Ljava/lang/Object;+1
j  javax.swing.SwingWorker$1.call()Ljava/lang/Object;+14
j  java.util.concurrent.FutureTask$Sync.innerRun()V+29
j  java.util.concurrent.FutureTask.run()V+4
j  javax.swing.SwingWorker.run()V+4
j  java.util.concurrent.ThreadPoolExecutor.runWorker(Ljava/util/concurrent/ThreadPoolExecutor$Worker;)V+95
j  java.util.concurrent.ThreadPoolExecutor$Worker.run()V+5
j  java.lang.Thread.run()V+11
v  ~StubRoutines::call_stub

---------------  P R O C E S S  ---------------

Java Threads: ( => current thread )
=>0x4a051400 JavaThread "SwingWorker-pool-1-thread-10" daemon [_thread_in_vm, id=14772, stack(0x51bd0000,0x51c20000)]
  0x4a050c00 JavaThread "SwingWorker-pool-1-thread-9" daemon [_thread_blocked, id=15268, stack(0x4e0c0000,0x4e110000)]
  0x4a050800 JavaThread "SwingWorker-pool-1-thread-8" daemon [_thread_blocked, id=14284, stack(0x4ddd0000,0x4de20000)]
  0x4a050000 JavaThread "SwingWorker-pool-1-thread-7" daemon [_thread_blocked, id=14748, stack(0x4df60000,0x4dfb0000)]
  0x4a04fc00 JavaThread "SwingWorker-pool-1-thread-6" daemon [_thread_blocked, id=14704, stack(0x501e0000,0x50230000)]
  0x4a04f400 JavaThread "SwingWorker-pool-1-thread-5" daemon [_thread_blocked, id=13972, stack(0x4b410000,0x4b460000)]
  0x4a04f000 JavaThread "SwingWorker-pool-1-thread-4" daemon [_thread_blocked, id=14016, stack(0x4e050000,0x4e0a0000)]
  0x4a04e800 JavaThread "SwingWorker-pool-1-thread-3" daemon [_thread_blocked, id=6292, stack(0x4df10000,0x4df60000)]
  0x4a04e000 JavaThread "SwingWorker-pool-1-thread-2" daemon [_thread_blocked, id=14208, stack(0x4de30000,0x4de80000)]
  0x4a04d400 JavaThread "SwingWorker-pool-1-thread-1" daemon [_thread_blocked, id=15012, stack(0x50190000,0x501e0000)]
  0x4a04d000 JavaThread "D3D Screen Updater" daemon [_thread_blocked, id=14524, stack(0x500e0000,0x50130000)]
  0x4a04c800 JavaThread "TimerQueue" daemon [_thread_blocked, id=12496, stack(0x4b480000,0x4b4d0000)]
  0x4a04c400 JavaThread "DestroyJavaVM" [_thread_blocked, id=14920, stack(0x01ba0000,0x01bf0000)]
  0x4a04bc00 JavaThread "AWT-EventQueue-0" [_thread_blocked, id=14700, stack(0x4ac60000,0x4acb0000)]
  0x4a04b800 JavaThread "AWT-Windows" daemon [_thread_in_native, id=3836, stack(0x4a530000,0x4a580000)]
  0x4a04b000 JavaThread "AWT-Shutdown" [_thread_blocked, id=15496, stack(0x4a4e0000,0x4a530000)]
  0x4a04a800 JavaThread "Java2D Disposer" daemon [_thread_blocked, id=4704, stack(0x004b0000,0x00500000)]
  0x49f16400 JavaThread "Service Thread" daemon [_thread_blocked, id=15176, stack(0x4a080000,0x4a0d0000)]
  0x49f11800 JavaThread "C1 CompilerThread0" daemon [_thread_blocked, id=13036, stack(0x4a430000,0x4a480000)]
  0x49f0e000 JavaThread "Attach Listener" daemon [_thread_blocked, id=14904, stack(0x4a210000,0x4a260000)]
  0x49f0b000 JavaThread "Signal Dispatcher" daemon [_thread_blocked, id=5380, stack(0x4a360000,0x4a3b0000)]
  0x49e8f000 JavaThread "Finalizer" daemon [_thread_blocked, id=5220, stack(0x4a280000,0x4a2d0000)]
  0x49e8a000 JavaThread "Reference Handler" daemon [_thread_blocked, id=15732, stack(0x4a1b0000,0x4a200000)]

Other Threads:
  0x49e84c00 VMThread [stack: 0x4a100000,0x4a150000] [id=13548]
  0x49f30800 WatcherThread [stack: 0x01b30000,0x01b80000] [id=16368]

VM state:not at safepoint (normal execution)

VM Mutex/Monitor currently owned by a thread: None

Heap
 def new generation   total 314560K, used 58212K [0x03cf0000, 0x19240000, 0x19240000)
  eden space 279616K,  19% used [0x03cf0000, 0x071ee450, 0x14e00000)
  from space 34944K,  11% used [0x17020000, 0x173fabd8, 0x19240000)
  to   space 34944K,   0% used [0x14e00000, 0x14e00000, 0x17020000)
 tenured generation   total 699072K, used 0K [0x19240000, 0x43cf0000, 0x43cf0000)
   the space 699072K,   0% used [0x19240000, 0x19240000, 0x19240200, 0x43cf0000)
 compacting perm gen  total 12288K, used 9275K [0x43cf0000, 0x448f0000, 0x47cf0000)
   the space 12288K,  75% used [0x43cf0000, 0x445fefe8, 0x445ff000, 0x448f0000)
No shared spaces configured.

Card table byte_map: [0x49af0000,0x49d20000] byte_map_base: 0x49ad1880

Polling page: 0x00130000

Code Cache  [0x01cf0000, 0x01f80000, 0x03cf0000)
 total_blobs=1701 nmethods=1446 adapters=188 free_code_cache=30160Kb largest_free_block=30883968

Compilation events (10 events):
Event: 153.766 Thread 0x49f11800 1442             sun.font.GlyphList::setFromChars (93 bytes)
Event: 153.766 Thread 0x49f11800 nmethod 1442 0x01f70bc8 code [0x01f70ce0, 0x01f70e74]
Event: 159.995 Thread 0x49f11800 1443             sun.java2d.pipe.ValidatePipe::fill (20 bytes)
Event: 159.996 Thread 0x49f11800 nmethod 1443 0x01f70f88 code [0x01f710b0, 0x01f711f4]
Event: 160.188 Thread 0x49f11800 1444   !         sun.dc.pr.Rasterizer::getAlpha (77 bytes)
Event: 160.189 Thread 0x49f11800 nmethod 1444 0x01f71388 code [0x01f71500, 0x01f719d4]
Event: 160.212 Thread 0x49f11800 1445             sun.font.FileFontStrike::getGlyphAdvance (396 bytes)
Event: 160.215 Thread 0x49f11800 nmethod 1445 0x01f71f88 code [0x01f72230, 0x01f73170]
Event: 162.809 Thread 0x49f11800 1446   !         zhuabao0527.TableFrame$7::doInBackground (735 bytes)
Event: 162.823 Thread 0x49f11800 nmethod 1446 0x01f74488 code [0x01f74b90, 0x01f78144]

GC Heap History (2 events):
Event: 71.173 GC heap before
{Heap before GC invocations=0 (full 0):
 def new generation   total 314560K, used 279616K [0x03cf0000, 0x19240000, 0x19240000)
  eden space 279616K, 100% used [0x03cf0000, 0x14e00000, 0x14e00000)
  from space 34944K,   0% used [0x14e00000, 0x14e00000, 0x17020000)
  to   space 34944K,   0% used [0x17020000, 0x17020000, 0x19240000)
 tenured generation   total 699072K, used 0K [0x19240000, 0x43cf0000, 0x43cf0000)
   the space 699072K,   0% used [0x19240000, 0x19240000, 0x19240200, 0x43cf0000)
 compacting perm gen  total 12288K, used 9274K [0x43cf0000, 0x448f0000, 0x47cf0000)
   the space 12288K,  75% used [0x43cf0000, 0x445fe9d0, 0x445fea00, 0x448f0000)
No shared spaces configured.
Event: 71.215 GC heap after
Heap after GC invocations=1 (full 0):
 def new generation   total 314560K, used 3946K [0x03cf0000, 0x19240000, 0x19240000)
  eden space 279616K,   0% used [0x03cf0000, 0x03cf0000, 0x14e00000)
  from space 34944K,  11% used [0x17020000, 0x173fabd8, 0x19240000)
  to   space 34944K,   0% used [0x14e00000, 0x14e00000, 0x17020000)
 tenured generation   total 699072K, used 0K [0x19240000, 0x43cf0000, 0x43cf0000)
   the space 699072K,   0% used [0x19240000, 0x19240000, 0x19240200, 0x43cf0000)
 compacting perm gen  total 12288K, used 9274K [0x43cf0000, 0x448f0000, 0x47cf0000)
   the space 12288K,  75% used [0x43cf0000, 0x445fe9d0, 0x445fea00, 0x448f0000)
No shared spaces configured.
}

Deoptimization events (0 events):
No events

Internal exceptions (10 events):
Event: 96.636 Thread 0x4a04f400 Implicit null exception at 0x01e9e8bf to 0x01e9ead5
Event: 96.636 Thread 0x4a04f400 Threw 0x045371e8 at C:\jdk7u2_32P\jdk7u13_2932_new\hotspot\src\share\vm\runtime\sharedRuntime.cpp:613
Event: 97.989 Thread 0x4a04fc00 Implicit null exception at 0x01e9e8bf to 0x01e9ead5
Event: 97.989 Thread 0x4a04fc00 Threw 0x05d5b2b0 at C:\jdk7u2_32P\jdk7u13_2932_new\hotspot\src\share\vm\runtime\sharedRuntime.cpp:613
Event: 104.083 Thread 0x4a050000 Implicit null exception at 0x01e9e8bf to 0x01e9ead5
Event: 104.083 Thread 0x4a050000 Threw 0x05e441f0 at C:\jdk7u2_32P\jdk7u13_2932_new\hotspot\src\share\vm\runtime\sharedRuntime.cpp:613
Event: 107.443 Thread 0x4a050800 Implicit null exception at 0x01e9e8bf to 0x01e9ead5
Event: 107.443 Thread 0x4a050800 Threw 0x05f2d300 at C:\jdk7u2_32P\jdk7u13_2932_new\hotspot\src\share\vm\runtime\sharedRuntime.cpp:613
Event: 132.066 Thread 0x4a050c00 Implicit null exception at 0x01e9e8bf to 0x01e9ead5
Event: 132.066 Thread 0x4a050c00 Threw 0x06015ca0 at C:\jdk7u2_32P\jdk7u13_2932_new\hotspot\src\share\vm\runtime\sharedRuntime.cpp:613

Events (10 events):
Event: 96.670 Executing VM operation: RevokeBias
Event: 96.670 Executing VM operation: RevokeBias done
Event: 98.023 Executing VM operation: RevokeBias
Event: 98.023 Executing VM operation: RevokeBias done
Event: 104.117 Executing VM operation: RevokeBias
Event: 104.117 Executing VM operation: RevokeBias done
Event: 107.477 Executing VM operation: RevokeBias
Event: 107.477 Executing VM operation: RevokeBias done
Event: 132.100 Executing VM operation: RevokeBias
Event: 132.100 Executing VM operation: RevokeBias done


Dynamic libraries:
0x00360000 - 0x0038f000 	D:\JavaJDK\bin\javaw.exe
0x77d00000 - 0x77e42000 	C:\Windows\SYSTEM32\ntdll.dll
0x77940000 - 0x77a15000 	C:\Windows\system32\kernel32.dll
0x75e00000 - 0x75e4b000 	C:\Windows\system32\KERNELBASE.dll
0x77c20000 - 0x77cc1000 	C:\Windows\system32\ADVAPI32.dll
0x77a20000 - 0x77acc000 	C:\Windows\system32\msvcrt.dll
0x762b0000 - 0x762c9000 	C:\Windows\SYSTEM32\sechost.dll
0x76000000 - 0x760a2000 	C:\Windows\system32\RPCRT4.dll
0x75e90000 - 0x75f59000 	C:\Windows\system32\USER32.dll
0x777b0000 - 0x777fe000 	C:\Windows\system32\GDI32.dll
0x76510000 - 0x7651a000 	C:\Windows\system32\LPK.dll
0x75f60000 - 0x75ffd000 	C:\Windows\system32\USP10.dll
0x74a20000 - 0x74bbe000 	C:\Windows\WinSxS\x86_microsoft.windows.common-controls_6595b64144ccf1df_6.0.7601.18837_none_41e855142bd5705d\COMCTL32.dll
0x77450000 - 0x774a7000 	C:\Windows\system32\SHLWAPI.dll
0x762e0000 - 0x762ff000 	C:\Windows\system32\IMM32.DLL
0x77b50000 - 0x77c1c000 	C:\Windows\system32\MSCTF.dll
0x5b680000 - 0x5b73e000 	D:\JavaJDK\jre\bin\msvcr100.dll
0x68380000 - 0x686cd000 	D:\JavaJDK\jre\bin\client\jvm.dll
0x6ef90000 - 0x6ef97000 	C:\Windows\system32\WSOCK32.dll
0x76620000 - 0x76655000 	C:\Windows\system32\WS2_32.dll
0x762d0000 - 0x762d6000 	C:\Windows\system32\NSI.dll
0x75e50000 - 0x75e82000 	C:\Windows\system32\WINMM.dll
0x76580000 - 0x76585000 	C:\Windows\system32\PSAPI.DLL
0x71bd0000 - 0x71bdc000 	D:\JavaJDK\jre\bin\verify.dll
0x71bb0000 - 0x71bd0000 	D:\JavaJDK\jre\bin\java.dll
0x71b90000 - 0x71ba3000 	D:\JavaJDK\jre\bin\zip.dll
0x56cf0000 - 0x56e32000 	D:\JavaJDK\jre\bin\awt.dll
0x76590000 - 0x7661f000 	C:\Windows\system32\OLEAUT32.dll
0x774b0000 - 0x7760c000 	C:\Windows\system32\ole32.dll
0x747d0000 - 0x74810000 	C:\Windows\system32\uxtheme.dll
0x759b0000 - 0x759fc000 	C:\Windows\system32\apphelp.dll
0x4a750000 - 0x4ac47000 	C:\Windows\system32\SOGOUPY.IME
0x73ed0000 - 0x73ed5000 	C:\Windows\system32\MSIMG32.dll
0x73fd0000 - 0x7400c000 	C:\Windows\system32\OLEACC.dll
0x74140000 - 0x74161000 	C:\Windows\system32\ntmarta.dll
0x76530000 - 0x76575000 	C:\Windows\system32\WLDAP32.dll
0x74f90000 - 0x74f99000 	C:\Windows\system32\VERSION.dll
0x76800000 - 0x7744b000 	C:\Windows\system32\SHELL32.dll
0x75b30000 - 0x75b43000 	C:\Windows\system32\dwmapi.dll
0x75a30000 - 0x75a3c000 	C:\Windows\system32\CRYPTBASE.dll
0x6ef40000 - 0x6ef63000 	D:\Program Files\SogouInput\Components\SgAppender\1.0.0.207\SgAppender_Dll.dll
0x61cb0000 - 0x61d43000 	C:\Users\Administrator\AppData\Roaming\TaobaoProtect\TaobaoProtectSE.dll
0x75cd0000 - 0x75df1000 	C:\Windows\system32\CRYPT32.dll
0x75b20000 - 0x75b2c000 	C:\Windows\system32\MSASN1.dll
0x74210000 - 0x74213000 	C:\Windows\system32\sfc.dll
0x74200000 - 0x7420d000 	C:\Windows\system32\sfc_os.DLL
0x5d0d0000 - 0x5d293000 	C:\Windows\system32\d3d9.dll
0x697d0000 - 0x697d6000 	C:\Windows\system32\d3d8thk.dll
0x6cf40000 - 0x6d0cc000 	D:\Program Files\SogouInput\Components\PicFace\1.0.0.1403\PicFace.dll
0x505a0000 - 0x5144e000 	C:\Windows\system32\nvd3dum.dll
0x75ab0000 - 0x75abb000 	C:\Windows\system32\profapi.dll
0x75ca0000 - 0x75cc5000 	C:\Windows\system32\powrprof.dll
0x76660000 - 0x767fd000 	C:\Windows\system32\SETUPAPI.dll
0x75b70000 - 0x75b97000 	C:\Windows\system32\CFGMGR32.dll
0x75b50000 - 0x75b62000 	C:\Windows\system32\DEVOBJ.dll
0x66f50000 - 0x66f7a000 	D:\JavaJDK\jre\bin\fontmanager.dll
0x71b70000 - 0x71b84000 	D:\JavaJDK\jre\bin\net.dll
0x754e0000 - 0x7551c000 	C:\Windows\system32\mswsock.dll
0x754d0000 - 0x754d6000 	C:\Windows\System32\wship6.dll
0x74a10000 - 0x74a1e000 	D:\JavaJDK\jre\bin\nio.dll
0x4a490000 - 0x4a4b9000 	D:\JavaJDK\jre\bin\Jpcap.dll
0x4a660000 - 0x4a6ac000 	C:\Windows\system32\wpcap.dll
0x4a6b0000 - 0x4a6c8000 	C:\Windows\system32\packet.dll
0x72c00000 - 0x72c1c000 	C:\Windows\system32\iphlpapi.dll
0x72be0000 - 0x72be7000 	C:\Windows\system32\WINNSI.DLL
0x71220000 - 0x7122d000 	C:\Windows\system32\dhcpcsvc6.DLL
0x71230000 - 0x71242000 	C:\Windows\system32\dhcpcsvc.DLL
0x666d0000 - 0x66701000 	D:\JavaJDK\jre\bin\t2k.dll
0x760b0000 - 0x76133000 	C:\Windows\system32\CLBCatQ.DLL
0x743e0000 - 0x744db000 	C:\Windows\system32\WindowsCodecs.dll
0x6efd0000 - 0x6f004000 	D:\Program Files\360\360safe\safemon\360UDiskGuard.dll
0x6b900000 - 0x6b931000 	C:\Windows\system32\EhStorShell.dll
0x748e0000 - 0x749d5000 	C:\Windows\system32\PROPSYS.dll
0x6b890000 - 0x6b8fa000 	C:\Windows\System32\cscui.dll
0x6b880000 - 0x6b889000 	C:\Windows\System32\CSCDLL.dll
0x6fe40000 - 0x6fe4b000 	C:\Windows\system32\CSCAPI.dll
0x6b810000 - 0x6b880000 	C:\Windows\system32\ntshrui.dll
0x75710000 - 0x75729000 	C:\Windows\system32\srvcli.dll
0x74010000 - 0x7401a000 	C:\Windows\system32\slc.dll
0x4f560000 - 0x4f63d000 	D:\Program Files\SogouInput\7.9.0.7582\Resource.dll
0x66320000 - 0x66344000 	D:\JavaJDK\jre\bin\dcpr.dll
0x6b940000 - 0x6ba2b000 	C:\Windows\system32\dbghelp.dll

VM Arguments:
jvm_args: -Xms1024m -Xmx1024m -Dfile.encoding=GBK 
java_command: zhuabao0527.ZhuaBaoUI
Launcher Type: SUN_STANDARD

Environment Variables:
JAVA_HOME=D:\JavaJDK
CLASSPATH=.;D:\JavaJDK\lib;D:\JavaJDK\lib\tools.jar
PATH=D:/JavaJDK/bin/../jre/bin/client;D:/JavaJDK/bin/../jre/bin;D:/JavaJDK/bin/../jre/lib/i386;c:\windows\system32;D:\eclipse\sdk\tools;D:\JavaJDK\bin;C:\RailsInstaller1205\Ruby2.1.0\bin;;D:\eclipse;
USERNAME=Administrator
OS=Windows_NT
PROCESSOR_IDENTIFIER=x86 Family 6 Model 37 Stepping 2, GenuineIntel



---------------  S Y S T E M  ---------------

OS: Windows 7 Build 7601 Service Pack 1

CPU:total 4 (2 cores per cpu, 2 threads per core) family 6 model 37 stepping 2, cmov, cx8, fxsr, mmx, sse, sse2, sse3, ssse3, sse4.1, sse4.2, popcnt, ht, tsc, tscinvbit

Memory: 4k page, physical 3070824k(1250252k free), swap 6139924k(2458400k free)

vm_info: Java HotSpot(TM) Client VM (23.7-b01) for windows-x86 JRE (1.7.0_13-b20), built on Jan 30 2013 10:03:58 by "java_re" with unknown MS VC++:1600

time: Fri Jun 03 00:27:22 2016
elapsed time: 162 seconds

