#
# A fatal error has been detected by the Java Runtime Environment:
#
#  EXCEPTION_ACCESS_VIOLATION (0xc0000005) at pc=0x684263ea, pid=5284, tid=8696
#
# JRE version: 7.0_13-b20
# Java VM: Java HotSpot(TM) Client VM (23.7-b01 mixed mode windows-x86 )
# Problematic frame:
# V  [jvm.dll+0xa63ea]
#
# Failed to write core dump. Minidumps are not enabled by default on client versions of Windows
#
# If you would like to submit a bug report, please visit:
#   http://bugreport.sun.com/bugreport/crash.jsp
#

---------------  T H R E A D  ---------------

Current thread (0x49ef6800):  JavaThread "SwingWorker-pool-1-thread-5" daemon [_thread_in_vm, id=8696, stack(0x4df30000,0x4df80000)]

siginfo: ExceptionCode=0xc0000005, reading address 0x00000000

Registers:
EAX=0x00000000, EBX=0x49ef6928, ECX=0x00000000, EDX=0x441a4f08
ESP=0x4df7ee10, EBP=0x4df7ee28, ESI=0x441a45f8, EDI=0x49ef6800
EIP=0x684263ea, EFLAGS=0x00010246

Top of Stack: (sp=0x4df7ee10)
0x4df7ee10:   49ef6928 00000000 49ef6800 00000000
0x4df7ee20:   00000000 00000000 4df7f6b0 4a521bcb
0x4df7ee30:   49ef6928 00000000 00000000 49ef6800
0x4df7ee40:   441a45f8 4df7f698 441a4600 00000000
0x4df7ee50:   00000000 00000000 00000000 00000000
0x4df7ee60:   00000000 00000000 00000000 00000000
0x4df7ee70:   00000000 00000000 00000000 00000000
0x4df7ee80:   00000000 00000000 00000000 00000000 

Instructions: (pc=0x684263ea)
0x684263ca:   ff 83 c4 08 83 7f 04 00 89 7d f0 c7 45 f4 00 00
0x684263da:   00 00 74 08 8d 4d f0 e8 da 6c 0c 00 8b 45 0c 53
0x684263ea:   8b 18 56 53 e8 5d a7 f7 ff 8d 70 01 56 e8 04 a6
0x684263fa:   08 00 83 c4 08 89 45 08 85 c0 75 19 68 38 ca 60 


Register to memory mapping:

EAX=0x00000000 is an unknown value
EBX=0x49ef6928 is an unknown value
ECX=0x00000000 is an unknown value
EDX=0x441a4f08 is an oop
{constant pool cache} 
 - klass: {other class}
ESP=0x4df7ee10 is pointing into the stack for thread: 0x49ef6800
EBP=0x4df7ee28 is pointing into the stack for thread: 0x49ef6800
ESI=0x441a45f8 is an oop
{constMethod} 
 - klass: {other class}
 - method:       0x441a4600 {method} 'setFilter' '(Ljava/lang/String;Z)V' in 'jpcap/JpcapCaptor'
 - exceptions:   0x43c41128
EDI=0x49ef6800 is a thread


Stack: [0x4df30000,0x4df80000],  sp=0x4df7ee10,  free space=315k
Native frames: (J=compiled Java code, j=interpreted, Vv=VM code, C=native code)
V  [jvm.dll+0xa63ea]
C  [Jpcap.dll+0x1bcb]  Java_jpcap_JpcapCaptor_setFilter+0x3b

Java frames: (J=compiled Java code, j=interpreted, Vv=VM code)
j  jpcap.JpcapCaptor.setFilter(Ljava/lang/String;Z)V+0
j  zhuabao0527.TableFrame$7.doInBackground()Ljava/lang/Void;+89
j  zhuabao0527.TableFrame$7.doInBackground()Ljava/lang/Object;+1
j  javax.swing.SwingWorker$1.call()Ljava/lang/Object;+14
j  java.util.concurrent.FutureTask$Sync.innerRun()V+29
j  java.util.concurrent.FutureTask.run()V+4
j  javax.swing.SwingWorker.run()V+4
j  java.util.concurrent.ThreadPoolExecutor.runWorker(Ljava/util/concurrent/ThreadPoolExecutor$Worker;)V+95
j  java.util.concurrent.ThreadPoolExecutor$Worker.run()V+5
j  java.lang.Thread.run()V+11
v  ~StubRoutines::call_stub

---------------  P R O C E S S  ---------------

Java Threads: ( => current thread )
=>0x49ef6800 JavaThread "SwingWorker-pool-1-thread-5" daemon [_thread_in_vm, id=8696, stack(0x4df30000,0x4df80000)]
  0x4daef400 JavaThread "SwingWorker-pool-1-thread-4" daemon [_thread_blocked, id=5776, stack(0x51750000,0x517a0000)]
  0x49e8f000 JavaThread "SwingWorker-pool-1-thread-3" daemon [_thread_blocked, id=14396, stack(0x515f0000,0x51640000)]
  0x49e8c400 JavaThread "SwingWorker-pool-1-thread-2" daemon [_thread_blocked, id=3464, stack(0x50070000,0x500c0000)]
  0x49e94400 JavaThread "SwingWorker-pool-1-thread-1" daemon [_thread_blocked, id=4704, stack(0x50cc0000,0x50d10000)]
  0x4dbe8c00 JavaThread "D3D Screen Updater" daemon [_thread_blocked, id=13120, stack(0x4fed0000,0x4ff20000)]
  0x4dbc7800 JavaThread "TimerQueue" daemon [_thread_blocked, id=3844, stack(0x4e420000,0x4e470000)]
  0x01a3a800 JavaThread "DestroyJavaVM" [_thread_blocked, id=2068, stack(0x01af0000,0x01b40000)]
  0x49fafc00 JavaThread "AWT-EventQueue-0" [_thread_blocked, id=3528, stack(0x4b470000,0x4b4c0000)]
  0x49faf400 JavaThread "AWT-Windows" daemon [_thread_in_native, id=5596, stack(0x4a310000,0x4a360000)]
  0x49faf000 JavaThread "AWT-Shutdown" [_thread_blocked, id=5896, stack(0x4a460000,0x4a4b0000)]
  0x49fac800 JavaThread "Java2D Disposer" daemon [_thread_blocked, id=3112, stack(0x4a0e0000,0x4a130000)]
  0x49e7f400 JavaThread "Service Thread" daemon [_thread_blocked, id=3992, stack(0x4a380000,0x4a3d0000)]
  0x49e69000 JavaThread "C1 CompilerThread0" daemon [_thread_blocked, id=5764, stack(0x4a2b0000,0x4a300000)]
  0x49e5e000 JavaThread "Attach Listener" daemon [_thread_blocked, id=4568, stack(0x4a160000,0x4a1b0000)]
  0x49e5ac00 JavaThread "Signal Dispatcher" daemon [_thread_blocked, id=1228, stack(0x4a040000,0x4a090000)]
  0x49de1400 JavaThread "Finalizer" daemon [_thread_blocked, id=2012, stack(0x4a090000,0x4a0e0000)]
  0x49dda000 JavaThread "Reference Handler" daemon [_thread_blocked, id=5440, stack(0x019e0000,0x01a30000)]

Other Threads:
  0x49dd4c00 VMThread [stack: 0x01a90000,0x01ae0000] [id=15592]
  0x49e83000 WatcherThread [stack: 0x4a200000,0x4a250000] [id=5088]

VM state:not at safepoint (normal execution)

VM Mutex/Monitor currently owned by a thread: None

Heap
 def new generation   total 314560K, used 78293K [0x03c40000, 0x19190000, 0x19190000)
  eden space 279616K,  28% used [0x03c40000, 0x088b55f8, 0x14d50000)
  from space 34944K,   0% used [0x14d50000, 0x14d50000, 0x16f70000)
  to   space 34944K,   0% used [0x16f70000, 0x16f70000, 0x19190000)
 tenured generation   total 699072K, used 0K [0x19190000, 0x43c40000, 0x43c40000)
   the space 699072K,   0% used [0x19190000, 0x19190000, 0x19190200, 0x43c40000)
 compacting perm gen  total 12288K, used 9273K [0x43c40000, 0x44840000, 0x47c40000)
   the space 12288K,  75% used [0x43c40000, 0x4454e560, 0x4454e600, 0x44840000)
No shared spaces configured.

Card table byte_map: [0x49a40000,0x49c70000] byte_map_base: 0x49a21e00

Polling page: 0x00270000

Code Cache  [0x01c40000, 0x01df8000, 0x03c40000)
 total_blobs=1110 nmethods=857 adapters=186 free_code_cache=31014Kb largest_free_block=31758784

Compilation events (10 events):
Event: 45.363 Thread 0x49e69000  853             java.util.concurrent.locks.AbstractQueuedSynchronizer::enq (58 bytes)
Event: 45.363 Thread 0x49e69000 nmethod 853 0x01df5608 code [0x01df5710, 0x01df58b0]
Event: 45.402 Thread 0x49e69000  854   !         java.util.Collections$SynchronizedMap::get (25 bytes)
Event: 45.403 Thread 0x49e69000 nmethod 854 0x01df5988 code [0x01df5a90, 0x01df5cac]
Event: 45.539 Thread 0x49e69000  855             java.util.concurrent.locks.AbstractQueuedSynchronizer::transferForSignal (45 bytes)
Event: 45.539 Thread 0x49e69000 nmethod 855 0x01df5d88 code [0x01df5ea0, 0x01df5fd8]
Event: 45.988 Thread 0x49e69000  856             javax.swing.SwingUtilities::getWindowAncestor (31 bytes)
Event: 45.988 Thread 0x49e69000 nmethod 856 0x01df60c8 code [0x01df61e0, 0x01df62f8]
Event: 46.211 Thread 0x49e69000  857             javax.swing.SwingUtilities::computeIntersection (189 bytes)
Event: 46.211 Thread 0x49e69000 nmethod 857 0x01df63c8 code [0x01df64c0, 0x01df65d0]

GC Heap History (0 events):
No events

Deoptimization events (0 events):
No events

Internal exceptions (10 events):
Event: 0.761 Thread 0x49fafc00 Threw 0x0553b1c0 at C:\jdk7u2_32P\jdk7u13_2932_new\hotspot\src\share\vm\prims\jvm.cpp:1166
Event: 4.101 Thread 0x49fafc00 Threw 0x056427d0 at C:\jdk7u2_32P\jdk7u13_2932_new\hotspot\src\share\vm\prims\jvm.cpp:1166
Event: 4.138 Thread 0x49fafc00 Threw 0x05673030 at C:\jdk7u2_32P\jdk7u13_2932_new\hotspot\src\share\vm\prims\jvm.cpp:1166
Event: 4.139 Thread 0x49fafc00 Threw 0x056744e0 at C:\jdk7u2_32P\jdk7u13_2932_new\hotspot\src\share\vm\prims\jvm.cpp:1166
Event: 4.140 Thread 0x49fafc00 Threw 0x056758d8 at C:\jdk7u2_32P\jdk7u13_2932_new\hotspot\src\share\vm\prims\jvm.cpp:1166
Event: 4.140 Thread 0x49fafc00 Threw 0x05676c98 at C:\jdk7u2_32P\jdk7u13_2932_new\hotspot\src\share\vm\prims\jvm.cpp:1166
Event: 4.153 Thread 0x49fafc00 Threw 0x056924b0 at C:\jdk7u2_32P\jdk7u13_2932_new\hotspot\src\share\vm\prims\jvm.cpp:1166
Event: 4.161 Thread 0x49fafc00 Threw 0x056a6368 at C:\jdk7u2_32P\jdk7u13_2932_new\hotspot\src\share\vm\prims\jvm.cpp:1166
Event: 5.764 Thread 0x49fafc00 Threw 0x057768b8 at C:\jdk7u2_32P\jdk7u13_2932_new\hotspot\src\share\vm\prims\jvm.cpp:1166
Event: 14.836 Thread 0x49fafc00 Threw 0x06b77f78 at C:\jdk7u2_32P\jdk7u13_2932_new\hotspot\src\share\vm\prims\jvm.cpp:1166

Events (10 events):
Event: 16.864 Executing VM operation: RevokeBias
Event: 16.864 Executing VM operation: RevokeBias done
Event: 16.864 Executing VM operation: RevokeBias
Event: 16.864 Executing VM operation: RevokeBias done
Event: 16.865 Executing VM operation: BulkRevokeBias
Event: 16.865 Executing VM operation: BulkRevokeBias done
Event: 17.860 Thread 0x4daef400 Thread added: 0x4daef400
Event: 17.894 Executing VM operation: RevokeBias
Event: 17.894 Executing VM operation: RevokeBias done
Event: 46.291 Thread 0x49ef6800 Thread added: 0x49ef6800


Dynamic libraries:
0x013d0000 - 0x013ff000 	D:\JavaJDK\bin\javaw.exe
0x77d00000 - 0x77e42000 	C:\Windows\SYSTEM32\ntdll.dll
0x77940000 - 0x77a15000 	C:\Windows\system32\kernel32.dll
0x75e00000 - 0x75e4b000 	C:\Windows\system32\KERNELBASE.dll
0x77c20000 - 0x77cc1000 	C:\Windows\system32\ADVAPI32.dll
0x77a20000 - 0x77acc000 	C:\Windows\system32\msvcrt.dll
0x762b0000 - 0x762c9000 	C:\Windows\SYSTEM32\sechost.dll
0x76000000 - 0x760a2000 	C:\Windows\system32\RPCRT4.dll
0x75e90000 - 0x75f59000 	C:\Windows\system32\USER32.dll
0x777b0000 - 0x777fe000 	C:\Windows\system32\GDI32.dll
0x76510000 - 0x7651a000 	C:\Windows\system32\LPK.dll
0x75f60000 - 0x75ffd000 	C:\Windows\system32\USP10.dll
0x74a20000 - 0x74bbe000 	C:\Windows\WinSxS\x86_microsoft.windows.common-controls_6595b64144ccf1df_6.0.7601.18837_none_41e855142bd5705d\COMCTL32.dll
0x77450000 - 0x774a7000 	C:\Windows\system32\SHLWAPI.dll
0x762e0000 - 0x762ff000 	C:\Windows\system32\IMM32.DLL
0x77b50000 - 0x77c1c000 	C:\Windows\system32\MSCTF.dll
0x67f50000 - 0x6800e000 	D:\JavaJDK\jre\bin\msvcr100.dll
0x68380000 - 0x686cd000 	D:\JavaJDK\jre\bin\client\jvm.dll
0x6ef90000 - 0x6ef97000 	C:\Windows\system32\WSOCK32.dll
0x76620000 - 0x76655000 	C:\Windows\system32\WS2_32.dll
0x762d0000 - 0x762d6000 	C:\Windows\system32\NSI.dll
0x75e50000 - 0x75e82000 	C:\Windows\system32\WINMM.dll
0x76580000 - 0x76585000 	C:\Windows\system32\PSAPI.DLL
0x71bd0000 - 0x71bdc000 	D:\JavaJDK\jre\bin\verify.dll
0x71bb0000 - 0x71bd0000 	D:\JavaJDK\jre\bin\java.dll
0x71b90000 - 0x71ba3000 	D:\JavaJDK\jre\bin\zip.dll
0x69900000 - 0x69a42000 	D:\JavaJDK\jre\bin\awt.dll
0x76590000 - 0x7661f000 	C:\Windows\system32\OLEAUT32.dll
0x774b0000 - 0x7760c000 	C:\Windows\system32\ole32.dll
0x747d0000 - 0x74810000 	C:\Windows\system32\uxtheme.dll
0x759b0000 - 0x759fc000 	C:\Windows\system32\apphelp.dll
0x4a690000 - 0x4ab87000 	C:\Windows\system32\SOGOUPY.IME
0x73ed0000 - 0x73ed5000 	C:\Windows\system32\MSIMG32.dll
0x73fd0000 - 0x7400c000 	C:\Windows\system32\OLEACC.dll
0x74140000 - 0x74161000 	C:\Windows\system32\ntmarta.dll
0x76530000 - 0x76575000 	C:\Windows\system32\WLDAP32.dll
0x74f90000 - 0x74f99000 	C:\Windows\system32\VERSION.dll
0x76800000 - 0x7744b000 	C:\Windows\system32\SHELL32.dll
0x6ef40000 - 0x6ef63000 	D:\Program Files\SogouInput\Components\SgAppender\1.0.0.207\SgAppender_Dll.dll
0x75b30000 - 0x75b43000 	C:\Windows\system32\dwmapi.dll
0x75a30000 - 0x75a3c000 	C:\Windows\system32\CRYPTBASE.dll
0x6cf40000 - 0x6d0cc000 	D:\Program Files\SogouInput\Components\PicFace\1.0.0.1403\PicFace.dll
0x75ab0000 - 0x75abb000 	C:\Windows\system32\profapi.dll
0x61cb0000 - 0x61d43000 	C:\Users\Administrator\AppData\Roaming\TaobaoProtect\TaobaoProtectSE.dll
0x75cd0000 - 0x75df1000 	C:\Windows\system32\CRYPT32.dll
0x75b20000 - 0x75b2c000 	C:\Windows\system32\MSASN1.dll
0x74210000 - 0x74213000 	C:\Windows\system32\sfc.dll
0x74200000 - 0x7420d000 	C:\Windows\system32\sfc_os.DLL
0x680d0000 - 0x68293000 	C:\Windows\system32\d3d9.dll
0x71b20000 - 0x71b26000 	C:\Windows\system32\d3d8thk.dll
0x5a6b0000 - 0x5b55e000 	C:\Windows\system32\nvd3dum.dll
0x75ca0000 - 0x75cc5000 	C:\Windows\system32\powrprof.dll
0x76660000 - 0x767fd000 	C:\Windows\system32\SETUPAPI.dll
0x75b70000 - 0x75b97000 	C:\Windows\system32\CFGMGR32.dll
0x75b50000 - 0x75b62000 	C:\Windows\system32\DEVOBJ.dll
0x698d0000 - 0x698fa000 	D:\JavaJDK\jre\bin\fontmanager.dll
0x71b70000 - 0x71b84000 	D:\JavaJDK\jre\bin\net.dll
0x754e0000 - 0x7551c000 	C:\Windows\system32\mswsock.dll
0x754d0000 - 0x754d6000 	C:\Windows\System32\wship6.dll
0x74a10000 - 0x74a1e000 	D:\JavaJDK\jre\bin\nio.dll
0x4a520000 - 0x4a549000 	D:\JavaJDK\jre\bin\Jpcap.dll
0x4b380000 - 0x4b3cc000 	C:\Windows\system32\wpcap.dll
0x4ace0000 - 0x4acf8000 	C:\Windows\system32\packet.dll
0x72c00000 - 0x72c1c000 	C:\Windows\system32\iphlpapi.dll
0x72be0000 - 0x72be7000 	C:\Windows\system32\WINNSI.DLL
0x71220000 - 0x7122d000 	C:\Windows\system32\dhcpcsvc6.DLL
0x71230000 - 0x71242000 	C:\Windows\system32\dhcpcsvc.DLL
0x69890000 - 0x698c1000 	D:\JavaJDK\jre\bin\t2k.dll
0x760b0000 - 0x76133000 	C:\Windows\system32\CLBCatQ.DLL
0x743e0000 - 0x744db000 	C:\Windows\system32\WindowsCodecs.dll
0x6efd0000 - 0x6f004000 	D:\Program Files\360\360safe\safemon\360UDiskGuard.dll
0x6b900000 - 0x6b931000 	C:\Windows\system32\EhStorShell.dll
0x748e0000 - 0x749d5000 	C:\Windows\system32\PROPSYS.dll
0x6b890000 - 0x6b8fa000 	C:\Windows\System32\cscui.dll
0x6b880000 - 0x6b889000 	C:\Windows\System32\CSCDLL.dll
0x6fe40000 - 0x6fe4b000 	C:\Windows\system32\CSCAPI.dll
0x6b810000 - 0x6b880000 	C:\Windows\system32\ntshrui.dll
0x75710000 - 0x75729000 	C:\Windows\system32\srvcli.dll
0x74010000 - 0x7401a000 	C:\Windows\system32\slc.dll
0x4e890000 - 0x4e96d000 	D:\Program Files\SogouInput\7.9.0.7582\Resource.dll
0x691b0000 - 0x691d4000 	D:\JavaJDK\jre\bin\dcpr.dll
0x6b940000 - 0x6ba2b000 	C:\Windows\system32\dbghelp.dll

VM Arguments:
jvm_args: -Xms1024m -Xmx1024m -Dfile.encoding=GBK 
java_command: zhuabao0527.ZhuaBaoUI
Launcher Type: SUN_STANDARD

Environment Variables:
JAVA_HOME=D:\JavaJDK
CLASSPATH=.;D:\JavaJDK\lib;D:\JavaJDK\lib\tools.jar
PATH=D:/JavaJDK/bin/../jre/bin/client;D:/JavaJDK/bin/../jre/bin;D:/JavaJDK/bin/../jre/lib/i386;c:\windows\system32;D:\eclipse\sdk\tools;D:\JavaJDK\bin;C:\RailsInstaller1205\Ruby2.1.0\bin;;D:\eclipse;
USERNAME=Administrator
OS=Windows_NT
PROCESSOR_IDENTIFIER=x86 Family 6 Model 37 Stepping 2, GenuineIntel



---------------  S Y S T E M  ---------------

OS: Windows 7 Build 7601 Service Pack 1

CPU:total 4 (2 cores per cpu, 2 threads per core) family 6 model 37 stepping 2, cmov, cx8, fxsr, mmx, sse, sse2, sse3, ssse3, sse4.1, sse4.2, popcnt, ht, tsc, tscinvbit

Memory: 4k page, physical 3070824k(1448748k free), swap 6139924k(2654732k free)

vm_info: Java HotSpot(TM) Client VM (23.7-b01) for windows-x86 JRE (1.7.0_13-b20), built on Jan 30 2013 10:03:58 by "java_re" with unknown MS VC++:1600

time: Fri Jun 03 01:44:41 2016
elapsed time: 46 seconds

