#
# A fatal error has been detected by the Java Runtime Environment:
#
#  EXCEPTION_ACCESS_VIOLATION (0xc0000005) at pc=0x59b263ea, pid=3496, tid=5460
#
# JRE version: 7.0_13-b20
# Java VM: Java HotSpot(TM) Client VM (23.7-b01 mixed mode windows-x86 )
# Problematic frame:
# V  [jvm.dll+0xa63ea]
#
# Failed to write core dump. Minidumps are not enabled by default on client versions of Windows
#
# If you would like to submit a bug report, please visit:
#   http://bugreport.sun.com/bugreport/crash.jsp
#

---------------  T H R E A D  ---------------

Current thread (0x4defd000):  JavaThread "SwingWorker-pool-1-thread-10" daemon [_thread_in_vm, id=5460, stack(0x52340000,0x52390000)]

siginfo: ExceptionCode=0xc0000005, reading address 0x00000000

Registers:
EAX=0x00000000, EBX=0x4defd128, ECX=0x00000000, EDX=0x44314f08
ESP=0x5238edc0, EBP=0x5238edd8, ESI=0x443145f8, EDI=0x4defd000
EIP=0x59b263ea, EFLAGS=0x00010246

Top of Stack: (sp=0x5238edc0)
0x5238edc0:   4defd128 00000000 4defd000 00000000
0x5238edd0:   00000000 00000000 5238f660 4a5b1bcb
0x5238ede0:   4defd128 00000000 00000000 4defd000
0x5238edf0:   443145f8 5238f648 44314600 00000000
0x5238ee00:   00000000 00000000 00000000 00000000
0x5238ee10:   00000000 00000000 00000000 00000000
0x5238ee20:   00000000 00000000 00000000 00000000
0x5238ee30:   00000000 00000000 00000000 00000000 

Instructions: (pc=0x59b263ea)
0x59b263ca:   ff 83 c4 08 83 7f 04 00 89 7d f0 c7 45 f4 00 00
0x59b263da:   00 00 74 08 8d 4d f0 e8 da 6c 0c 00 8b 45 0c 53
0x59b263ea:   8b 18 56 53 e8 5d a7 f7 ff 8d 70 01 56 e8 04 a6
0x59b263fa:   08 00 83 c4 08 89 45 08 85 c0 75 19 68 38 ca d0 


Register to memory mapping:

EAX=0x00000000 is an unknown value
EBX=0x4defd128 is an unknown value
ECX=0x00000000 is an unknown value
EDX=0x44314f08 is an oop
{constant pool cache} 
 - klass: {other class}
ESP=0x5238edc0 is pointing into the stack for thread: 0x4defd000
EBP=0x5238edd8 is pointing into the stack for thread: 0x4defd000
ESI=0x443145f8 is an oop
{constMethod} 
 - klass: {other class}
 - method:       0x44314600 {method} 'setFilter' '(Ljava/lang/String;Z)V' in 'jpcap/JpcapCaptor'
 - exceptions:   0x43db1128
EDI=0x4defd000 is a thread


Stack: [0x52340000,0x52390000],  sp=0x5238edc0,  free space=315k
Native frames: (J=compiled Java code, j=interpreted, Vv=VM code, C=native code)
V  [jvm.dll+0xa63ea]
C  [Jpcap.dll+0x1bcb]  Java_jpcap_JpcapCaptor_setFilter+0x3b

Java frames: (J=compiled Java code, j=interpreted, Vv=VM code)
j  jpcap.JpcapCaptor.setFilter(Ljava/lang/String;Z)V+0
j  zhuabao0527.TableFrame$7.doInBackground()Ljava/lang/Void;+89
j  zhuabao0527.TableFrame$7.doInBackground()Ljava/lang/Object;+1
j  javax.swing.SwingWorker$1.call()Ljava/lang/Object;+14
j  java.util.concurrent.FutureTask$Sync.innerRun()V+29
j  java.util.concurrent.FutureTask.run()V+4
j  javax.swing.SwingWorker.run()V+4
j  java.util.concurrent.ThreadPoolExecutor.runWorker(Ljava/util/concurrent/ThreadPoolExecutor$Worker;)V+95
j  java.util.concurrent.ThreadPoolExecutor$Worker.run()V+5
j  java.lang.Thread.run()V+11
v  ~StubRoutines::call_stub

---------------  P R O C E S S  ---------------

Java Threads: ( => current thread )
=>0x4defd000 JavaThread "SwingWorker-pool-1-thread-10" daemon [_thread_in_vm, id=5460, stack(0x52340000,0x52390000)]
  0x4defcc00 JavaThread "SwingWorker-pool-1-thread-9" daemon [_thread_blocked, id=7424, stack(0x52080000,0x520d0000)]
  0x4defc400 JavaThread "SwingWorker-pool-1-thread-8" daemon [_thread_blocked, id=6920, stack(0x51fd0000,0x52020000)]
  0x4defbc00 JavaThread "SwingWorker-pool-1-thread-7" daemon [_thread_blocked, id=7028, stack(0x52020000,0x52070000)]
  0x4defb800 JavaThread "SwingWorker-pool-1-thread-6" daemon [_thread_blocked, id=7228, stack(0x51ee0000,0x51f30000)]
  0x4defb000 JavaThread "SwingWorker-pool-1-thread-5" daemon [_thread_blocked, id=7392, stack(0x51f70000,0x51fc0000)]
  0x4e0b0c00 JavaThread "SwingWorker-pool-1-thread-4" daemon [_thread_blocked, id=7368, stack(0x51d90000,0x51de0000)]
  0x4a0a8400 JavaThread "SwingWorker-pool-1-thread-3" daemon [_thread_blocked, id=6800, stack(0x51e30000,0x51e80000)]
  0x4def0800 JavaThread "SwingWorker-pool-1-thread-2" daemon [_thread_blocked, id=7060, stack(0x50c20000,0x50c70000)]
  0x4a056400 JavaThread "SwingWorker-pool-1-thread-1" daemon [_thread_blocked, id=2444, stack(0x50bd0000,0x50c20000)]
  0x4e008c00 JavaThread "D3D Screen Updater" daemon [_thread_blocked, id=7364, stack(0x4ffd0000,0x50020000)]
  0x4dfe7400 JavaThread "TimerQueue" daemon [_thread_blocked, id=7480, stack(0x4e570000,0x4e5c0000)]
  0x00faa400 JavaThread "DestroyJavaVM" [_thread_blocked, id=7848, stack(0x00e90000,0x00ee0000)]
  0x4a111000 JavaThread "AWT-EventQueue-0" [_thread_blocked, id=8148, stack(0x4b590000,0x4b5e0000)]
  0x4a110800 JavaThread "AWT-Windows" daemon [_thread_in_native, id=7152, stack(0x4a2d0000,0x4a320000)]
  0x4a110400 JavaThread "AWT-Shutdown" [_thread_blocked, id=5296, stack(0x00fc0000,0x01010000)]
  0x4a0f8800 JavaThread "Java2D Disposer" daemon [_thread_blocked, id=6928, stack(0x00e40000,0x00e90000)]
  0x49fd8000 JavaThread "Service Thread" daemon [_thread_blocked, id=3660, stack(0x4a430000,0x4a480000)]
  0x49fd3c00 JavaThread "C1 CompilerThread0" daemon [_thread_blocked, id=4484, stack(0x4a270000,0x4a2c0000)]
  0x49fd2c00 JavaThread "Attach Listener" daemon [_thread_blocked, id=3056, stack(0x4a330000,0x4a380000)]
  0x49fcfc00 JavaThread "Signal Dispatcher" daemon [_thread_blocked, id=7668, stack(0x4a200000,0x4a250000)]
  0x49f4f000 JavaThread "Finalizer" daemon [_thread_blocked, id=7488, stack(0x4a190000,0x4a1e0000)]
  0x49f4a400 JavaThread "Reference Handler" daemon [_thread_blocked, id=7280, stack(0x00680000,0x006d0000)]

Other Threads:
  0x49f44c00 VMThread [stack: 0x00ef0000,0x00f40000] [id=3008]
  0x49fea400 WatcherThread [stack: 0x4a480000,0x4a4d0000] [id=5140]

VM state:not at safepoint (normal execution)

VM Mutex/Monitor currently owned by a thread: None

Heap
 def new generation   total 314560K, used 150994K [0x03db0000, 0x19300000, 0x19300000)
  eden space 279616K,  54% used [0x03db0000, 0x0d124850, 0x14ec0000)
  from space 34944K,   0% used [0x14ec0000, 0x14ec0000, 0x170e0000)
  to   space 34944K,   0% used [0x170e0000, 0x170e0000, 0x19300000)
 tenured generation   total 699072K, used 0K [0x19300000, 0x43db0000, 0x43db0000)
   the space 699072K,   0% used [0x19300000, 0x19300000, 0x19300200, 0x43db0000)
 compacting perm gen  total 12288K, used 9326K [0x43db0000, 0x449b0000, 0x47db0000)
   the space 12288K,  75% used [0x43db0000, 0x446cb880, 0x446cba00, 0x449b0000)
No shared spaces configured.

Card table byte_map: [0x49bb0000,0x49de0000] byte_map_base: 0x49b91280

Polling page: 0x00170000

Code Cache  [0x01db0000, 0x02058000, 0x03db0000)
 total_blobs=1819 nmethods=1563 adapters=188 free_code_cache=30078Kb largest_free_block=30800128

Compilation events (10 events):
Event: 1161.736 Thread 0x49fd3c00 1557             javax.swing.JComponent::isPainting (36 bytes)
Event: 1161.737 Thread 0x49fd3c00 nmethod 1557 0x0204f008 code [0x0204f120, 0x0204f24c]
Event: 1161.794 Thread 0x49fd3c00 1558             javax.swing.plaf.basic.BasicTreeUI::getPreferredSize (7 bytes)
Event: 1161.794 Thread 0x49fd3c00 nmethod 1558 0x0204f308 code [0x0204f400, 0x0204f49c]
Event: 1161.795 Thread 0x49fd3c00 1559             javax.swing.plaf.basic.BasicTreeUI::getPreferredSize (101 bytes)
Event: 1161.795 Thread 0x49fd3c00 nmethod 1559 0x0204f508 code [0x0204f630, 0x0204f89c]
Event: 1161.796 Thread 0x49fd3c00 1560             javax.swing.plaf.basic.BasicTreeUI::getPreferredMinSize (21 bytes)
Event: 1161.796 Thread 0x49fd3c00 nmethod 1560 0x0204fa88 code [0x0204fb80, 0x0204fc70]
Event: 1373.288 Thread 0x49fd3c00 1561             javax.swing.JComponent::setUIProperty (163 bytes)
Event: 1373.289 Thread 0x49fd3c00 nmethod 1561 0x0204fd08 code [0x0204feb0, 0x0205039c]

GC Heap History (0 events):
No events

Deoptimization events (0 events):
No events

Internal exceptions (10 events):
Event: 164.674 Thread 0x4defcc00 Implicit null exception at 0x01fc293f to 0x01fc2b55
Event: 164.674 Thread 0x4defcc00 Threw 0x0ab05f18 at C:\jdk7u2_32P\jdk7u13_2932_new\hotspot\src\share\vm\runtime\sharedRuntime.cpp:613
Event: 181.868 Thread 0x4a111000 Threw 0x0ca48228 at C:\jdk7u2_32P\jdk7u13_2932_new\hotspot\src\share\vm\prims\jvm.cpp:1166
Event: 181.868 Thread 0x4a111000 Threw 0x0ca48ff0 at C:\jdk7u2_32P\jdk7u13_2932_new\hotspot\src\share\vm\prims\jvm.cpp:1166
Event: 181.869 Thread 0x4a111000 Threw 0x0ca4b098 at C:\jdk7u2_32P\jdk7u13_2932_new\hotspot\src\share\vm\prims\jvm.cpp:1166
Event: 181.870 Thread 0x4a111000 Threw 0x0ca4bec0 at C:\jdk7u2_32P\jdk7u13_2932_new\hotspot\src\share\vm\prims\jvm.cpp:1166
Event: 181.870 Thread 0x4a111000 Threw 0x0ca4dae8 at C:\jdk7u2_32P\jdk7u13_2932_new\hotspot\src\share\vm\prims\jvm.cpp:1166
Event: 181.870 Thread 0x4a111000 Threw 0x0ca4e928 at C:\jdk7u2_32P\jdk7u13_2932_new\hotspot\src\share\vm\prims\jvm.cpp:1166
Event: 181.871 Thread 0x4a111000 Threw 0x0ca505e8 at C:\jdk7u2_32P\jdk7u13_2932_new\hotspot\src\share\vm\prims\jvm.cpp:1166
Event: 181.871 Thread 0x4a111000 Threw 0x0ca51490 at C:\jdk7u2_32P\jdk7u13_2932_new\hotspot\src\share\vm\prims\jvm.cpp:1166

Events (10 events):
Event: 369.238 Executing VM operation: BulkRevokeBias
Event: 369.238 Executing VM operation: BulkRevokeBias done
Event: 370.959 loading class 0x4de780f8
Event: 370.959 loading class 0x4de780f8 done
Event: 370.959 loading class 0x4de71e18
Event: 370.959 loading class 0x4de71e18 done
Event: 370.963 loading class 0x49f54e80
Event: 370.963 loading class 0x49f54e80 done
Event: 416.676 Executing VM operation: BulkRevokeBias
Event: 416.677 Executing VM operation: BulkRevokeBias done


Dynamic libraries:
0x01080000 - 0x010af000 	D:\JavaJDK\bin\javaw.exe
0x77180000 - 0x772c2000 	C:\Windows\SYSTEM32\ntdll.dll
0x75580000 - 0x75655000 	C:\Windows\system32\kernel32.dll
0x75250000 - 0x7529b000 	C:\Windows\system32\KERNELBASE.dll
0x75660000 - 0x75701000 	C:\Windows\system32\ADVAPI32.dll
0x75af0000 - 0x75b9c000 	C:\Windows\system32\msvcrt.dll
0x77340000 - 0x77359000 	C:\Windows\SYSTEM32\sechost.dll
0x75c00000 - 0x75ca2000 	C:\Windows\system32\RPCRT4.dll
0x75cb0000 - 0x75d79000 	C:\Windows\system32\USER32.dll
0x76c70000 - 0x76cbe000 	C:\Windows\system32\GDI32.dll
0x773c0000 - 0x773ca000 	C:\Windows\system32\LPK.dll
0x76f60000 - 0x76ffd000 	C:\Windows\system32\USP10.dll
0x73ea0000 - 0x7403e000 	C:\Windows\WinSxS\x86_microsoft.windows.common-controls_6595b64144ccf1df_6.0.7601.18837_none_41e855142bd5705d\COMCTL32.dll
0x75ba0000 - 0x75bf7000 	C:\Windows\system32\SHLWAPI.dll
0x772d0000 - 0x772ef000 	C:\Windows\system32\IMM32.DLL
0x76e00000 - 0x76ecc000 	C:\Windows\system32\MSCTF.dll
0x67e80000 - 0x67f3e000 	D:\JavaJDK\jre\bin\msvcr100.dll
0x59a80000 - 0x59dcd000 	D:\JavaJDK\jre\bin\client\jvm.dll
0x6bef0000 - 0x6bef7000 	C:\Windows\system32\WSOCK32.dll
0x754c0000 - 0x754f5000 	C:\Windows\system32\WS2_32.dll
0x75710000 - 0x75716000 	C:\Windows\system32\NSI.dll
0x75000000 - 0x75032000 	C:\Windows\system32\WINMM.dll
0x77330000 - 0x77335000 	C:\Windows\system32\PSAPI.DLL
0x73e80000 - 0x73e8c000 	D:\JavaJDK\jre\bin\verify.dll
0x711b0000 - 0x711d0000 	D:\JavaJDK\jre\bin\java.dll
0x716f0000 - 0x71703000 	D:\JavaJDK\jre\bin\zip.dll
0x67f40000 - 0x68082000 	D:\JavaJDK\jre\bin\awt.dll
0x76ed0000 - 0x76f5f000 	C:\Windows\system32\OLEAUT32.dll
0x75310000 - 0x7546c000 	C:\Windows\system32\ole32.dll
0x73c50000 - 0x73c90000 	C:\Windows\system32\uxtheme.dll
0x74e60000 - 0x74eac000 	C:\Windows\system32\apphelp.dll
0x4a630000 - 0x4ab27000 	C:\Windows\system32\SOGOUPY.IME
0x73510000 - 0x73515000 	C:\Windows\system32\MSIMG32.dll
0x735b0000 - 0x735ec000 	C:\Windows\system32\OLEACC.dll
0x734e0000 - 0x73501000 	C:\Windows\system32\ntmarta.dll
0x75470000 - 0x754b5000 	C:\Windows\system32\WLDAP32.dll
0x74410000 - 0x74419000 	C:\Windows\system32\VERSION.dll
0x75d80000 - 0x769cb000 	C:\Windows\system32\SHELL32.dll
0x6be10000 - 0x6be33000 	D:\Program Files\SogouInput\Components\SgAppender\1.0.0.207\SgAppender_Dll.dll
0x74fb0000 - 0x74fc3000 	C:\Windows\system32\dwmapi.dll
0x74eb0000 - 0x74ebc000 	C:\Windows\system32\CRYPTBASE.dll
0x5b610000 - 0x5b6a3000 	C:\Users\Administrator\AppData\Roaming\TaobaoProtect\TaobaoProtectSE.dll
0x75120000 - 0x75241000 	C:\Windows\system32\CRYPT32.dll
0x74fa0000 - 0x74fac000 	C:\Windows\system32\MSASN1.dll
0x68340000 - 0x68343000 	C:\Windows\system32\sfc.dll
0x68330000 - 0x6833d000 	C:\Windows\system32\sfc_os.DLL
0x6bc50000 - 0x6bddc000 	D:\Program Files\SogouInput\Components\PicFace\1.0.0.1403\PicFace.dll
0x74f30000 - 0x74f3b000 	C:\Windows\system32\profapi.dll
0x59f50000 - 0x5a113000 	C:\Windows\system32\d3d9.dll
0x711a0000 - 0x711a6000 	C:\Windows\system32\d3d8thk.dll
0x66a90000 - 0x6793e000 	C:\Windows\system32\nvd3dum.dll
0x75040000 - 0x75065000 	C:\Windows\system32\powrprof.dll
0x769d0000 - 0x76b6d000 	C:\Windows\system32\SETUPAPI.dll
0x74fd0000 - 0x74ff7000 	C:\Windows\system32\CFGMGR32.dll
0x75070000 - 0x75082000 	C:\Windows\system32\DEVOBJ.dll
0x69460000 - 0x6948a000 	D:\JavaJDK\jre\bin\fontmanager.dll
0x710d0000 - 0x710e4000 	D:\JavaJDK\jre\bin\net.dll
0x74990000 - 0x749cc000 	C:\Windows\system32\mswsock.dll
0x74980000 - 0x74986000 	C:\Windows\System32\wship6.dll
0x73e90000 - 0x73e9e000 	D:\JavaJDK\jre\bin\nio.dll
0x4a5b0000 - 0x4a5d9000 	D:\JavaJDK\jre\bin\Jpcap.dll
0x4b160000 - 0x4b1ac000 	C:\Windows\system32\wpcap.dll
0x4b1b0000 - 0x4b1c8000 	C:\Windows\system32\packet.dll
0x72080000 - 0x7209c000 	C:\Windows\system32\iphlpapi.dll
0x72060000 - 0x72067000 	C:\Windows\system32\WINNSI.DLL
0x70540000 - 0x7054d000 	C:\Windows\system32\dhcpcsvc6.DLL
0x70600000 - 0x70612000 	C:\Windows\system32\dhcpcsvc.DLL
0x693b0000 - 0x693e1000 	D:\JavaJDK\jre\bin\t2k.dll
0x77000000 - 0x77083000 	C:\Windows\system32\CLBCatQ.DLL
0x737e0000 - 0x738db000 	C:\Windows\system32\WindowsCodecs.dll
0x6be40000 - 0x6be74000 	D:\Program Files\360\360safe\safemon\360UDiskGuard.dll
0x6bbe0000 - 0x6bc11000 	C:\Windows\system32\EhStorShell.dll
0x73d60000 - 0x73e55000 	C:\Windows\system32\PROPSYS.dll
0x6bb70000 - 0x6bbda000 	C:\Windows\System32\cscui.dll
0x6bb60000 - 0x6bb69000 	C:\Windows\System32\CSCDLL.dll
0x6bb50000 - 0x6bb5b000 	C:\Windows\system32\CSCAPI.dll
0x6bae0000 - 0x6bb50000 	C:\Windows\system32\ntshrui.dll
0x74c70000 - 0x74c89000 	C:\Windows\system32\srvcli.dll
0x733b0000 - 0x733ba000 	C:\Windows\system32\slc.dll
0x4e300000 - 0x4e3dd000 	D:\Program Files\SogouInput\7.9.0.7582\Resource.dll
0x6a870000 - 0x6a894000 	D:\JavaJDK\jre\bin\dcpr.dll
0x6b110000 - 0x6b1fb000 	C:\Windows\system32\dbghelp.dll

VM Arguments:
jvm_args: -Xms1024m -Xmx1024m -Dfile.encoding=GBK 
java_command: zhuabao0527.ZhuaBaoUI
Launcher Type: SUN_STANDARD

Environment Variables:
JAVA_HOME=D:\JavaJDK
CLASSPATH=.;D:\JavaJDK\lib;D:\JavaJDK\lib\tools.jar
PATH=D:/JavaJDK/bin/../jre/bin/client;D:/JavaJDK/bin/../jre/bin;D:/JavaJDK/bin/../jre/lib/i386;c:\windows\system32;D:\eclipse\sdk\tools;D:\JavaJDK\bin;C:\RailsInstaller1205\Ruby2.1.0\bin;;D:\eclipse;
USERNAME=Administrator
OS=Windows_NT
PROCESSOR_IDENTIFIER=x86 Family 6 Model 37 Stepping 2, GenuineIntel



---------------  S Y S T E M  ---------------

OS: Windows 7 Build 7601 Service Pack 1

CPU:total 4 (2 cores per cpu, 2 threads per core) family 6 model 37 stepping 2, cmov, cx8, fxsr, mmx, sse, sse2, sse3, ssse3, sse4.1, sse4.2, popcnt, ht, tsc, tscinvbit

Memory: 4k page, physical 3070824k(971464k free), swap 6139924k(1909808k free)

vm_info: Java HotSpot(TM) Client VM (23.7-b01) for windows-x86 JRE (1.7.0_13-b20), built on Jan 30 2013 10:03:58 by "java_re" with unknown MS VC++:1600

time: Fri Jun 03 13:52:27 2016
elapsed time: 1373 seconds

