#
# A fatal error has been detected by the Java Runtime Environment:
#
#  EXCEPTION_ACCESS_VIOLATION (0xc0000005) at pc=0x67cb63ea, pid=2756, tid=3776
#
# JRE version: 7.0_13-b20
# Java VM: Java HotSpot(TM) Client VM (23.7-b01 mixed mode windows-x86 )
# Problematic frame:
# V  [jvm.dll+0xa63ea]
#
# Failed to write core dump. Minidumps are not enabled by default on client versions of Windows
#
# If you would like to submit a bug report, please visit:
#   http://bugreport.sun.com/bugreport/crash.jsp
#

---------------  T H R E A D  ---------------

Current thread (0x4dfba400):  JavaThread "SwingWorker-pool-1-thread-4" daemon [_thread_in_vm, id=3776, stack(0x4d950000,0x4d9a0000)]

siginfo: ExceptionCode=0xc0000005, reading address 0x00000000

Registers:
EAX=0x00000000, EBX=0x4dfba528, ECX=0x00000000, EDX=0x44144f08
ESP=0x4d99ed30, EBP=0x4d99ed48, ESI=0x441445f8, EDI=0x4dfba400
EIP=0x67cb63ea, EFLAGS=0x00010246

Top of Stack: (sp=0x4d99ed30)
0x4d99ed30:   4dfba528 00000000 4dfba400 00000000
0x4d99ed40:   00000000 00000000 4d99f5d0 4a5a1bcb
0x4d99ed50:   4dfba528 00000000 00000000 4dfba400
0x4d99ed60:   441445f8 4d99f5b8 44144600 00000000
0x4d99ed70:   00000000 00000000 00000000 00000000
0x4d99ed80:   00000000 00000000 00000000 00000000
0x4d99ed90:   00000000 00000000 00000000 00000000
0x4d99eda0:   00000000 00000000 00000000 00000000 

Instructions: (pc=0x67cb63ea)
0x67cb63ca:   ff 83 c4 08 83 7f 04 00 89 7d f0 c7 45 f4 00 00
0x67cb63da:   00 00 74 08 8d 4d f0 e8 da 6c 0c 00 8b 45 0c 53
0x67cb63ea:   8b 18 56 53 e8 5d a7 f7 ff 8d 70 01 56 e8 04 a6
0x67cb63fa:   08 00 83 c4 08 89 45 08 85 c0 75 19 68 38 ca e9 


Register to memory mapping:

EAX=0x00000000 is an unknown value
EBX=0x4dfba528 is an unknown value
ECX=0x00000000 is an unknown value
EDX=0x44144f08 is an oop
{constant pool cache} 
 - klass: {other class}
ESP=0x4d99ed30 is pointing into the stack for thread: 0x4dfba400
EBP=0x4d99ed48 is pointing into the stack for thread: 0x4dfba400
ESI=0x441445f8 is an oop
{constMethod} 
 - klass: {other class}
 - method:       0x44144600 {method} 'setFilter' '(Ljava/lang/String;Z)V' in 'jpcap/JpcapCaptor'
 - exceptions:   0x43be1128
EDI=0x4dfba400 is a thread


Stack: [0x4d950000,0x4d9a0000],  sp=0x4d99ed30,  free space=315k
Native frames: (J=compiled Java code, j=interpreted, Vv=VM code, C=native code)
V  [jvm.dll+0xa63ea]
C  [Jpcap.dll+0x1bcb]  Java_jpcap_JpcapCaptor_setFilter+0x3b

Java frames: (J=compiled Java code, j=interpreted, Vv=VM code)
j  jpcap.JpcapCaptor.setFilter(Ljava/lang/String;Z)V+0
j  zhuabao0527.TableFrame$7.doInBackground()Ljava/lang/Void;+89
j  zhuabao0527.TableFrame$7.doInBackground()Ljava/lang/Object;+1
j  javax.swing.SwingWorker$1.call()Ljava/lang/Object;+14
j  java.util.concurrent.FutureTask$Sync.innerRun()V+29
j  java.util.concurrent.FutureTask.run()V+4
j  javax.swing.SwingWorker.run()V+4
j  java.util.concurrent.ThreadPoolExecutor.runWorker(Ljava/util/concurrent/ThreadPoolExecutor$Worker;)V+95
j  java.util.concurrent.ThreadPoolExecutor$Worker.run()V+5
j  java.lang.Thread.run()V+11
v  ~StubRoutines::call_stub

---------------  P R O C E S S  ---------------

Java Threads: ( => current thread )
=>0x4dfba400 JavaThread "SwingWorker-pool-1-thread-4" daemon [_thread_in_vm, id=3776, stack(0x4d950000,0x4d9a0000)]
  0x49edd800 JavaThread "SwingWorker-pool-1-thread-3" daemon [_thread_blocked, id=4444, stack(0x4dac0000,0x4db10000)]
  0x49edcc00 JavaThread "SwingWorker-pool-1-thread-2" daemon [_thread_blocked, id=5876, stack(0x4da00000,0x4da50000)]
  0x49e28c00 JavaThread "SwingWorker-pool-1-thread-1" daemon [_thread_blocked, id=4336, stack(0x531c0000,0x53210000)]
  0x4de71c00 JavaThread "D3D Screen Updater" daemon [_thread_blocked, id=6120, stack(0x4fe30000,0x4fe80000)]
  0x4de5f800 JavaThread "TimerQueue" daemon [_thread_blocked, id=5560, stack(0x4e3c0000,0x4e410000)]
  0x01a3a400 JavaThread "DestroyJavaVM" [_thread_blocked, id=5216, stack(0x019e0000,0x01a30000)]
  0x49f3d800 JavaThread "AWT-EventQueue-0" [_thread_blocked, id=6112, stack(0x4b480000,0x4b4d0000)]
  0x49f3c400 JavaThread "AWT-Windows" daemon [_thread_in_native, id=6052, stack(0x4a4c0000,0x4a510000)]
  0x49f3bc00 JavaThread "AWT-Shutdown" [_thread_blocked, id=1564, stack(0x4a1d0000,0x4a220000)]
  0x49f39000 JavaThread "Java2D Disposer" daemon [_thread_blocked, id=5080, stack(0x4a380000,0x4a3d0000)]
  0x49e04c00 JavaThread "Service Thread" daemon [_thread_blocked, id=392, stack(0x01b40000,0x01b90000)]
  0x49e00800 JavaThread "C1 CompilerThread0" daemon [_thread_blocked, id=4300, stack(0x49fd0000,0x4a020000)]
  0x49dff400 JavaThread "Attach Listener" daemon [_thread_blocked, id=5068, stack(0x4a330000,0x4a380000)]
  0x49dfc000 JavaThread "Signal Dispatcher" daemon [_thread_blocked, id=5780, stack(0x4a260000,0x4a2b0000)]
  0x49d7f000 JavaThread "Finalizer" daemon [_thread_blocked, id=1980, stack(0x4a160000,0x4a1b0000)]
  0x49d7a400 JavaThread "Reference Handler" daemon [_thread_blocked, id=6124, stack(0x4a0f0000,0x4a140000)]

Other Threads:
  0x49d74c00 VMThread [stack: 0x4a090000,0x4a0e0000] [id=5292]
  0x49e17000 WatcherThread [stack: 0x4a040000,0x4a090000] [id=2700]

VM state:not at safepoint (normal execution)

VM Mutex/Monitor currently owned by a thread: None

Heap
 def new generation   total 314560K, used 85760K [0x03be0000, 0x19130000, 0x19130000)
  eden space 279616K,  29% used [0x03be0000, 0x08cb3ed8, 0x14cf0000)
  from space 34944K,   8% used [0x16f10000, 0x171fc248, 0x19130000)
  to   space 34944K,   0% used [0x14cf0000, 0x14cf0000, 0x16f10000)
 tenured generation   total 699072K, used 0K [0x19130000, 0x43be0000, 0x43be0000)
   the space 699072K,   0% used [0x19130000, 0x19130000, 0x19130200, 0x43be0000)
 compacting perm gen  total 12288K, used 9953K [0x43be0000, 0x447e0000, 0x47be0000)
   the space 12288K,  81% used [0x43be0000, 0x44598520, 0x44598600, 0x447e0000)
No shared spaces configured.

Card table byte_map: [0x499e0000,0x49c10000] byte_map_base: 0x499c2100

Polling page: 0x00250000

Code Cache  [0x01be0000, 0x01e78000, 0x03be0000)
 total_blobs=1706 nmethods=1448 adapters=192 free_code_cache=30114Kb largest_free_block=30837056

Compilation events (10 events):
Event: 141.681 Thread 0x49e00800 1442             java.awt.geom.Path2D$Float::needRoom (123 bytes)
Event: 141.682 Thread 0x49e00800 nmethod 1442 0x01e6e588 code [0x01e6e6c0, 0x01e6ea74]
Event: 171.308 Thread 0x49e00800 1443             javax.swing.Timer::cancelEvent (9 bytes)
Event: 171.309 Thread 0x49e00800 nmethod 1443 0x01e6ec48 code [0x01e6ed40, 0x01e6edd0]
Event: 171.932 Thread 0x49e00800 1444             javax.swing.Timer::start (14 bytes)
Event: 171.933 Thread 0x49e00800 nmethod 1444 0x01e6ee48 code [0x01e6ef50, 0x01e6f018]
Event: 171.933 Thread 0x49e00800 1445             javax.swing.Timer::getInitialDelay (5 bytes)
Event: 171.933 Thread 0x49e00800 nmethod 1445 0x01e6f0c8 code [0x01e6f1c0, 0x01e6f240]
Event: 173.349 Thread 0x49e00800 1446   !         zhuabao0527.TableFrame$7::doInBackground (735 bytes)
Event: 173.357 Thread 0x49e00800 nmethod 1446 0x01e6f288 code [0x01e6f9d0, 0x01e732f8]

GC Heap History (2 events):
Event: 109.696 GC heap before
{Heap before GC invocations=0 (full 0):
 def new generation   total 314560K, used 279616K [0x03be0000, 0x19130000, 0x19130000)
  eden space 279616K, 100% used [0x03be0000, 0x14cf0000, 0x14cf0000)
  from space 34944K,   0% used [0x14cf0000, 0x14cf0000, 0x16f10000)
  to   space 34944K,   0% used [0x16f10000, 0x16f10000, 0x19130000)
 tenured generation   total 699072K, used 0K [0x19130000, 0x43be0000, 0x43be0000)
   the space 699072K,   0% used [0x19130000, 0x19130000, 0x19130200, 0x43be0000)
 compacting perm gen  total 12288K, used 9423K [0x43be0000, 0x447e0000, 0x47be0000)
   the space 12288K,  76% used [0x43be0000, 0x44513e20, 0x44514000, 0x447e0000)
No shared spaces configured.
Event: 109.721 GC heap after
Heap after GC invocations=1 (full 0):
 def new generation   total 314560K, used 2992K [0x03be0000, 0x19130000, 0x19130000)
  eden space 279616K,   0% used [0x03be0000, 0x03be0000, 0x14cf0000)
  from space 34944K,   8% used [0x16f10000, 0x171fc248, 0x19130000)
  to   space 34944K,   0% used [0x14cf0000, 0x14cf0000, 0x16f10000)
 tenured generation   total 699072K, used 0K [0x19130000, 0x43be0000, 0x43be0000)
   the space 699072K,   0% used [0x19130000, 0x19130000, 0x19130200, 0x43be0000)
 compacting perm gen  total 12288K, used 9423K [0x43be0000, 0x447e0000, 0x47be0000)
   the space 12288K,  76% used [0x43be0000, 0x44513e20, 0x44514000, 0x447e0000)
No shared spaces configured.
}

Deoptimization events (0 events):
No events

Internal exceptions (10 events):
Event: 0.800 Thread 0x49f3d800 Threw 0x054db180 at C:\jdk7u2_32P\jdk7u13_2932_new\hotspot\src\share\vm\prims\jvm.cpp:1166
Event: 17.925 Thread 0x49f3d800 Threw 0x063a1558 at C:\jdk7u2_32P\jdk7u13_2932_new\hotspot\src\share\vm\prims\jvm.cpp:1166
Event: 17.967 Thread 0x49f3d800 Threw 0x063db7c0 at C:\jdk7u2_32P\jdk7u13_2932_new\hotspot\src\share\vm\prims\jvm.cpp:1166
Event: 17.968 Thread 0x49f3d800 Threw 0x063dcc70 at C:\jdk7u2_32P\jdk7u13_2932_new\hotspot\src\share\vm\prims\jvm.cpp:1166
Event: 17.968 Thread 0x49f3d800 Threw 0x063de068 at C:\jdk7u2_32P\jdk7u13_2932_new\hotspot\src\share\vm\prims\jvm.cpp:1166
Event: 17.969 Thread 0x49f3d800 Threw 0x063df428 at C:\jdk7u2_32P\jdk7u13_2932_new\hotspot\src\share\vm\prims\jvm.cpp:1166
Event: 17.982 Thread 0x49f3d800 Threw 0x063fac40 at C:\jdk7u2_32P\jdk7u13_2932_new\hotspot\src\share\vm\prims\jvm.cpp:1166
Event: 17.988 Thread 0x49f3d800 Threw 0x0640eac8 at C:\jdk7u2_32P\jdk7u13_2932_new\hotspot\src\share\vm\prims\jvm.cpp:1166
Event: 21.693 Thread 0x49f3d800 Threw 0x064f1760 at C:\jdk7u2_32P\jdk7u13_2932_new\hotspot\src\share\vm\prims\jvm.cpp:1166
Event: 135.560 Thread 0x49f3d800 Threw 0x08639d40 at C:\jdk7u2_32P\jdk7u13_2932_new\hotspot\src\share\vm\prims\jvm.cpp:1166

Events (10 events):
Event: 141.677 loading class 0x01a832b8 done
Event: 141.677 loading class 0x01a83168
Event: 141.677 loading class 0x01a83168 done
Event: 141.677 loading class 0x49e27b20
Event: 141.678 loading class 0x49e27b20 done
Event: 141.678 loading class 0x49e27ae0
Event: 141.678 loading class 0x49e27ae0 done
Event: 171.089 Executing VM operation: BulkRevokeBias
Event: 171.091 Executing VM operation: BulkRevokeBias done
Event: 173.348 Thread 0x4dfba400 Thread added: 0x4dfba400


Dynamic libraries:
0x01150000 - 0x0117f000 	D:\JavaJDK\bin\javaw.exe
0x77540000 - 0x77682000 	C:\Windows\SYSTEM32\ntdll.dll
0x768c0000 - 0x76995000 	C:\Windows\system32\kernel32.dll
0x75460000 - 0x754ab000 	C:\Windows\system32\KERNELBASE.dll
0x771e0000 - 0x77281000 	C:\Windows\system32\ADVAPI32.dll
0x76a00000 - 0x76aac000 	C:\Windows\system32\msvcrt.dll
0x776b0000 - 0x776c9000 	C:\Windows\SYSTEM32\sechost.dll
0x756e0000 - 0x75782000 	C:\Windows\system32\RPCRT4.dll
0x767f0000 - 0x768b9000 	C:\Windows\system32\USER32.dll
0x76bf0000 - 0x76c3e000 	C:\Windows\system32\GDI32.dll
0x756d0000 - 0x756da000 	C:\Windows\system32\LPK.dll
0x77290000 - 0x7732d000 	C:\Windows\system32\USP10.dll
0x74260000 - 0x743fe000 	C:\Windows\WinSxS\x86_microsoft.windows.common-controls_6595b64144ccf1df_6.0.7601.18837_none_41e855142bd5705d\COMCTL32.dll
0x770a0000 - 0x770f7000 	C:\Windows\system32\SHLWAPI.dll
0x77080000 - 0x7709f000 	C:\Windows\system32\IMM32.DLL
0x76c40000 - 0x76d0c000 	C:\Windows\system32\MSCTF.dll
0x6ab10000 - 0x6abce000 	D:\JavaJDK\jre\bin\msvcr100.dll
0x67c10000 - 0x67f5d000 	D:\JavaJDK\jre\bin\client\jvm.dll
0x72210000 - 0x72217000 	C:\Windows\system32\WSOCK32.dll
0x76d10000 - 0x76d45000 	C:\Windows\system32\WS2_32.dll
0x77690000 - 0x77696000 	C:\Windows\system32\NSI.dll
0x754b0000 - 0x754e2000 	C:\Windows\system32\WINMM.dll
0x776a0000 - 0x776a5000 	C:\Windows\system32\PSAPI.DLL
0x737e0000 - 0x737ec000 	D:\JavaJDK\jre\bin\verify.dll
0x725f0000 - 0x72610000 	D:\JavaJDK\jre\bin\java.dll
0x72610000 - 0x72623000 	D:\JavaJDK\jre\bin\zip.dll
0x68230000 - 0x68372000 	D:\JavaJDK\jre\bin\awt.dll
0x77150000 - 0x771df000 	C:\Windows\system32\OLEAUT32.dll
0x75790000 - 0x758ec000 	C:\Windows\system32\ole32.dll
0x73ff0000 - 0x74030000 	C:\Windows\system32\uxtheme.dll
0x751f0000 - 0x7523c000 	C:\Windows\system32\apphelp.dll
0x4a610000 - 0x4ab07000 	C:\Windows\system32\SOGOUPY.IME
0x731a0000 - 0x731a5000 	C:\Windows\system32\MSIMG32.dll
0x731b0000 - 0x731ec000 	C:\Windows\system32\OLEACC.dll
0x73d40000 - 0x73d61000 	C:\Windows\system32\ntmarta.dll
0x77100000 - 0x77145000 	C:\Windows\system32\WLDAP32.dll
0x747d0000 - 0x747d9000 	C:\Windows\system32\VERSION.dll
0x758f0000 - 0x7653b000 	C:\Windows\system32\SHELL32.dll
0x75690000 - 0x756a3000 	C:\Windows\system32\dwmapi.dll
0x75240000 - 0x7524c000 	C:\Windows\system32\CRYPTBASE.dll
0x6f990000 - 0x6f9b3000 	D:\Program Files\SogouInput\Components\SgAppender\1.0.0.207\SgAppender_Dll.dll
0x6e400000 - 0x6e58c000 	D:\Program Files\SogouInput\Components\PicFace\1.0.0.1403\PicFace.dll
0x752f0000 - 0x752fb000 	C:\Windows\system32\profapi.dll
0x5ae50000 - 0x5aee3000 	C:\Users\Administrator\AppData\Roaming\TaobaoProtect\TaobaoProtectSE.dll
0x75550000 - 0x75671000 	C:\Windows\system32\CRYPT32.dll
0x75360000 - 0x7536c000 	C:\Windows\system32\MSASN1.dll
0x65610000 - 0x65613000 	C:\Windows\system32\sfc.dll
0x65600000 - 0x6560d000 	C:\Windows\system32\sfc_os.DLL
0x66500000 - 0x666c3000 	C:\Windows\system32\d3d9.dll
0x72390000 - 0x72396000 	C:\Windows\system32\d3d8thk.dll
0x5eae0000 - 0x5f98e000 	C:\Windows\system32\nvd3dum.dll
0x753a0000 - 0x753c5000 	C:\Windows\system32\powrprof.dll
0x765c0000 - 0x7675d000 	C:\Windows\system32\SETUPAPI.dll
0x75520000 - 0x75547000 	C:\Windows\system32\CFGMGR32.dll
0x756b0000 - 0x756c2000 	C:\Windows\system32\DEVOBJ.dll
0x71fa0000 - 0x71fca000 	D:\JavaJDK\jre\bin\fontmanager.dll
0x725b0000 - 0x725c4000 	D:\JavaJDK\jre\bin\net.dll
0x74d20000 - 0x74d5c000 	C:\Windows\system32\mswsock.dll
0x74d10000 - 0x74d16000 	C:\Windows\System32\wship6.dll
0x739a0000 - 0x739ae000 	D:\JavaJDK\jre\bin\nio.dll
0x4a5a0000 - 0x4a5c9000 	D:\JavaJDK\jre\bin\Jpcap.dll
0x4b100000 - 0x4b14c000 	C:\Windows\system32\wpcap.dll
0x4b150000 - 0x4b168000 	C:\Windows\system32\packet.dll
0x739b0000 - 0x739cc000 	C:\Windows\system32\iphlpapi.dll
0x73980000 - 0x73987000 	C:\Windows\system32\WINNSI.DLL
0x70c70000 - 0x70c7d000 	C:\Windows\system32\dhcpcsvc6.DLL
0x70ae0000 - 0x70af2000 	C:\Windows\system32\dhcpcsvc.DLL
0x71f60000 - 0x71f91000 	D:\JavaJDK\jre\bin\t2k.dll
0x76760000 - 0x767e3000 	C:\Windows\system32\CLBCatQ.DLL
0x73a30000 - 0x73b2b000 	C:\Windows\system32\WindowsCodecs.dll
0x6fbf0000 - 0x6fc24000 	D:\Program Files\360\360safe\safemon\360UDiskGuard.dll
0x745d0000 - 0x74601000 	C:\Windows\system32\EhStorShell.dll
0x74070000 - 0x74165000 	C:\Windows\system32\PROPSYS.dll
0x74560000 - 0x745ca000 	C:\Windows\System32\cscui.dll
0x74550000 - 0x74559000 	C:\Windows\System32\CSCDLL.dll
0x6f880000 - 0x6f88b000 	C:\Windows\system32\CSCAPI.dll
0x72930000 - 0x729a0000 	C:\Windows\system32\ntshrui.dll
0x74f00000 - 0x74f19000 	C:\Windows\system32\srvcli.dll
0x73b80000 - 0x73b8a000 	C:\Windows\system32\slc.dll
0x4f400000 - 0x4f4dd000 	D:\Program Files\SogouInput\7.9.0.7582\Resource.dll
0x71f30000 - 0x71f54000 	D:\JavaJDK\jre\bin\dcpr.dll
0x6c4c0000 - 0x6c5ab000 	C:\Windows\system32\dbghelp.dll

VM Arguments:
jvm_args: -Xms1024m -Xmx1024m -Dfile.encoding=GBK 
java_command: zhuabao0527.ZhuaBaoUI
Launcher Type: SUN_STANDARD

Environment Variables:
JAVA_HOME=D:\JavaJDK
CLASSPATH=.;D:\JavaJDK\lib;D:\JavaJDK\lib\tools.jar
PATH=D:/JavaJDK/bin/../jre/bin/client;D:/JavaJDK/bin/../jre/bin;D:/JavaJDK/bin/../jre/lib/i386;c:\windows\system32;D:\eclipse\sdk\tools;D:\JavaJDK\bin;C:\RailsInstaller1205\Ruby2.1.0\bin;;D:\eclipse;
USERNAME=Administrator
OS=Windows_NT
PROCESSOR_IDENTIFIER=x86 Family 6 Model 37 Stepping 2, GenuineIntel



---------------  S Y S T E M  ---------------

OS: Windows 7 Build 7601 Service Pack 1

CPU:total 4 (2 cores per cpu, 2 threads per core) family 6 model 37 stepping 2, cmov, cx8, fxsr, mmx, sse, sse2, sse3, ssse3, sse4.1, sse4.2, popcnt, ht, tsc, tscinvbit

Memory: 4k page, physical 3070824k(1099828k free), swap 6139924k(2757596k free)

vm_info: Java HotSpot(TM) Client VM (23.7-b01) for windows-x86 JRE (1.7.0_13-b20), built on Jan 30 2013 10:03:58 by "java_re" with unknown MS VC++:1600

time: Fri Jun 03 03:24:35 2016
elapsed time: 173 seconds

