#
# A fatal error has been detected by the Java Runtime Environment:
#
#  EXCEPTION_ACCESS_VIOLATION (0xc0000005) at pc=0x684263ea, pid=14912, tid=13036
#
# JRE version: 7.0_13-b20
# Java VM: Java HotSpot(TM) Client VM (23.7-b01 mixed mode windows-x86 )
# Problematic frame:
# V  [jvm.dll+0xa63ea]
#
# Failed to write core dump. Minidumps are not enabled by default on client versions of Windows
#
# If you would like to submit a bug report, please visit:
#   http://bugreport.sun.com/bugreport/crash.jsp
#

---------------  T H R E A D  ---------------

Current thread (0x4a011c00):  JavaThread "SwingWorker-pool-1-thread-2" daemon [_thread_in_vm, id=13036, stack(0x526c0000,0x52710000)]

siginfo: ExceptionCode=0xc0000005, reading address 0x00000000

Registers:
EAX=0x00000000, EBX=0x4a011d28, ECX=0x00000000, EDX=0x44364fa0
ESP=0x5270e8f0, EBP=0x5270e908, ESI=0x44364690, EDI=0x4a011c00
EIP=0x684263ea, EFLAGS=0x00010246

Top of Stack: (sp=0x5270e8f0)
0x5270e8f0:   4a011d28 00000000 4a011c00 00000000
0x5270e900:   00000000 00000000 5270f190 4a3c1bcb
0x5270e910:   4a011d28 00000000 00000000 4a011c00
0x5270e920:   44364690 5270f178 44364698 00000000
0x5270e930:   00000000 00000000 00000000 00000000
0x5270e940:   00000000 00000000 00000000 00000000
0x5270e950:   00000000 00000000 00000000 00000000
0x5270e960:   00000000 00000000 00000000 00000000 

Instructions: (pc=0x684263ea)
0x684263ca:   ff 83 c4 08 83 7f 04 00 89 7d f0 c7 45 f4 00 00
0x684263da:   00 00 74 08 8d 4d f0 e8 da 6c 0c 00 8b 45 0c 53
0x684263ea:   8b 18 56 53 e8 5d a7 f7 ff 8d 70 01 56 e8 04 a6
0x684263fa:   08 00 83 c4 08 89 45 08 85 c0 75 19 68 38 ca 60 


Register to memory mapping:

EAX=0x00000000 is an unknown value
EBX=0x4a011d28 is an unknown value
ECX=0x00000000 is an unknown value
EDX=0x44364fa0 is an oop
{constant pool cache} 
 - klass: {other class}
ESP=0x5270e8f0 is pointing into the stack for thread: 0x4a011c00
EBP=0x5270e908 is pointing into the stack for thread: 0x4a011c00
ESI=0x44364690 is an oop
{constMethod} 
 - klass: {other class}
 - method:       0x44364698 {method} 'setFilter' '(Ljava/lang/String;Z)V' in 'jpcap/JpcapCaptor'
 - exceptions:   0x43e01128
EDI=0x4a011c00 is a thread


Stack: [0x526c0000,0x52710000],  sp=0x5270e8f0,  free space=314k
Native frames: (J=compiled Java code, j=interpreted, Vv=VM code, C=native code)
V  [jvm.dll+0xa63ea]
C  [Jpcap.dll+0x1bcb]  Java_jpcap_JpcapCaptor_setFilter+0x3b

Java frames: (J=compiled Java code, j=interpreted, Vv=VM code)
j  jpcap.JpcapCaptor.setFilter(Ljava/lang/String;Z)V+0
j  zhuabao0527.TableFrame$7.doInBackground()Ljava/lang/Void;+89
j  zhuabao0527.TableFrame$7.doInBackground()Ljava/lang/Object;+1
j  javax.swing.SwingWorker$1.call()Ljava/lang/Object;+14
j  java.util.concurrent.FutureTask$Sync.innerRun()V+29
j  java.util.concurrent.FutureTask.run()V+4
j  javax.swing.SwingWorker.run()V+4
j  java.util.concurrent.ThreadPoolExecutor.runWorker(Ljava/util/concurrent/ThreadPoolExecutor$Worker;)V+95
j  java.util.concurrent.ThreadPoolExecutor$Worker.run()V+5
j  java.lang.Thread.run()V+11
v  ~StubRoutines::call_stub

---------------  P R O C E S S  ---------------

Java Threads: ( => current thread )
=>0x4a011c00 JavaThread "SwingWorker-pool-1-thread-2" daemon [_thread_in_vm, id=13036, stack(0x526c0000,0x52710000)]
  0x4a010c00 JavaThread "SwingWorker-pool-1-thread-1" daemon [_thread_blocked, id=11372, stack(0x50220000,0x50270000)]
  0x4a010800 JavaThread "D3D Screen Updater" daemon [_thread_blocked, id=14888, stack(0x50060000,0x500b0000)]
  0x4a010000 JavaThread "TimerQueue" daemon [_thread_blocked, id=4708, stack(0x4e680000,0x4e6d0000)]
  0x4a00fc00 JavaThread "DestroyJavaVM" [_thread_blocked, id=14460, stack(0x00670000,0x006c0000)]
  0x4a00f400 JavaThread "AWT-EventQueue-0" [_thread_blocked, id=4672, stack(0x4acf0000,0x4ad40000)]
  0x4a00f000 JavaThread "AWT-Windows" daemon [_thread_in_native, id=14704, stack(0x4a370000,0x4a3c0000)]
  0x4a00e800 JavaThread "AWT-Shutdown" [_thread_blocked, id=14788, stack(0x4a500000,0x4a550000)]
  0x4a00e000 JavaThread "Java2D Disposer" daemon [_thread_blocked, id=13232, stack(0x4a310000,0x4a360000)]
  0x49ed8400 JavaThread "Service Thread" daemon [_thread_blocked, id=15984, stack(0x4a400000,0x4a450000)]
  0x49ec5400 JavaThread "C1 CompilerThread0" daemon [_thread_blocked, id=15124, stack(0x4a2b0000,0x4a300000)]
  0x49ebe000 JavaThread "Attach Listener" daemon [_thread_blocked, id=3976, stack(0x00600000,0x00650000)]
  0x49ebb000 JavaThread "Signal Dispatcher" daemon [_thread_blocked, id=5324, stack(0x4a260000,0x4a2b0000)]
  0x49e3f000 JavaThread "Finalizer" daemon [_thread_blocked, id=16304, stack(0x4a070000,0x4a0c0000)]
  0x49e3a000 JavaThread "Reference Handler" daemon [_thread_blocked, id=13368, stack(0x4a1c0000,0x4a210000)]

Other Threads:
  0x49e34c00 VMThread [stack: 0x4a0d0000,0x4a120000] [id=13436]
  0x49ef4400 WatcherThread [stack: 0x4a160000,0x4a1b0000] [id=12756]

VM state:not at safepoint (normal execution)

VM Mutex/Monitor currently owned by a thread: None

Heap
 def new generation   total 314560K, used 67108K [0x03e00000, 0x19350000, 0x19350000)
  eden space 279616K,  24% used [0x03e00000, 0x07f89290, 0x14f10000)
  from space 34944K,   0% used [0x14f10000, 0x14f10000, 0x17130000)
  to   space 34944K,   0% used [0x17130000, 0x17130000, 0x19350000)
 tenured generation   total 699072K, used 0K [0x19350000, 0x43e00000, 0x43e00000)
   the space 699072K,   0% used [0x19350000, 0x19350000, 0x19350200, 0x43e00000)
 compacting perm gen  total 12288K, used 9221K [0x43e00000, 0x44a00000, 0x47e00000)
   the space 12288K,  75% used [0x43e00000, 0x447015a8, 0x44701600, 0x44a00000)
No shared spaces configured.

Card table byte_map: [0x49c00000,0x49e30000] byte_map_base: 0x49be1000

Polling page: 0x00170000

Code Cache  [0x01e00000, 0x01fd0000, 0x03e00000)
 total_blobs=1159 nmethods=906 adapters=187 free_code_cache=30939Kb largest_free_block=31681600

Compilation events (10 events):
Event: 35.010 Thread 0x49ec5400  895   !         java.util.concurrent.locks.AbstractQueuedSynchronizer::fullyRelease (54 bytes)
Event: 35.011 Thread 0x49ec5400 nmethod 895 0x01fc6d48 code [0x01fc6e70, 0x01fc7044]
Event: 35.121 Thread 0x49ec5400  896             java.awt.Component::eventEnabled (9 bytes)
Event: 35.122 Thread 0x49ec5400 nmethod 896 0x01fc7248 code [0x01fc7350, 0x01fc73ec]
Event: 35.122 Thread 0x49ec5400  897             java.awt.Component::eventTypeEnabled (487 bytes)
Event: 35.123 Thread 0x49ec5400 nmethod 897 0x01fc7488 code [0x01fc7590, 0x01fc7aa0]
Event: 35.137 Thread 0x49ec5400  898             java.util.concurrent.locks.AbstractQueuedSynchronizer::transferForSignal (45 bytes)
Event: 35.137 Thread 0x49ec5400 nmethod 898 0x01fc7b08 code [0x01fc7c20, 0x01fc7d58]
Event: 35.317 Thread 0x49ec5400  899             sun.util.locale.LocaleUtils::isUpper (18 bytes)
Event: 35.318 Thread 0x49ec5400 nmethod 899 0x01fc7e48 code [0x01fc7f40, 0x01fc7fe0]

GC Heap History (0 events):
No events

Deoptimization events (0 events):
No events

Internal exceptions (10 events):
Event: 0.847 Thread 0x4a00f400 Threw 0x056fab28 at C:\jdk7u2_32P\jdk7u13_2932_new\hotspot\src\share\vm\prims\jvm.cpp:1166
Event: 0.847 Thread 0x4a00f400 Threw 0x056fb530 at C:\jdk7u2_32P\jdk7u13_2932_new\hotspot\src\share\vm\prims\jvm.cpp:1166
Event: 10.891 Thread 0x4a00f400 Threw 0x05851f68 at C:\jdk7u2_32P\jdk7u13_2932_new\hotspot\src\share\vm\prims\jvm.cpp:1166
Event: 10.919 Thread 0x4a00f400 Threw 0x058827b8 at C:\jdk7u2_32P\jdk7u13_2932_new\hotspot\src\share\vm\prims\jvm.cpp:1166
Event: 10.919 Thread 0x4a00f400 Threw 0x05883c68 at C:\jdk7u2_32P\jdk7u13_2932_new\hotspot\src\share\vm\prims\jvm.cpp:1166
Event: 10.920 Thread 0x4a00f400 Threw 0x05885060 at C:\jdk7u2_32P\jdk7u13_2932_new\hotspot\src\share\vm\prims\jvm.cpp:1166
Event: 10.920 Thread 0x4a00f400 Threw 0x05886420 at C:\jdk7u2_32P\jdk7u13_2932_new\hotspot\src\share\vm\prims\jvm.cpp:1166
Event: 10.930 Thread 0x4a00f400 Threw 0x058a1c90 at C:\jdk7u2_32P\jdk7u13_2932_new\hotspot\src\share\vm\prims\jvm.cpp:1166
Event: 10.936 Thread 0x4a00f400 Threw 0x058b5b48 at C:\jdk7u2_32P\jdk7u13_2932_new\hotspot\src\share\vm\prims\jvm.cpp:1166
Event: 18.914 Thread 0x4a00f400 Threw 0x064a2730 at C:\jdk7u2_32P\jdk7u13_2932_new\hotspot\src\share\vm\prims\jvm.cpp:1166

Events (10 events):
Event: 24.244 Executing VM operation: RevokeBias done
Event: 28.613 loading class 0x49f1c550
Event: 28.614 loading class 0x49f1c550 done
Event: 32.150 Executing VM operation: BulkRevokeBias
Event: 32.151 Executing VM operation: BulkRevokeBias done
Event: 32.207 Executing VM operation: RevokeBias
Event: 32.207 Executing VM operation: RevokeBias done
Event: 34.174 Executing VM operation: BulkRevokeBias
Event: 34.174 Executing VM operation: BulkRevokeBias done
Event: 35.370 Thread 0x4a011c00 Thread added: 0x4a011c00


Dynamic libraries:
0x00c10000 - 0x00c3f000 	D:\JavaJDK\bin\javaw.exe
0x77d00000 - 0x77e42000 	C:\Windows\SYSTEM32\ntdll.dll
0x77940000 - 0x77a15000 	C:\Windows\system32\kernel32.dll
0x75e00000 - 0x75e4b000 	C:\Windows\system32\KERNELBASE.dll
0x77c20000 - 0x77cc1000 	C:\Windows\system32\ADVAPI32.dll
0x77a20000 - 0x77acc000 	C:\Windows\system32\msvcrt.dll
0x762b0000 - 0x762c9000 	C:\Windows\SYSTEM32\sechost.dll
0x76000000 - 0x760a2000 	C:\Windows\system32\RPCRT4.dll
0x75e90000 - 0x75f59000 	C:\Windows\system32\USER32.dll
0x777b0000 - 0x777fe000 	C:\Windows\system32\GDI32.dll
0x76510000 - 0x7651a000 	C:\Windows\system32\LPK.dll
0x75f60000 - 0x75ffd000 	C:\Windows\system32\USP10.dll
0x74a20000 - 0x74bbe000 	C:\Windows\WinSxS\x86_microsoft.windows.common-controls_6595b64144ccf1df_6.0.7601.18837_none_41e855142bd5705d\COMCTL32.dll
0x77450000 - 0x774a7000 	C:\Windows\system32\SHLWAPI.dll
0x762e0000 - 0x762ff000 	C:\Windows\system32\IMM32.DLL
0x77b50000 - 0x77c1c000 	C:\Windows\system32\MSCTF.dll
0x5d490000 - 0x5d54e000 	D:\JavaJDK\jre\bin\msvcr100.dll
0x68380000 - 0x686cd000 	D:\JavaJDK\jre\bin\client\jvm.dll
0x6ef90000 - 0x6ef97000 	C:\Windows\system32\WSOCK32.dll
0x76620000 - 0x76655000 	C:\Windows\system32\WS2_32.dll
0x762d0000 - 0x762d6000 	C:\Windows\system32\NSI.dll
0x75e50000 - 0x75e82000 	C:\Windows\system32\WINMM.dll
0x76580000 - 0x76585000 	C:\Windows\system32\PSAPI.DLL
0x71bd0000 - 0x71bdc000 	D:\JavaJDK\jre\bin\verify.dll
0x71bb0000 - 0x71bd0000 	D:\JavaJDK\jre\bin\java.dll
0x71b90000 - 0x71ba3000 	D:\JavaJDK\jre\bin\zip.dll
0x52370000 - 0x524b2000 	D:\JavaJDK\jre\bin\awt.dll
0x76590000 - 0x7661f000 	C:\Windows\system32\OLEAUT32.dll
0x774b0000 - 0x7760c000 	C:\Windows\system32\ole32.dll
0x747d0000 - 0x74810000 	C:\Windows\system32\uxtheme.dll
0x759b0000 - 0x759fc000 	C:\Windows\system32\apphelp.dll
0x4a6f0000 - 0x4abe7000 	C:\Windows\system32\SOGOUPY.IME
0x73ed0000 - 0x73ed5000 	C:\Windows\system32\MSIMG32.dll
0x73fd0000 - 0x7400c000 	C:\Windows\system32\OLEACC.dll
0x74140000 - 0x74161000 	C:\Windows\system32\ntmarta.dll
0x76530000 - 0x76575000 	C:\Windows\system32\WLDAP32.dll
0x74f90000 - 0x74f99000 	C:\Windows\system32\VERSION.dll
0x76800000 - 0x7744b000 	C:\Windows\system32\SHELL32.dll
0x75b30000 - 0x75b43000 	C:\Windows\system32\dwmapi.dll
0x75a30000 - 0x75a3c000 	C:\Windows\system32\CRYPTBASE.dll
0x6ef40000 - 0x6ef63000 	D:\Program Files\SogouInput\Components\SgAppender\1.0.0.207\SgAppender_Dll.dll
0x61cb0000 - 0x61d43000 	C:\Users\Administrator\AppData\Roaming\TaobaoProtect\TaobaoProtectSE.dll
0x75cd0000 - 0x75df1000 	C:\Windows\system32\CRYPT32.dll
0x75b20000 - 0x75b2c000 	C:\Windows\system32\MSASN1.dll
0x74210000 - 0x74213000 	C:\Windows\system32\sfc.dll
0x74200000 - 0x7420d000 	C:\Windows\system32\sfc_os.DLL
0x5d0d0000 - 0x5d293000 	C:\Windows\system32\d3d9.dll
0x697d0000 - 0x697d6000 	C:\Windows\system32\d3d8thk.dll
0x6cf40000 - 0x6d0cc000 	D:\Program Files\SogouInput\Components\PicFace\1.0.0.1403\PicFace.dll
0x505a0000 - 0x5144e000 	C:\Windows\system32\nvd3dum.dll
0x75ab0000 - 0x75abb000 	C:\Windows\system32\profapi.dll
0x75ca0000 - 0x75cc5000 	C:\Windows\system32\powrprof.dll
0x76660000 - 0x767fd000 	C:\Windows\system32\SETUPAPI.dll
0x75b70000 - 0x75b97000 	C:\Windows\system32\CFGMGR32.dll
0x75b50000 - 0x75b62000 	C:\Windows\system32\DEVOBJ.dll
0x69660000 - 0x6968a000 	D:\JavaJDK\jre\bin\fontmanager.dll
0x71b70000 - 0x71b84000 	D:\JavaJDK\jre\bin\net.dll
0x754e0000 - 0x7551c000 	C:\Windows\system32\mswsock.dll
0x754d0000 - 0x754d6000 	C:\Windows\System32\wship6.dll
0x74a10000 - 0x74a1e000 	D:\JavaJDK\jre\bin\nio.dll
0x4a3c0000 - 0x4a3e9000 	D:\JavaJDK\jre\bin\Jpcap.dll
0x4b420000 - 0x4b46c000 	C:\Windows\system32\wpcap.dll
0x4a4e0000 - 0x4a4f8000 	C:\Windows\system32\packet.dll
0x72c00000 - 0x72c1c000 	C:\Windows\system32\iphlpapi.dll
0x72be0000 - 0x72be7000 	C:\Windows\system32\WINNSI.DLL
0x71220000 - 0x7122d000 	C:\Windows\system32\dhcpcsvc6.DLL
0x71230000 - 0x71242000 	C:\Windows\system32\dhcpcsvc.DLL
0x697e0000 - 0x69811000 	D:\JavaJDK\jre\bin\t2k.dll
0x760b0000 - 0x76133000 	C:\Windows\system32\CLBCatQ.DLL
0x743e0000 - 0x744db000 	C:\Windows\system32\WindowsCodecs.dll
0x6efd0000 - 0x6f004000 	D:\Program Files\360\360safe\safemon\360UDiskGuard.dll
0x6b900000 - 0x6b931000 	C:\Windows\system32\EhStorShell.dll
0x748e0000 - 0x749d5000 	C:\Windows\system32\PROPSYS.dll
0x6b890000 - 0x6b8fa000 	C:\Windows\System32\cscui.dll
0x6b880000 - 0x6b889000 	C:\Windows\System32\CSCDLL.dll
0x6fe40000 - 0x6fe4b000 	C:\Windows\system32\CSCAPI.dll
0x6b810000 - 0x6b880000 	C:\Windows\system32\ntshrui.dll
0x75710000 - 0x75729000 	C:\Windows\system32\srvcli.dll
0x74010000 - 0x7401a000 	C:\Windows\system32\slc.dll
0x4ec20000 - 0x4ecfd000 	D:\Program Files\SogouInput\7.9.0.7582\Resource.dll
0x63d80000 - 0x63da4000 	D:\JavaJDK\jre\bin\dcpr.dll
0x6b940000 - 0x6ba2b000 	C:\Windows\system32\dbghelp.dll

VM Arguments:
jvm_args: -Xms1024m -Xmx1024m -Dfile.encoding=GBK 
java_command: zhuabao0527.ZhuaBaoUI
Launcher Type: SUN_STANDARD

Environment Variables:
JAVA_HOME=D:\JavaJDK
CLASSPATH=.;D:\JavaJDK\lib;D:\JavaJDK\lib\tools.jar
PATH=D:/JavaJDK/bin/../jre/bin/client;D:/JavaJDK/bin/../jre/bin;D:/JavaJDK/bin/../jre/lib/i386;c:\windows\system32;D:\eclipse\sdk\tools;D:\JavaJDK\bin;C:\RailsInstaller1205\Ruby2.1.0\bin;;D:\eclipse;
USERNAME=Administrator
OS=Windows_NT
PROCESSOR_IDENTIFIER=x86 Family 6 Model 37 Stepping 2, GenuineIntel



---------------  S Y S T E M  ---------------

OS: Windows 7 Build 7601 Service Pack 1

CPU:total 4 (2 cores per cpu, 2 threads per core) family 6 model 37 stepping 2, cmov, cx8, fxsr, mmx, sse, sse2, sse3, ssse3, sse4.1, sse4.2, popcnt, ht, tsc, tscinvbit

Memory: 4k page, physical 3070824k(976020k free), swap 6139924k(2010868k free)

vm_info: Java HotSpot(TM) Client VM (23.7-b01) for windows-x86 JRE (1.7.0_13-b20), built on Jan 30 2013 10:03:58 by "java_re" with unknown MS VC++:1600

time: Thu Jun 02 22:27:44 2016
elapsed time: 35 seconds

