#
# A fatal error has been detected by the Java Runtime Environment:
#
#  EXCEPTION_ACCESS_VIOLATION (0xc0000005) at pc=0x684263ea, pid=1932, tid=15604
#
# JRE version: 7.0_13-b20
# Java VM: Java HotSpot(TM) Client VM (23.7-b01 mixed mode windows-x86 )
# Problematic frame:
# V  [jvm.dll+0xa63ea]
#
# Failed to write core dump. Minidumps are not enabled by default on client versions of Windows
#
# If you would like to submit a bug report, please visit:
#   http://bugreport.sun.com/bugreport/crash.jsp
#

---------------  T H R E A D  ---------------

Current thread (0x4e0b4400):  JavaThread "SwingWorker-pool-1-thread-2" daemon [_thread_in_vm, id=15604, stack(0x50220000,0x50270000)]

siginfo: ExceptionCode=0xc0000005, reading address 0x00000000

Registers:
EAX=0x00000000, EBX=0x4e0b4528, ECX=0x00000000, EDX=0x44344fa0
ESP=0x5026edb0, EBP=0x5026edc8, ESI=0x44344690, EDI=0x4e0b4400
EIP=0x684263ea, EFLAGS=0x00010246

Top of Stack: (sp=0x5026edb0)
0x5026edb0:   4e0b4528 00000000 4e0b4400 00000000
0x5026edc0:   00000000 00000000 5026f650 4a4d1bcb
0x5026edd0:   4e0b4528 00000000 00000000 4e0b4400
0x5026ede0:   44344690 5026f638 44344698 00000000
0x5026edf0:   00000000 00000000 00000000 00000000
0x5026ee00:   00000000 00000000 00000000 00000000
0x5026ee10:   00000000 00000000 00000000 00000000
0x5026ee20:   00000000 00000000 00000000 00000000 

Instructions: (pc=0x684263ea)
0x684263ca:   ff 83 c4 08 83 7f 04 00 89 7d f0 c7 45 f4 00 00
0x684263da:   00 00 74 08 8d 4d f0 e8 da 6c 0c 00 8b 45 0c 53
0x684263ea:   8b 18 56 53 e8 5d a7 f7 ff 8d 70 01 56 e8 04 a6
0x684263fa:   08 00 83 c4 08 89 45 08 85 c0 75 19 68 38 ca 60 


Register to memory mapping:

EAX=0x00000000 is an unknown value
EBX=0x4e0b4528 is an unknown value
ECX=0x00000000 is an unknown value
EDX=0x44344fa0 is an oop
{constant pool cache} 
 - klass: {other class}
ESP=0x5026edb0 is pointing into the stack for thread: 0x4e0b4400
EBP=0x5026edc8 is pointing into the stack for thread: 0x4e0b4400
ESI=0x44344690 is an oop
{constMethod} 
 - klass: {other class}
 - method:       0x44344698 {method} 'setFilter' '(Ljava/lang/String;Z)V' in 'jpcap/JpcapCaptor'
 - exceptions:   0x43de1128
EDI=0x4e0b4400 is a thread


Stack: [0x50220000,0x50270000],  sp=0x5026edb0,  free space=315k
Native frames: (J=compiled Java code, j=interpreted, Vv=VM code, C=native code)
V  [jvm.dll+0xa63ea]
C  [Jpcap.dll+0x1bcb]  Java_jpcap_JpcapCaptor_setFilter+0x3b

Java frames: (J=compiled Java code, j=interpreted, Vv=VM code)
j  jpcap.JpcapCaptor.setFilter(Ljava/lang/String;Z)V+0
j  zhuabao0527.TableFrame$7.doInBackground()Ljava/lang/Void;+89
j  zhuabao0527.TableFrame$7.doInBackground()Ljava/lang/Object;+1
j  javax.swing.SwingWorker$1.call()Ljava/lang/Object;+14
j  java.util.concurrent.FutureTask$Sync.innerRun()V+29
j  java.util.concurrent.FutureTask.run()V+4
j  javax.swing.SwingWorker.run()V+4
j  java.util.concurrent.ThreadPoolExecutor.runWorker(Ljava/util/concurrent/ThreadPoolExecutor$Worker;)V+95
j  java.util.concurrent.ThreadPoolExecutor$Worker.run()V+5
j  java.lang.Thread.run()V+11
v  ~StubRoutines::call_stub

---------------  P R O C E S S  ---------------

Java Threads: ( => current thread )
=>0x4e0b4400 JavaThread "SwingWorker-pool-1-thread-2" daemon [_thread_in_vm, id=15604, stack(0x50220000,0x50270000)]
  0x4dffa400 JavaThread "SwingWorker-pool-1-thread-1" daemon [_thread_blocked, id=15700, stack(0x50550000,0x505a0000)]
  0x4dfe8800 JavaThread "D3D Screen Updater" daemon [_thread_blocked, id=15948, stack(0x502f0000,0x50340000)]
  0x4dfc5400 JavaThread "TimerQueue" daemon [_thread_blocked, id=14988, stack(0x4e270000,0x4e2c0000)]
  0x01bea800 JavaThread "DestroyJavaVM" [_thread_blocked, id=14908, stack(0x00da0000,0x00df0000)]
  0x49fe5400 JavaThread "AWT-EventQueue-0" [_thread_blocked, id=15924, stack(0x4b4f0000,0x4b540000)]
  0x49fe5000 JavaThread "AWT-Windows" daemon [_thread_in_native, id=15320, stack(0x4a510000,0x4a560000)]
  0x49fe4800 JavaThread "AWT-Shutdown" [_thread_blocked, id=14744, stack(0x4a480000,0x4a4d0000)]
  0x49fe2000 JavaThread "Java2D Disposer" daemon [_thread_blocked, id=13036, stack(0x4a400000,0x4a450000)]
  0x49ebe000 JavaThread "Service Thread" daemon [_thread_blocked, id=6040, stack(0x4a330000,0x4a380000)]
  0x49eacc00 JavaThread "C1 CompilerThread0" daemon [_thread_blocked, id=1596, stack(0x4a220000,0x4a270000)]
  0x49e9e000 JavaThread "Attach Listener" daemon [_thread_blocked, id=16136, stack(0x4a1d0000,0x4a220000)]
  0x49e9ac00 JavaThread "Signal Dispatcher" daemon [_thread_blocked, id=15396, stack(0x4a040000,0x4a090000)]
  0x49e21400 JavaThread "Finalizer" daemon [_thread_blocked, id=15940, stack(0x4a0d0000,0x4a120000)]
  0x49e1a000 JavaThread "Reference Handler" daemon [_thread_blocked, id=1460, stack(0x01b80000,0x01bd0000)]

Other Threads:
  0x49e14c00 VMThread [stack: 0x01d50000,0x01da0000] [id=14468]
  0x49ec8000 WatcherThread [stack: 0x4a390000,0x4a3e0000] [id=14396]

VM state:not at safepoint (normal execution)

VM Mutex/Monitor currently owned by a thread: None

Heap
 def new generation   total 314560K, used 55923K [0x03de0000, 0x19330000, 0x19330000)
  eden space 279616K,  20% used [0x03de0000, 0x0747cf38, 0x14ef0000)
  from space 34944K,   0% used [0x14ef0000, 0x14ef0000, 0x17110000)
  to   space 34944K,   0% used [0x17110000, 0x17110000, 0x19330000)
 tenured generation   total 699072K, used 0K [0x19330000, 0x43de0000, 0x43de0000)
   the space 699072K,   0% used [0x19330000, 0x19330000, 0x19330200, 0x43de0000)
 compacting perm gen  total 12288K, used 9021K [0x43de0000, 0x449e0000, 0x47de0000)
   the space 12288K,  73% used [0x43de0000, 0x446af4a0, 0x446af600, 0x449e0000)
No shared spaces configured.

Card table byte_map: [0x49be0000,0x49e10000] byte_map_base: 0x49bc1100

Polling page: 0x00560000

Code Cache  [0x01de0000, 0x01f68000, 0x03de0000)
 total_blobs=964 nmethods=712 adapters=186 free_code_cache=31214Kb largest_free_block=31963136

Compilation events (10 events):
Event: 15.149 Thread 0x49eacc00  707             java.awt.AWTEvent::<init> (81 bytes)
Event: 15.150 Thread 0x49eacc00 nmethod 707 0x01f62d08 code [0x01f62e30, 0x01f63014]
Event: 15.476 Thread 0x49eacc00  709             java.awt.event.MouseEvent::getModifiersEx (29 bytes)
Event: 15.476 Thread 0x49eacc00 nmethod 709 0x01f63408 code [0x01f63500, 0x01f635bc]
Event: 16.099 Thread 0x49eacc00  710             sun.awt.image.VolatileSurfaceManager::getPrimarySurfaceData (5 bytes)
Event: 16.099 Thread 0x49eacc00 nmethod 710 0x01f63648 code [0x01f63740, 0x01f637c0]
Event: 16.175 Thread 0x49eacc00  711             java.util.Arrays::deepHashCode (275 bytes)
Event: 16.176 Thread 0x49eacc00 nmethod 711 0x01f63808 code [0x01f639b0, 0x01f63ec8]
Event: 16.212 Thread 0x49eacc00  712   !         java.awt.EventQueue::getNextEvent (80 bytes)
Event: 16.213 Thread 0x49eacc00 nmethod 712 0x01f64288 code [0x01f643f0, 0x01f645d0]

GC Heap History (0 events):
No events

Deoptimization events (0 events):
No events

Internal exceptions (10 events):
Event: 1.152 Thread 0x49fe5400 Threw 0x056daa18 at C:\jdk7u2_32P\jdk7u13_2932_new\hotspot\src\share\vm\prims\jvm.cpp:1166
Event: 1.152 Thread 0x49fe5400 Threw 0x056db420 at C:\jdk7u2_32P\jdk7u13_2932_new\hotspot\src\share\vm\prims\jvm.cpp:1166
Event: 6.343 Thread 0x49fe5400 Threw 0x057e2388 at C:\jdk7u2_32P\jdk7u13_2932_new\hotspot\src\share\vm\prims\jvm.cpp:1166
Event: 6.384 Thread 0x49fe5400 Threw 0x05812bd8 at C:\jdk7u2_32P\jdk7u13_2932_new\hotspot\src\share\vm\prims\jvm.cpp:1166
Event: 6.385 Thread 0x49fe5400 Threw 0x05814088 at C:\jdk7u2_32P\jdk7u13_2932_new\hotspot\src\share\vm\prims\jvm.cpp:1166
Event: 6.385 Thread 0x49fe5400 Threw 0x05815480 at C:\jdk7u2_32P\jdk7u13_2932_new\hotspot\src\share\vm\prims\jvm.cpp:1166
Event: 6.386 Thread 0x49fe5400 Threw 0x05816840 at C:\jdk7u2_32P\jdk7u13_2932_new\hotspot\src\share\vm\prims\jvm.cpp:1166
Event: 6.397 Thread 0x49fe5400 Threw 0x058320b0 at C:\jdk7u2_32P\jdk7u13_2932_new\hotspot\src\share\vm\prims\jvm.cpp:1166
Event: 6.405 Thread 0x49fe5400 Threw 0x05845f68 at C:\jdk7u2_32P\jdk7u13_2932_new\hotspot\src\share\vm\prims\jvm.cpp:1166
Event: 7.518 Thread 0x49fe5400 Threw 0x05907338 at C:\jdk7u2_32P\jdk7u13_2932_new\hotspot\src\share\vm\prims\jvm.cpp:1166

Events (10 events):
Event: 8.468 Executing VM operation: RevokeBias done
Event: 8.502 Executing VM operation: RevokeBias
Event: 8.502 Executing VM operation: RevokeBias done
Event: 8.502 loading class 0x49f33de8
Event: 8.502 loading class 0x49f33de8 done
Event: 8.511 Executing VM operation: RevokeBias
Event: 8.511 Executing VM operation: RevokeBias done
Event: 8.772 loading class 0x49fdb698
Event: 8.772 loading class 0x49fdb698 done
Event: 16.173 Thread 0x4e0b4400 Thread added: 0x4e0b4400


Dynamic libraries:
0x00e00000 - 0x00e2f000 	D:\JavaJDK\bin\javaw.exe
0x77d00000 - 0x77e42000 	C:\Windows\SYSTEM32\ntdll.dll
0x77940000 - 0x77a15000 	C:\Windows\system32\kernel32.dll
0x75e00000 - 0x75e4b000 	C:\Windows\system32\KERNELBASE.dll
0x77c20000 - 0x77cc1000 	C:\Windows\system32\ADVAPI32.dll
0x77a20000 - 0x77acc000 	C:\Windows\system32\msvcrt.dll
0x762b0000 - 0x762c9000 	C:\Windows\SYSTEM32\sechost.dll
0x76000000 - 0x760a2000 	C:\Windows\system32\RPCRT4.dll
0x75e90000 - 0x75f59000 	C:\Windows\system32\USER32.dll
0x777b0000 - 0x777fe000 	C:\Windows\system32\GDI32.dll
0x76510000 - 0x7651a000 	C:\Windows\system32\LPK.dll
0x75f60000 - 0x75ffd000 	C:\Windows\system32\USP10.dll
0x74a20000 - 0x74bbe000 	C:\Windows\WinSxS\x86_microsoft.windows.common-controls_6595b64144ccf1df_6.0.7601.18837_none_41e855142bd5705d\COMCTL32.dll
0x77450000 - 0x774a7000 	C:\Windows\system32\SHLWAPI.dll
0x762e0000 - 0x762ff000 	C:\Windows\system32\IMM32.DLL
0x77b50000 - 0x77c1c000 	C:\Windows\system32\MSCTF.dll
0x5fca0000 - 0x5fd5e000 	D:\JavaJDK\jre\bin\msvcr100.dll
0x68380000 - 0x686cd000 	D:\JavaJDK\jre\bin\client\jvm.dll
0x6ef90000 - 0x6ef97000 	C:\Windows\system32\WSOCK32.dll
0x76620000 - 0x76655000 	C:\Windows\system32\WS2_32.dll
0x762d0000 - 0x762d6000 	C:\Windows\system32\NSI.dll
0x75e50000 - 0x75e82000 	C:\Windows\system32\WINMM.dll
0x76580000 - 0x76585000 	C:\Windows\system32\PSAPI.DLL
0x71bd0000 - 0x71bdc000 	D:\JavaJDK\jre\bin\verify.dll
0x71bb0000 - 0x71bd0000 	D:\JavaJDK\jre\bin\java.dll
0x71b90000 - 0x71ba3000 	D:\JavaJDK\jre\bin\zip.dll
0x5d5b0000 - 0x5d6f2000 	D:\JavaJDK\jre\bin\awt.dll
0x76590000 - 0x7661f000 	C:\Windows\system32\OLEAUT32.dll
0x774b0000 - 0x7760c000 	C:\Windows\system32\ole32.dll
0x747d0000 - 0x74810000 	C:\Windows\system32\uxtheme.dll
0x759b0000 - 0x759fc000 	C:\Windows\system32\apphelp.dll
0x4a760000 - 0x4ac57000 	C:\Windows\system32\SOGOUPY.IME
0x73ed0000 - 0x73ed5000 	C:\Windows\system32\MSIMG32.dll
0x73fd0000 - 0x7400c000 	C:\Windows\system32\OLEACC.dll
0x74140000 - 0x74161000 	C:\Windows\system32\ntmarta.dll
0x76530000 - 0x76575000 	C:\Windows\system32\WLDAP32.dll
0x74f90000 - 0x74f99000 	C:\Windows\system32\VERSION.dll
0x76800000 - 0x7744b000 	C:\Windows\system32\SHELL32.dll
0x75b30000 - 0x75b43000 	C:\Windows\system32\dwmapi.dll
0x75a30000 - 0x75a3c000 	C:\Windows\system32\CRYPTBASE.dll
0x6ef40000 - 0x6ef63000 	D:\Program Files\SogouInput\Components\SgAppender\1.0.0.207\SgAppender_Dll.dll
0x6cf40000 - 0x6d0cc000 	D:\Program Files\SogouInput\Components\PicFace\1.0.0.1403\PicFace.dll
0x75ab0000 - 0x75abb000 	C:\Windows\system32\profapi.dll
0x61cb0000 - 0x61d43000 	C:\Users\Administrator\AppData\Roaming\TaobaoProtect\TaobaoProtectSE.dll
0x75cd0000 - 0x75df1000 	C:\Windows\system32\CRYPT32.dll
0x75b20000 - 0x75b2c000 	C:\Windows\system32\MSASN1.dll
0x74210000 - 0x74213000 	C:\Windows\system32\sfc.dll
0x74200000 - 0x7420d000 	C:\Windows\system32\sfc_os.DLL
0x5d0d0000 - 0x5d293000 	C:\Windows\system32\d3d9.dll
0x697d0000 - 0x697d6000 	C:\Windows\system32\d3d8thk.dll
0x505a0000 - 0x5144e000 	C:\Windows\system32\nvd3dum.dll
0x75ca0000 - 0x75cc5000 	C:\Windows\system32\powrprof.dll
0x76660000 - 0x767fd000 	C:\Windows\system32\SETUPAPI.dll
0x75b70000 - 0x75b97000 	C:\Windows\system32\CFGMGR32.dll
0x75b50000 - 0x75b62000 	C:\Windows\system32\DEVOBJ.dll
0x66f50000 - 0x66f7a000 	D:\JavaJDK\jre\bin\fontmanager.dll
0x71b70000 - 0x71b84000 	D:\JavaJDK\jre\bin\net.dll
0x754e0000 - 0x7551c000 	C:\Windows\system32\mswsock.dll
0x754d0000 - 0x754d6000 	C:\Windows\System32\wship6.dll
0x74a10000 - 0x74a1e000 	D:\JavaJDK\jre\bin\nio.dll
0x4a4d0000 - 0x4a4f9000 	D:\JavaJDK\jre\bin\Jpcap.dll
0x4a690000 - 0x4a6dc000 	C:\Windows\system32\wpcap.dll
0x4a640000 - 0x4a658000 	C:\Windows\system32\packet.dll
0x72c00000 - 0x72c1c000 	C:\Windows\system32\iphlpapi.dll
0x72be0000 - 0x72be7000 	C:\Windows\system32\WINNSI.DLL
0x71220000 - 0x7122d000 	C:\Windows\system32\dhcpcsvc6.DLL
0x71230000 - 0x71242000 	C:\Windows\system32\dhcpcsvc.DLL
0x631d0000 - 0x63201000 	D:\JavaJDK\jre\bin\t2k.dll
0x760b0000 - 0x76133000 	C:\Windows\system32\CLBCatQ.DLL
0x743e0000 - 0x744db000 	C:\Windows\system32\WindowsCodecs.dll
0x6efd0000 - 0x6f004000 	D:\Program Files\360\360safe\safemon\360UDiskGuard.dll
0x6b900000 - 0x6b931000 	C:\Windows\system32\EhStorShell.dll
0x748e0000 - 0x749d5000 	C:\Windows\system32\PROPSYS.dll
0x6b890000 - 0x6b8fa000 	C:\Windows\System32\cscui.dll
0x6b880000 - 0x6b889000 	C:\Windows\System32\CSCDLL.dll
0x6fe40000 - 0x6fe4b000 	C:\Windows\system32\CSCAPI.dll
0x6b810000 - 0x6b880000 	C:\Windows\system32\ntshrui.dll
0x75710000 - 0x75729000 	C:\Windows\system32\srvcli.dll
0x74010000 - 0x7401a000 	C:\Windows\system32\slc.dll
0x4ff50000 - 0x5002d000 	D:\Program Files\SogouInput\7.9.0.7582\Resource.dll
0x66320000 - 0x66344000 	D:\JavaJDK\jre\bin\dcpr.dll
0x6b940000 - 0x6ba2b000 	C:\Windows\system32\dbghelp.dll

VM Arguments:
jvm_args: -Xms1024m -Xmx1024m -Dfile.encoding=GBK 
java_command: zhuabao0527.ZhuaBaoUI
Launcher Type: SUN_STANDARD

Environment Variables:
JAVA_HOME=D:\JavaJDK
CLASSPATH=.;D:\JavaJDK\lib;D:\JavaJDK\lib\tools.jar
PATH=D:/JavaJDK/bin/../jre/bin/client;D:/JavaJDK/bin/../jre/bin;D:/JavaJDK/bin/../jre/lib/i386;c:\windows\system32;D:\eclipse\sdk\tools;D:\JavaJDK\bin;C:\RailsInstaller1205\Ruby2.1.0\bin;;D:\eclipse;
USERNAME=Administrator
OS=Windows_NT
PROCESSOR_IDENTIFIER=x86 Family 6 Model 37 Stepping 2, GenuineIntel



---------------  S Y S T E M  ---------------

OS: Windows 7 Build 7601 Service Pack 1

CPU:total 4 (2 cores per cpu, 2 threads per core) family 6 model 37 stepping 2, cmov, cx8, fxsr, mmx, sse, sse2, sse3, ssse3, sse4.1, sse4.2, popcnt, ht, tsc, tscinvbit

Memory: 4k page, physical 3070824k(1263548k free), swap 6139924k(2468364k free)

vm_info: Java HotSpot(TM) Client VM (23.7-b01) for windows-x86 JRE (1.7.0_13-b20), built on Jan 30 2013 10:03:58 by "java_re" with unknown MS VC++:1600

time: Fri Jun 03 00:15:27 2016
elapsed time: 16 seconds

