#
# A fatal error has been detected by the Java Runtime Environment:
#
#  EXCEPTION_ACCESS_VIOLATION (0xc0000005) at pc=0x59b263ea, pid=7328, tid=7208
#
# JRE version: 7.0_13-b20
# Java VM: Java HotSpot(TM) Client VM (23.7-b01 mixed mode windows-x86 )
# Problematic frame:
# V  [jvm.dll+0xa63ea]
#
# Failed to write core dump. Minidumps are not enabled by default on client versions of Windows
#
# If you would like to submit a bug report, please visit:
#   http://bugreport.sun.com/bugreport/crash.jsp
#

---------------  T H R E A D  ---------------

Current thread (0x4a00d000):  JavaThread "SwingWorker-pool-1-thread-2" daemon [_thread_in_vm, id=7208, stack(0x50140000,0x50190000)]

siginfo: ExceptionCode=0xc0000005, reading address 0x00000000

Registers:
EAX=0x00000000, EBX=0x4a00d128, ECX=0x00000000, EDX=0x44214f08
ESP=0x5018ee30, EBP=0x5018ee48, ESI=0x442145f8, EDI=0x4a00d000
EIP=0x59b263ea, EFLAGS=0x00010246

Top of Stack: (sp=0x5018ee30)
0x5018ee30:   4a00d128 00000000 4a00d000 00000000
0x5018ee40:   00000000 00000000 5018f6d0 4b231bcb
0x5018ee50:   4a00d128 00000000 00000000 4a00d000
0x5018ee60:   442145f8 5018f6b8 44214600 00000000
0x5018ee70:   00000000 00000000 00000000 00000000
0x5018ee80:   00000000 00000000 00000000 00000000
0x5018ee90:   00000000 00000000 00000000 00000000
0x5018eea0:   00000000 00000000 00000000 00000000 

Instructions: (pc=0x59b263ea)
0x59b263ca:   ff 83 c4 08 83 7f 04 00 89 7d f0 c7 45 f4 00 00
0x59b263da:   00 00 74 08 8d 4d f0 e8 da 6c 0c 00 8b 45 0c 53
0x59b263ea:   8b 18 56 53 e8 5d a7 f7 ff 8d 70 01 56 e8 04 a6
0x59b263fa:   08 00 83 c4 08 89 45 08 85 c0 75 19 68 38 ca d0 


Register to memory mapping:

EAX=0x00000000 is an unknown value
EBX=0x4a00d128 is an unknown value
ECX=0x00000000 is an unknown value
EDX=0x44214f08 is an oop
{constant pool cache} 
 - klass: {other class}
ESP=0x5018ee30 is pointing into the stack for thread: 0x4a00d000
EBP=0x5018ee48 is pointing into the stack for thread: 0x4a00d000
ESI=0x442145f8 is an oop
{constMethod} 
 - klass: {other class}
 - method:       0x44214600 {method} 'setFilter' '(Ljava/lang/String;Z)V' in 'jpcap/JpcapCaptor'
 - exceptions:   0x43cb1128
EDI=0x4a00d000 is a thread


Stack: [0x50140000,0x50190000],  sp=0x5018ee30,  free space=315k
Native frames: (J=compiled Java code, j=interpreted, Vv=VM code, C=native code)
V  [jvm.dll+0xa63ea]
C  [Jpcap.dll+0x1bcb]  Java_jpcap_JpcapCaptor_setFilter+0x3b

Java frames: (J=compiled Java code, j=interpreted, Vv=VM code)
j  jpcap.JpcapCaptor.setFilter(Ljava/lang/String;Z)V+0
j  zhuabao0527.TableFrame$7.doInBackground()Ljava/lang/Void;+89
j  zhuabao0527.TableFrame$7.doInBackground()Ljava/lang/Object;+1
j  javax.swing.SwingWorker$1.call()Ljava/lang/Object;+14
j  java.util.concurrent.FutureTask$Sync.innerRun()V+29
j  java.util.concurrent.FutureTask.run()V+4
j  javax.swing.SwingWorker.run()V+4
j  java.util.concurrent.ThreadPoolExecutor.runWorker(Ljava/util/concurrent/ThreadPoolExecutor$Worker;)V+95
j  java.util.concurrent.ThreadPoolExecutor$Worker.run()V+5
j  java.lang.Thread.run()V+11
v  ~StubRoutines::call_stub

---------------  P R O C E S S  ---------------

Java Threads: ( => current thread )
=>0x4a00d000 JavaThread "SwingWorker-pool-1-thread-2" daemon [_thread_in_vm, id=7208, stack(0x50140000,0x50190000)]
  0x4a00c400 JavaThread "SwingWorker-pool-1-thread-1" daemon [_thread_blocked, id=5600, stack(0x50bf0000,0x50c40000)]
  0x4a00bc00 JavaThread "D3D Screen Updater" daemon [_thread_blocked, id=7656, stack(0x500d0000,0x50120000)]
  0x4a00b800 JavaThread "TimerQueue" daemon [_thread_blocked, id=4192, stack(0x4e4f0000,0x4e540000)]
  0x4a00b000 JavaThread "DestroyJavaVM" [_thread_blocked, id=7940, stack(0x00e70000,0x00ec0000)]
  0x4a00a800 JavaThread "AWT-EventQueue-0" [_thread_blocked, id=6520, stack(0x4b680000,0x4b6d0000)]
  0x4a00a400 JavaThread "AWT-Windows" daemon [_thread_in_native, id=5668, stack(0x4a1b0000,0x4a200000)]
  0x4a009c00 JavaThread "AWT-Shutdown" [_thread_blocked, id=4536, stack(0x4a400000,0x4a450000)]
  0x4a009800 JavaThread "Java2D Disposer" daemon [_thread_blocked, id=8036, stack(0x4a2c0000,0x4a310000)]
  0x49ed5400 JavaThread "Service Thread" daemon [_thread_blocked, id=7380, stack(0x00f80000,0x00fd0000)]
  0x49ed0800 JavaThread "C1 CompilerThread0" daemon [_thread_blocked, id=4768, stack(0x4a0f0000,0x4a140000)]
  0x49ecf400 JavaThread "Attach Listener" daemon [_thread_blocked, id=6288, stack(0x4a240000,0x4a290000)]
  0x49ecc000 JavaThread "Signal Dispatcher" daemon [_thread_blocked, id=1172, stack(0x4a0a0000,0x4a0f0000)]
  0x49e4f000 JavaThread "Finalizer" daemon [_thread_blocked, id=8116, stack(0x00fd0000,0x01020000)]
  0x49e4a400 JavaThread "Reference Handler" daemon [_thread_blocked, id=2824, stack(0x4a160000,0x4a1b0000)]

Other Threads:
  0x49e44c00 VMThread [stack: 0x01030000,0x01080000] [id=7304]
  0x49eef800 WatcherThread [stack: 0x4a040000,0x4a090000] [id=6932]

VM state:not at safepoint (normal execution)

VM Mutex/Monitor currently owned by a thread: None

Heap
 def new generation   total 314560K, used 55924K [0x03cb0000, 0x19200000, 0x19200000)
  eden space 279616K,  20% used [0x03cb0000, 0x0734d348, 0x14dc0000)
  from space 34944K,   0% used [0x14dc0000, 0x14dc0000, 0x16fe0000)
  to   space 34944K,   0% used [0x16fe0000, 0x16fe0000, 0x19200000)
 tenured generation   total 699072K, used 0K [0x19200000, 0x43cb0000, 0x43cb0000)
   the space 699072K,   0% used [0x19200000, 0x19200000, 0x19200200, 0x43cb0000)
 compacting perm gen  total 12288K, used 9022K [0x43cb0000, 0x448b0000, 0x47cb0000)
   the space 12288K,  73% used [0x43cb0000, 0x4457f8c0, 0x4457fa00, 0x448b0000)
No shared spaces configured.

Card table byte_map: [0x49ab0000,0x49ce0000] byte_map_base: 0x49a91a80

Polling page: 0x00170000

Code Cache  [0x01cb0000, 0x01e38000, 0x03cb0000)
 total_blobs=974 nmethods=722 adapters=186 free_code_cache=31201Kb largest_free_block=31950464

Compilation events (10 events):
Event: 8.454 Thread 0x49ed0800  718             java.awt.Color::getGreen (12 bytes)
Event: 8.454 Thread 0x49ed0800 nmethod 718 0x01e36dc8 code [0x01e36ed0, 0x01e36f6c]
Event: 8.454 Thread 0x49ed0800  719             java.awt.Color::getBlue (11 bytes)
Event: 8.454 Thread 0x49ed0800 nmethod 719 0x01e36fc8 code [0x01e370d0, 0x01e3716c]
Event: 8.455 Thread 0x49ed0800  720             sun.awt.image.VolatileSurfaceManager::getPrimarySurfaceData (5 bytes)
Event: 8.455 Thread 0x49ed0800 nmethod 720 0x01e371c8 code [0x01e372c0, 0x01e37340]
Event: 8.539 Thread 0x49ed0800  721   !         java.lang.ref.ReferenceQueue::poll (28 bytes)
Event: 8.540 Thread 0x49ed0800 nmethod 721 0x01e37388 code [0x01e37490, 0x01e376bc]
Event: 8.821 Thread 0x49ed0800  722             java.lang.ref.WeakReference::<init> (6 bytes)
Event: 8.821 Thread 0x49ed0800 nmethod 722 0x01e37788 code [0x01e37880, 0x01e37920]

GC Heap History (0 events):
No events

Deoptimization events (0 events):
No events

Internal exceptions (10 events):
Event: 0.937 Thread 0x4a00a800 Threw 0x055aa568 at C:\jdk7u2_32P\jdk7u13_2932_new\hotspot\src\share\vm\prims\jvm.cpp:1166
Event: 0.937 Thread 0x4a00a800 Threw 0x055aaf70 at C:\jdk7u2_32P\jdk7u13_2932_new\hotspot\src\share\vm\prims\jvm.cpp:1166
Event: 4.420 Thread 0x4a00a800 Threw 0x056b7df0 at C:\jdk7u2_32P\jdk7u13_2932_new\hotspot\src\share\vm\prims\jvm.cpp:1166
Event: 4.456 Thread 0x4a00a800 Threw 0x056f2060 at C:\jdk7u2_32P\jdk7u13_2932_new\hotspot\src\share\vm\prims\jvm.cpp:1166
Event: 4.457 Thread 0x4a00a800 Threw 0x056f3510 at C:\jdk7u2_32P\jdk7u13_2932_new\hotspot\src\share\vm\prims\jvm.cpp:1166
Event: 4.457 Thread 0x4a00a800 Threw 0x056f4908 at C:\jdk7u2_32P\jdk7u13_2932_new\hotspot\src\share\vm\prims\jvm.cpp:1166
Event: 4.458 Thread 0x4a00a800 Threw 0x056f5cc8 at C:\jdk7u2_32P\jdk7u13_2932_new\hotspot\src\share\vm\prims\jvm.cpp:1166
Event: 4.468 Thread 0x4a00a800 Threw 0x057114e0 at C:\jdk7u2_32P\jdk7u13_2932_new\hotspot\src\share\vm\prims\jvm.cpp:1166
Event: 4.475 Thread 0x4a00a800 Threw 0x05725368 at C:\jdk7u2_32P\jdk7u13_2932_new\hotspot\src\share\vm\prims\jvm.cpp:1166
Event: 5.668 Thread 0x4a00a800 Threw 0x062ed3d8 at C:\jdk7u2_32P\jdk7u13_2932_new\hotspot\src\share\vm\prims\jvm.cpp:1166

Events (10 events):
Event: 8.080 Executing VM operation: RevokeBias done
Event: 8.081 Executing VM operation: RevokeBias
Event: 8.081 Executing VM operation: RevokeBias done
Event: 8.098 Executing VM operation: RevokeBias
Event: 8.099 Executing VM operation: RevokeBias done
Event: 8.252 loading class 0x4dc37c78
Event: 8.252 loading class 0x4dc37c78 done
Event: 8.265 Executing VM operation: RevokeBias
Event: 8.265 Executing VM operation: RevokeBias done
Event: 9.732 Thread 0x4a00d000 Thread added: 0x4a00d000


Dynamic libraries:
0x01080000 - 0x010af000 	D:\JavaJDK\bin\javaw.exe
0x77180000 - 0x772c2000 	C:\Windows\SYSTEM32\ntdll.dll
0x75580000 - 0x75655000 	C:\Windows\system32\kernel32.dll
0x75250000 - 0x7529b000 	C:\Windows\system32\KERNELBASE.dll
0x75660000 - 0x75701000 	C:\Windows\system32\ADVAPI32.dll
0x75af0000 - 0x75b9c000 	C:\Windows\system32\msvcrt.dll
0x77340000 - 0x77359000 	C:\Windows\SYSTEM32\sechost.dll
0x75c00000 - 0x75ca2000 	C:\Windows\system32\RPCRT4.dll
0x75cb0000 - 0x75d79000 	C:\Windows\system32\USER32.dll
0x76c70000 - 0x76cbe000 	C:\Windows\system32\GDI32.dll
0x773c0000 - 0x773ca000 	C:\Windows\system32\LPK.dll
0x76f60000 - 0x76ffd000 	C:\Windows\system32\USP10.dll
0x73ea0000 - 0x7403e000 	C:\Windows\WinSxS\x86_microsoft.windows.common-controls_6595b64144ccf1df_6.0.7601.18837_none_41e855142bd5705d\COMCTL32.dll
0x75ba0000 - 0x75bf7000 	C:\Windows\system32\SHLWAPI.dll
0x772d0000 - 0x772ef000 	C:\Windows\system32\IMM32.DLL
0x76e00000 - 0x76ecc000 	C:\Windows\system32\MSCTF.dll
0x68270000 - 0x6832e000 	D:\JavaJDK\jre\bin\msvcr100.dll
0x59a80000 - 0x59dcd000 	D:\JavaJDK\jre\bin\client\jvm.dll
0x6bef0000 - 0x6bef7000 	C:\Windows\system32\WSOCK32.dll
0x754c0000 - 0x754f5000 	C:\Windows\system32\WS2_32.dll
0x75710000 - 0x75716000 	C:\Windows\system32\NSI.dll
0x75000000 - 0x75032000 	C:\Windows\system32\WINMM.dll
0x77330000 - 0x77335000 	C:\Windows\system32\PSAPI.DLL
0x73e80000 - 0x73e8c000 	D:\JavaJDK\jre\bin\verify.dll
0x711b0000 - 0x711d0000 	D:\JavaJDK\jre\bin\java.dll
0x716f0000 - 0x71703000 	D:\JavaJDK\jre\bin\zip.dll
0x67f40000 - 0x68082000 	D:\JavaJDK\jre\bin\awt.dll
0x76ed0000 - 0x76f5f000 	C:\Windows\system32\OLEAUT32.dll
0x75310000 - 0x7546c000 	C:\Windows\system32\ole32.dll
0x73c50000 - 0x73c90000 	C:\Windows\system32\uxtheme.dll
0x74e60000 - 0x74eac000 	C:\Windows\system32\apphelp.dll
0x4a530000 - 0x4aa27000 	C:\Windows\system32\SOGOUPY.IME
0x73510000 - 0x73515000 	C:\Windows\system32\MSIMG32.dll
0x735b0000 - 0x735ec000 	C:\Windows\system32\OLEACC.dll
0x734e0000 - 0x73501000 	C:\Windows\system32\ntmarta.dll
0x75470000 - 0x754b5000 	C:\Windows\system32\WLDAP32.dll
0x74410000 - 0x74419000 	C:\Windows\system32\VERSION.dll
0x75d80000 - 0x769cb000 	C:\Windows\system32\SHELL32.dll
0x6be10000 - 0x6be33000 	D:\Program Files\SogouInput\Components\SgAppender\1.0.0.207\SgAppender_Dll.dll
0x74fb0000 - 0x74fc3000 	C:\Windows\system32\dwmapi.dll
0x74eb0000 - 0x74ebc000 	C:\Windows\system32\CRYPTBASE.dll
0x6bc50000 - 0x6bddc000 	D:\Program Files\SogouInput\Components\PicFace\1.0.0.1403\PicFace.dll
0x5b610000 - 0x5b6a3000 	C:\Users\Administrator\AppData\Roaming\TaobaoProtect\TaobaoProtectSE.dll
0x75120000 - 0x75241000 	C:\Windows\system32\CRYPT32.dll
0x74fa0000 - 0x74fac000 	C:\Windows\system32\MSASN1.dll
0x68340000 - 0x68343000 	C:\Windows\system32\sfc.dll
0x68330000 - 0x6833d000 	C:\Windows\system32\sfc_os.DLL
0x74f30000 - 0x74f3b000 	C:\Windows\system32\profapi.dll
0x59f50000 - 0x5a113000 	C:\Windows\system32\d3d9.dll
0x711a0000 - 0x711a6000 	C:\Windows\system32\d3d8thk.dll
0x66a90000 - 0x6793e000 	C:\Windows\system32\nvd3dum.dll
0x75040000 - 0x75065000 	C:\Windows\system32\powrprof.dll
0x769d0000 - 0x76b6d000 	C:\Windows\system32\SETUPAPI.dll
0x74fd0000 - 0x74ff7000 	C:\Windows\system32\CFGMGR32.dll
0x75070000 - 0x75082000 	C:\Windows\system32\DEVOBJ.dll
0x69460000 - 0x6948a000 	D:\JavaJDK\jre\bin\fontmanager.dll
0x710d0000 - 0x710e4000 	D:\JavaJDK\jre\bin\net.dll
0x74990000 - 0x749cc000 	C:\Windows\system32\mswsock.dll
0x74980000 - 0x74986000 	C:\Windows\System32\wship6.dll
0x73e90000 - 0x73e9e000 	D:\JavaJDK\jre\bin\nio.dll
0x4b230000 - 0x4b259000 	D:\JavaJDK\jre\bin\Jpcap.dll
0x4b260000 - 0x4b2ac000 	C:\Windows\system32\wpcap.dll
0x4b0d0000 - 0x4b0e8000 	C:\Windows\system32\packet.dll
0x72080000 - 0x7209c000 	C:\Windows\system32\iphlpapi.dll
0x72060000 - 0x72067000 	C:\Windows\system32\WINNSI.DLL
0x70540000 - 0x7054d000 	C:\Windows\system32\dhcpcsvc6.DLL
0x70600000 - 0x70612000 	C:\Windows\system32\dhcpcsvc.DLL
0x693b0000 - 0x693e1000 	D:\JavaJDK\jre\bin\t2k.dll
0x77000000 - 0x77083000 	C:\Windows\system32\CLBCatQ.DLL
0x737e0000 - 0x738db000 	C:\Windows\system32\WindowsCodecs.dll
0x6be40000 - 0x6be74000 	D:\Program Files\360\360safe\safemon\360UDiskGuard.dll
0x6bbe0000 - 0x6bc11000 	C:\Windows\system32\EhStorShell.dll
0x73d60000 - 0x73e55000 	C:\Windows\system32\PROPSYS.dll
0x6bb70000 - 0x6bbda000 	C:\Windows\System32\cscui.dll
0x6bb60000 - 0x6bb69000 	C:\Windows\System32\CSCDLL.dll
0x6bb50000 - 0x6bb5b000 	C:\Windows\system32\CSCAPI.dll
0x6bae0000 - 0x6bb50000 	C:\Windows\system32\ntshrui.dll
0x74c70000 - 0x74c89000 	C:\Windows\system32\srvcli.dll
0x733b0000 - 0x733ba000 	C:\Windows\system32\slc.dll
0x4f4a0000 - 0x4f57d000 	D:\Program Files\SogouInput\7.9.0.7582\Resource.dll
0x69490000 - 0x694b4000 	D:\JavaJDK\jre\bin\dcpr.dll
0x6b110000 - 0x6b1fb000 	C:\Windows\system32\dbghelp.dll

VM Arguments:
jvm_args: -Xms1024m -Xmx1024m -Dfile.encoding=GBK 
java_command: zhuabao0527.ZhuaBaoUI
Launcher Type: SUN_STANDARD

Environment Variables:
JAVA_HOME=D:\JavaJDK
CLASSPATH=.;D:\JavaJDK\lib;D:\JavaJDK\lib\tools.jar
PATH=D:/JavaJDK/bin/../jre/bin/client;D:/JavaJDK/bin/../jre/bin;D:/JavaJDK/bin/../jre/lib/i386;c:\windows\system32;D:\eclipse\sdk\tools;D:\JavaJDK\bin;C:\RailsInstaller1205\Ruby2.1.0\bin;;D:\eclipse;
USERNAME=Administrator
OS=Windows_NT
PROCESSOR_IDENTIFIER=x86 Family 6 Model 37 Stepping 2, GenuineIntel



---------------  S Y S T E M  ---------------

OS: Windows 7 Build 7601 Service Pack 1

CPU:total 4 (2 cores per cpu, 2 threads per core) family 6 model 37 stepping 2, cmov, cx8, fxsr, mmx, sse, sse2, sse3, ssse3, sse4.1, sse4.2, popcnt, ht, tsc, tscinvbit

Memory: 4k page, physical 3070824k(997772k free), swap 6139924k(1913532k free)

vm_info: Java HotSpot(TM) Client VM (23.7-b01) for windows-x86 JRE (1.7.0_13-b20), built on Jan 30 2013 10:03:58 by "java_re" with unknown MS VC++:1600

time: Fri Jun 03 13:57:25 2016
elapsed time: 9 seconds

