#
# A fatal error has been detected by the Java Runtime Environment:
#
#  EXCEPTION_ACCESS_VIOLATION (0xc0000005) at pc=0x59b263ea, pid=6604, tid=5508
#
# JRE version: 7.0_13-b20
# Java VM: Java HotSpot(TM) Client VM (23.7-b01 mixed mode windows-x86 )
# Problematic frame:
# V  [jvm.dll+0xa63ea]
#
# Failed to write core dump. Minidumps are not enabled by default on client versions of Windows
#
# If you would like to submit a bug report, please visit:
#   http://bugreport.sun.com/bugreport/crash.jsp
#

---------------  T H R E A D  ---------------

Current thread (0x49f97800):  JavaThread "SwingWorker-pool-1-thread-2" daemon [_thread_in_vm, id=5508, stack(0x50bf0000,0x50c40000)]

siginfo: ExceptionCode=0xc0000005, reading address 0x00000000

Registers:
EAX=0x00000000, EBX=0x49f97928, ECX=0x00000000, EDX=0x440b6a38
ESP=0x50c3ebb0, EBP=0x50c3ebc8, ESI=0x440b6128, EDI=0x49f97800
EIP=0x59b263ea, EFLAGS=0x00010246

Top of Stack: (sp=0x50c3ebb0)
0x50c3ebb0:   49f97928 00000000 49f97800 00000000
0x50c3ebc0:   00000000 00000000 50c3f450 4a551bcb
0x50c3ebd0:   49f97928 00000000 00000000 49f97800
0x50c3ebe0:   440b6128 50c3f438 440b6130 00000000
0x50c3ebf0:   00000000 00000000 00000000 00000000
0x50c3ec00:   00000000 00000000 00000000 00000000
0x50c3ec10:   00000000 00000000 00000000 00000000
0x50c3ec20:   00000000 00000000 00000000 00000000 

Instructions: (pc=0x59b263ea)
0x59b263ca:   ff 83 c4 08 83 7f 04 00 89 7d f0 c7 45 f4 00 00
0x59b263da:   00 00 74 08 8d 4d f0 e8 da 6c 0c 00 8b 45 0c 53
0x59b263ea:   8b 18 56 53 e8 5d a7 f7 ff 8d 70 01 56 e8 04 a6
0x59b263fa:   08 00 83 c4 08 89 45 08 85 c0 75 19 68 38 ca d0 


Register to memory mapping:

EAX=0x00000000 is an unknown value
EBX=0x49f97928 is an unknown value
ECX=0x00000000 is an unknown value
EDX=0x440b6a38 is an oop
{constant pool cache} 
 - klass: {other class}
ESP=0x50c3ebb0 is pointing into the stack for thread: 0x49f97800
EBP=0x50c3ebc8 is pointing into the stack for thread: 0x49f97800
ESI=0x440b6128 is an oop
{constMethod} 
 - klass: {other class}
 - method:       0x440b6130 {method} 'setFilter' '(Ljava/lang/String;Z)V' in 'jpcap/JpcapCaptor'
 - exceptions:   0x43cb1128
EDI=0x49f97800 is a thread


Stack: [0x50bf0000,0x50c40000],  sp=0x50c3ebb0,  free space=314k
Native frames: (J=compiled Java code, j=interpreted, Vv=VM code, C=native code)
V  [jvm.dll+0xa63ea]
C  [Jpcap.dll+0x1bcb]  Java_jpcap_JpcapCaptor_setFilter+0x3b

Java frames: (J=compiled Java code, j=interpreted, Vv=VM code)
j  jpcap.JpcapCaptor.setFilter(Ljava/lang/String;Z)V+0
j  zhuabao0527.TableFrame$7.doInBackground()Ljava/lang/Void;+89
j  zhuabao0527.TableFrame$7.doInBackground()Ljava/lang/Object;+1
j  javax.swing.SwingWorker$1.call()Ljava/lang/Object;+14
j  java.util.concurrent.FutureTask$Sync.innerRun()V+29
j  java.util.concurrent.FutureTask.run()V+4
j  javax.swing.SwingWorker.run()V+4
j  java.util.concurrent.ThreadPoolExecutor.runWorker(Ljava/util/concurrent/ThreadPoolExecutor$Worker;)V+95
j  java.util.concurrent.ThreadPoolExecutor$Worker.run()V+5
j  java.lang.Thread.run()V+11
v  ~StubRoutines::call_stub

---------------  P R O C E S S  ---------------

Java Threads: ( => current thread )
=>0x49f97800 JavaThread "SwingWorker-pool-1-thread-2" daemon [_thread_in_vm, id=5508, stack(0x50bf0000,0x50c40000)]
  0x49f08400 JavaThread "SwingWorker-pool-1-thread-1" daemon [_thread_blocked, id=6480, stack(0x50b50000,0x50ba0000)]
  0x4df8c800 JavaThread "D3D Screen Updater" daemon [_thread_blocked, id=6064, stack(0x509c0000,0x50a10000)]
  0x4defd400 JavaThread "TimerQueue" daemon [_thread_blocked, id=5528, stack(0x4ed60000,0x4edb0000)]
  0x0041a400 JavaThread "DestroyJavaVM" [_thread_blocked, id=1172, stack(0x00e00000,0x00e50000)]
  0x4a000400 JavaThread "AWT-EventQueue-0" [_thread_blocked, id=7156, stack(0x4b240000,0x4b290000)]
  0x49fff400 JavaThread "AWT-Windows" daemon [_thread_in_native, id=5884, stack(0x4a470000,0x4a4c0000)]
  0x49ffec00 JavaThread "AWT-Shutdown" [_thread_blocked, id=7724, stack(0x00d90000,0x00de0000)]
  0x49ffc000 JavaThread "Java2D Disposer" daemon [_thread_blocked, id=6952, stack(0x4a3a0000,0x4a3f0000)]
  0x49ee2c00 JavaThread "Service Thread" daemon [_thread_blocked, id=4704, stack(0x4a1d0000,0x4a220000)]
  0x49ed0400 JavaThread "C1 CompilerThread0" daemon [_thread_blocked, id=7328, stack(0x4a2a0000,0x4a2f0000)]
  0x49ecf000 JavaThread "Attach Listener" daemon [_thread_blocked, id=6292, stack(0x4a180000,0x4a1d0000)]
  0x49ecbc00 JavaThread "Signal Dispatcher" daemon [_thread_blocked, id=4196, stack(0x4a220000,0x4a270000)]
  0x49e51400 JavaThread "Finalizer" daemon [_thread_blocked, id=1912, stack(0x4a060000,0x4a0b0000)]
  0x49e4a400 JavaThread "Reference Handler" daemon [_thread_blocked, id=6916, stack(0x00fd0000,0x01020000)]

Other Threads:
  0x49e44c00 VMThread [stack: 0x4a0b0000,0x4a100000] [id=6472]
  0x49efcc00 WatcherThread [stack: 0x4a2f0000,0x4a340000] [id=2636]

VM state:not at safepoint (normal execution)

VM Mutex/Monitor currently owned by a thread: None

Heap
 def new generation   total 314560K, used 50331K [0x03cb0000, 0x19200000, 0x19200000)
  eden space 279616K,  18% used [0x03cb0000, 0x06dd6df0, 0x14dc0000)
  from space 34944K,   0% used [0x14dc0000, 0x14dc0000, 0x16fe0000)
  to   space 34944K,   0% used [0x16fe0000, 0x16fe0000, 0x19200000)
 tenured generation   total 699072K, used 0K [0x19200000, 0x43cb0000, 0x43cb0000)
   the space 699072K,   0% used [0x19200000, 0x19200000, 0x19200200, 0x43cb0000)
 compacting perm gen  total 12288K, used 8009K [0x43cb0000, 0x448b0000, 0x47cb0000)
   the space 12288K,  65% used [0x43cb0000, 0x444824f0, 0x44482600, 0x448b0000)
No shared spaces configured.

Card table byte_map: [0x49ab0000,0x49ce0000] byte_map_base: 0x49a91a80

Polling page: 0x00170000

Code Cache  [0x01cb0000, 0x01da8000, 0x03cb0000)
 total_blobs=543 nmethods=304 adapters=174 free_code_cache=31779Kb largest_free_block=32542528

Compilation events (10 events):
Event: 14.144 Thread 0x49ed0400  300             java.awt.event.MouseEvent::getModifiersEx (29 bytes)
Event: 14.144 Thread 0x49ed0400 nmethod 300 0x01da5f88 code [0x01da6080, 0x01da613c]
Event: 14.234 Thread 0x49ed0400  301  s          java.awt.KeyboardFocusManager::getCurrentKeyboardFocusManager (34 bytes)
Event: 14.235 Thread 0x49ed0400 nmethod 301 0x01da61c8 code [0x01da62f0, 0x01da6584]
Event: 14.536 Thread 0x49ed0400  302             javax.swing.JComponent::getX (5 bytes)
Event: 14.536 Thread 0x49ed0400 nmethod 302 0x01da66c8 code [0x01da67c0, 0x01da6840]
Event: 14.536 Thread 0x49ed0400  303             javax.swing.JComponent::getY (5 bytes)
Event: 14.536 Thread 0x49ed0400 nmethod 303 0x01da6888 code [0x01da6980, 0x01da6a00]
Event: 14.540 Thread 0x49ed0400  304             java.awt.KeyboardFocusManager::getCurrentKeyboardFocusManager (7 bytes)
Event: 14.541 Thread 0x49ed0400 nmethod 304 0x01da6a48 code [0x01da6b80, 0x01da6e60]

GC Heap History (0 events):
No events

Deoptimization events (0 events):
No events

Internal exceptions (10 events):
Event: 1.271 Thread 0x4a000400 Threw 0x04f4a348 at C:\jdk7u2_32P\jdk7u13_2932_new\hotspot\src\share\vm\prims\jvm.cpp:1166
Event: 1.271 Thread 0x4a000400 Threw 0x04f4ad50 at C:\jdk7u2_32P\jdk7u13_2932_new\hotspot\src\share\vm\prims\jvm.cpp:1166
Event: 6.615 Thread 0x4a000400 Threw 0x05067028 at C:\jdk7u2_32P\jdk7u13_2932_new\hotspot\src\share\vm\prims\jvm.cpp:1166
Event: 6.644 Thread 0x4a000400 Threw 0x05091b60 at C:\jdk7u2_32P\jdk7u13_2932_new\hotspot\src\share\vm\prims\jvm.cpp:1166
Event: 6.645 Thread 0x4a000400 Threw 0x05093010 at C:\jdk7u2_32P\jdk7u13_2932_new\hotspot\src\share\vm\prims\jvm.cpp:1166
Event: 6.645 Thread 0x4a000400 Threw 0x05094408 at C:\jdk7u2_32P\jdk7u13_2932_new\hotspot\src\share\vm\prims\jvm.cpp:1166
Event: 6.645 Thread 0x4a000400 Threw 0x05095898 at C:\jdk7u2_32P\jdk7u13_2932_new\hotspot\src\share\vm\prims\jvm.cpp:1166
Event: 6.653 Thread 0x4a000400 Threw 0x050b3268 at C:\jdk7u2_32P\jdk7u13_2932_new\hotspot\src\share\vm\prims\jvm.cpp:1166
Event: 6.659 Thread 0x4a000400 Threw 0x050c1180 at C:\jdk7u2_32P\jdk7u13_2932_new\hotspot\src\share\vm\prims\jvm.cpp:1166
Event: 7.688 Thread 0x4a000400 Threw 0x05140998 at C:\jdk7u2_32P\jdk7u13_2932_new\hotspot\src\share\vm\prims\jvm.cpp:1166

Events (10 events):
Event: 8.059 loading class 0x49f5e020 done
Event: 8.064 Executing VM operation: RevokeBias
Event: 8.064 Executing VM operation: RevokeBias done
Event: 8.073 Executing VM operation: RevokeBias
Event: 8.073 Executing VM operation: RevokeBias done
Event: 8.297 loading class 0x49feaa48
Event: 8.297 loading class 0x49feaa48 done
Event: 8.563 loading class 0x49f74d98
Event: 8.563 loading class 0x49f74d98 done
Event: 14.696 Thread 0x49f97800 Thread added: 0x49f97800


Dynamic libraries:
0x01080000 - 0x010af000 	D:\JavaJDK\bin\javaw.exe
0x77180000 - 0x772c2000 	C:\Windows\SYSTEM32\ntdll.dll
0x75580000 - 0x75655000 	C:\Windows\system32\kernel32.dll
0x75250000 - 0x7529b000 	C:\Windows\system32\KERNELBASE.dll
0x75660000 - 0x75701000 	C:\Windows\system32\ADVAPI32.dll
0x75af0000 - 0x75b9c000 	C:\Windows\system32\msvcrt.dll
0x77340000 - 0x77359000 	C:\Windows\SYSTEM32\sechost.dll
0x75c00000 - 0x75ca2000 	C:\Windows\system32\RPCRT4.dll
0x75cb0000 - 0x75d79000 	C:\Windows\system32\USER32.dll
0x76c70000 - 0x76cbe000 	C:\Windows\system32\GDI32.dll
0x773c0000 - 0x773ca000 	C:\Windows\system32\LPK.dll
0x76f60000 - 0x76ffd000 	C:\Windows\system32\USP10.dll
0x73ea0000 - 0x7403e000 	C:\Windows\WinSxS\x86_microsoft.windows.common-controls_6595b64144ccf1df_6.0.7601.18837_none_41e855142bd5705d\COMCTL32.dll
0x75ba0000 - 0x75bf7000 	C:\Windows\system32\SHLWAPI.dll
0x772d0000 - 0x772ef000 	C:\Windows\system32\IMM32.DLL
0x76e00000 - 0x76ecc000 	C:\Windows\system32\MSCTF.dll
0x66640000 - 0x666fe000 	D:\JavaJDK\jre\bin\msvcr100.dll
0x59a80000 - 0x59dcd000 	D:\JavaJDK\jre\bin\client\jvm.dll
0x6bef0000 - 0x6bef7000 	C:\Windows\system32\WSOCK32.dll
0x754c0000 - 0x754f5000 	C:\Windows\system32\WS2_32.dll
0x75710000 - 0x75716000 	C:\Windows\system32\NSI.dll
0x75000000 - 0x75032000 	C:\Windows\system32\WINMM.dll
0x77330000 - 0x77335000 	C:\Windows\system32\PSAPI.DLL
0x73e80000 - 0x73e8c000 	D:\JavaJDK\jre\bin\verify.dll
0x711b0000 - 0x711d0000 	D:\JavaJDK\jre\bin\java.dll
0x716f0000 - 0x71703000 	D:\JavaJDK\jre\bin\zip.dll
0x67f40000 - 0x68082000 	D:\JavaJDK\jre\bin\awt.dll
0x76ed0000 - 0x76f5f000 	C:\Windows\system32\OLEAUT32.dll
0x75310000 - 0x7546c000 	C:\Windows\system32\ole32.dll
0x73c50000 - 0x73c90000 	C:\Windows\system32\uxtheme.dll
0x74e60000 - 0x74eac000 	C:\Windows\system32\apphelp.dll
0x4a6a0000 - 0x4ab97000 	C:\Windows\system32\SOGOUPY.IME
0x73510000 - 0x73515000 	C:\Windows\system32\MSIMG32.dll
0x735b0000 - 0x735ec000 	C:\Windows\system32\OLEACC.dll
0x734e0000 - 0x73501000 	C:\Windows\system32\ntmarta.dll
0x75470000 - 0x754b5000 	C:\Windows\system32\WLDAP32.dll
0x74410000 - 0x74419000 	C:\Windows\system32\VERSION.dll
0x75d80000 - 0x769cb000 	C:\Windows\system32\SHELL32.dll
0x6be10000 - 0x6be33000 	D:\Program Files\SogouInput\Components\SgAppender\1.0.0.207\SgAppender_Dll.dll
0x74fb0000 - 0x74fc3000 	C:\Windows\system32\dwmapi.dll
0x74eb0000 - 0x74ebc000 	C:\Windows\system32\CRYPTBASE.dll
0x6bc50000 - 0x6bddc000 	D:\Program Files\SogouInput\Components\PicFace\1.0.0.1403\PicFace.dll
0x74f30000 - 0x74f3b000 	C:\Windows\system32\profapi.dll
0x5b610000 - 0x5b6a3000 	C:\Users\Administrator\AppData\Roaming\TaobaoProtect\TaobaoProtectSE.dll
0x75120000 - 0x75241000 	C:\Windows\system32\CRYPT32.dll
0x74fa0000 - 0x74fac000 	C:\Windows\system32\MSASN1.dll
0x68340000 - 0x68343000 	C:\Windows\system32\sfc.dll
0x68330000 - 0x6833d000 	C:\Windows\system32\sfc_os.DLL
0x59f50000 - 0x5a113000 	C:\Windows\system32\d3d9.dll
0x711a0000 - 0x711a6000 	C:\Windows\system32\d3d8thk.dll
0x66a90000 - 0x6793e000 	C:\Windows\system32\nvd3dum.dll
0x75040000 - 0x75065000 	C:\Windows\system32\powrprof.dll
0x769d0000 - 0x76b6d000 	C:\Windows\system32\SETUPAPI.dll
0x74fd0000 - 0x74ff7000 	C:\Windows\system32\CFGMGR32.dll
0x75070000 - 0x75082000 	C:\Windows\system32\DEVOBJ.dll
0x4a550000 - 0x4a579000 	D:\JavaJDK\jre\bin\Jpcap.dll
0x4b190000 - 0x4b1dc000 	C:\Windows\system32\wpcap.dll
0x4a450000 - 0x4a468000 	C:\Windows\system32\packet.dll
0x72080000 - 0x7209c000 	C:\Windows\system32\iphlpapi.dll
0x72060000 - 0x72067000 	C:\Windows\system32\WINNSI.DLL
0x70540000 - 0x7054d000 	C:\Windows\system32\dhcpcsvc6.DLL
0x70600000 - 0x70612000 	C:\Windows\system32\dhcpcsvc.DLL
0x710d0000 - 0x710e4000 	D:\JavaJDK\jre\bin\net.dll
0x74990000 - 0x749cc000 	C:\Windows\system32\mswsock.dll
0x74980000 - 0x74986000 	C:\Windows\System32\wship6.dll
0x69460000 - 0x6948a000 	D:\JavaJDK\jre\bin\fontmanager.dll
0x73e90000 - 0x73e9e000 	D:\JavaJDK\jre\bin\nio.dll
0x693b0000 - 0x693e1000 	D:\JavaJDK\jre\bin\t2k.dll
0x77000000 - 0x77083000 	C:\Windows\system32\CLBCatQ.DLL
0x737e0000 - 0x738db000 	C:\Windows\system32\WindowsCodecs.dll
0x6be40000 - 0x6be74000 	D:\Program Files\360\360safe\safemon\360UDiskGuard.dll
0x6bbe0000 - 0x6bc11000 	C:\Windows\system32\EhStorShell.dll
0x73d60000 - 0x73e55000 	C:\Windows\system32\PROPSYS.dll
0x6bb70000 - 0x6bbda000 	C:\Windows\System32\cscui.dll
0x6bb60000 - 0x6bb69000 	C:\Windows\System32\CSCDLL.dll
0x6bb50000 - 0x6bb5b000 	C:\Windows\system32\CSCAPI.dll
0x6bae0000 - 0x6bb50000 	C:\Windows\system32\ntshrui.dll
0x74c70000 - 0x74c89000 	C:\Windows\system32\srvcli.dll
0x733b0000 - 0x733ba000 	C:\Windows\system32\slc.dll
0x4fe30000 - 0x4ff0d000 	D:\Program Files\SogouInput\7.9.0.7582\Resource.dll
0x6b110000 - 0x6b1fb000 	C:\Windows\system32\dbghelp.dll

VM Arguments:
jvm_args: -Xms1024m -Xmx1024m -Dfile.encoding=GBK 
java_command: zhuabao0527.ZhuaBaoUI
Launcher Type: SUN_STANDARD

Environment Variables:
JAVA_HOME=D:\JavaJDK
CLASSPATH=.;D:\JavaJDK\lib;D:\JavaJDK\lib\tools.jar
PATH=D:/JavaJDK/bin/../jre/bin/client;D:/JavaJDK/bin/../jre/bin;D:/JavaJDK/bin/../jre/lib/i386;c:\windows\system32;D:\eclipse\sdk\tools;D:\JavaJDK\bin;C:\RailsInstaller1205\Ruby2.1.0\bin;;D:\eclipse;
USERNAME=Administrator
OS=Windows_NT
PROCESSOR_IDENTIFIER=x86 Family 6 Model 37 Stepping 2, GenuineIntel



---------------  S Y S T E M  ---------------

OS: Windows 7 Build 7601 Service Pack 1

CPU:total 4 (2 cores per cpu, 2 threads per core) family 6 model 37 stepping 2, cmov, cx8, fxsr, mmx, sse, sse2, sse3, ssse3, sse4.1, sse4.2, popcnt, ht, tsc, tscinvbit

Memory: 4k page, physical 3070824k(989572k free), swap 6139924k(1698264k free)

vm_info: Java HotSpot(TM) Client VM (23.7-b01) for windows-x86 JRE (1.7.0_13-b20), built on Jan 30 2013 10:03:58 by "java_re" with unknown MS VC++:1600

time: Fri Jun 03 14:36:17 2016
elapsed time: 14 seconds

