#
# A fatal error has been detected by the Java Runtime Environment:
#
#  EXCEPTION_ACCESS_VIOLATION (0xc0000005) at pc=0x67cb63ea, pid=904, tid=5844
#
# JRE version: 7.0_13-b20
# Java VM: Java HotSpot(TM) Client VM (23.7-b01 mixed mode windows-x86 )
# Problematic frame:
# V  [jvm.dll+0xa63ea]
#
# Failed to write core dump. Minidumps are not enabled by default on client versions of Windows
#
# If you would like to submit a bug report, please visit:
#   http://bugreport.sun.com/bugreport/crash.jsp
#

---------------  T H R E A D  ---------------

Current thread (0x4e07c400):  JavaThread "SwingWorker-pool-1-thread-4" daemon [_thread_in_vm, id=5844, stack(0x4b2e0000,0x4b330000)]

siginfo: ExceptionCode=0xc0000005, reading address 0x00000000

Registers:
EAX=0x00000000, EBX=0x4e07c528, ECX=0x00000000, EDX=0x441c4f08
ESP=0x4b32ec40, EBP=0x4b32ec58, ESI=0x441c45f8, EDI=0x4e07c400
EIP=0x67cb63ea, EFLAGS=0x00010246

Top of Stack: (sp=0x4b32ec40)
0x4b32ec40:   4e07c528 00000000 4e07c400 00000000
0x4b32ec50:   00000000 00000000 4b32f4e0 4a321bcb
0x4b32ec60:   4e07c528 00000000 00000000 4e07c400
0x4b32ec70:   441c45f8 4b32f4c8 441c4600 00000000
0x4b32ec80:   00000000 00000000 00000000 00000000
0x4b32ec90:   00000000 00000000 00000000 00000000
0x4b32eca0:   00000000 00000000 00000000 00000000
0x4b32ecb0:   00000000 00000000 00000000 00000000 

Instructions: (pc=0x67cb63ea)
0x67cb63ca:   ff 83 c4 08 83 7f 04 00 89 7d f0 c7 45 f4 00 00
0x67cb63da:   00 00 74 08 8d 4d f0 e8 da 6c 0c 00 8b 45 0c 53
0x67cb63ea:   8b 18 56 53 e8 5d a7 f7 ff 8d 70 01 56 e8 04 a6
0x67cb63fa:   08 00 83 c4 08 89 45 08 85 c0 75 19 68 38 ca e9 


Register to memory mapping:

EAX=0x00000000 is an unknown value
EBX=0x4e07c528 is an unknown value
ECX=0x00000000 is an unknown value
EDX=0x441c4f08 is an oop
{constant pool cache} 
 - klass: {other class}
ESP=0x4b32ec40 is pointing into the stack for thread: 0x4e07c400
EBP=0x4b32ec58 is pointing into the stack for thread: 0x4e07c400
ESI=0x441c45f8 is an oop
{constMethod} 
 - klass: {other class}
 - method:       0x441c4600 {method} 'setFilter' '(Ljava/lang/String;Z)V' in 'jpcap/JpcapCaptor'
 - exceptions:   0x43c61128
EDI=0x4e07c400 is a thread


Stack: [0x4b2e0000,0x4b330000],  sp=0x4b32ec40,  free space=315k
Native frames: (J=compiled Java code, j=interpreted, Vv=VM code, C=native code)
V  [jvm.dll+0xa63ea]
C  [Jpcap.dll+0x1bcb]  Java_jpcap_JpcapCaptor_setFilter+0x3b

Java frames: (J=compiled Java code, j=interpreted, Vv=VM code)
j  jpcap.JpcapCaptor.setFilter(Ljava/lang/String;Z)V+0
j  zhuabao0527.TableFrame$7.doInBackground()Ljava/lang/Void;+89
j  zhuabao0527.TableFrame$7.doInBackground()Ljava/lang/Object;+1
j  javax.swing.SwingWorker$1.call()Ljava/lang/Object;+14
j  java.util.concurrent.FutureTask$Sync.innerRun()V+29
j  java.util.concurrent.FutureTask.run()V+4
j  javax.swing.SwingWorker.run()V+4
j  java.util.concurrent.ThreadPoolExecutor.runWorker(Ljava/util/concurrent/ThreadPoolExecutor$Worker;)V+95
j  java.util.concurrent.ThreadPoolExecutor$Worker.run()V+5
j  java.lang.Thread.run()V+11
v  ~StubRoutines::call_stub

---------------  P R O C E S S  ---------------

Java Threads: ( => current thread )
=>0x4e07c400 JavaThread "SwingWorker-pool-1-thread-4" daemon [_thread_in_vm, id=5844, stack(0x4b2e0000,0x4b330000)]
  0x4e07c000 JavaThread "SwingWorker-pool-1-thread-3" daemon [_thread_blocked, id=1140, stack(0x4da30000,0x4da80000)]
  0x49f81000 JavaThread "SwingWorker-pool-1-thread-2" daemon [_thread_blocked, id=5572, stack(0x4dbf0000,0x4dc40000)]
  0x49f87800 JavaThread "SwingWorker-pool-1-thread-1" daemon [_thread_blocked, id=5764, stack(0x50170000,0x501c0000)]
  0x4df8e800 JavaThread "D3D Screen Updater" daemon [_thread_blocked, id=3500, stack(0x50060000,0x500b0000)]
  0x4df70400 JavaThread "TimerQueue" daemon [_thread_blocked, id=3472, stack(0x4e250000,0x4e2a0000)]
  0x01b0a400 JavaThread "DestroyJavaVM" [_thread_blocked, id=3664, stack(0x01aa0000,0x01af0000)]
  0x49fb6000 JavaThread "AWT-EventQueue-0" [_thread_blocked, id=3364, stack(0x4b450000,0x4b4a0000)]
  0x49fb5000 JavaThread "AWT-Windows" daemon [_thread_in_native, id=4224, stack(0x4a660000,0x4a6b0000)]
  0x49fb4400 JavaThread "AWT-Shutdown" [_thread_blocked, id=2436, stack(0x4a270000,0x4a2c0000)]
  0x49fb2000 JavaThread "Java2D Disposer" daemon [_thread_blocked, id=2496, stack(0x4a520000,0x4a570000)]
  0x49e8d400 JavaThread "Service Thread" daemon [_thread_blocked, id=1812, stack(0x4a430000,0x4a480000)]
  0x49e80800 JavaThread "C1 CompilerThread0" daemon [_thread_blocked, id=2740, stack(0x4a2d0000,0x4a320000)]
  0x49e7f400 JavaThread "Attach Listener" daemon [_thread_blocked, id=5592, stack(0x4a350000,0x4a3a0000)]
  0x49e7c000 JavaThread "Signal Dispatcher" daemon [_thread_blocked, id=6020, stack(0x4a210000,0x4a260000)]
  0x49dff000 JavaThread "Finalizer" daemon [_thread_blocked, id=2276, stack(0x4a1a0000,0x4a1f0000)]
  0x49dfa400 JavaThread "Reference Handler" daemon [_thread_blocked, id=3596, stack(0x4a030000,0x4a080000)]

Other Threads:
  0x49df4c00 VMThread [stack: 0x4a0d0000,0x4a120000] [id=4344]
  0x49e9f800 WatcherThread [stack: 0x4a3d0000,0x4a420000] [id=1220]

VM state:not at safepoint (normal execution)

VM Mutex/Monitor currently owned by a thread: None

Heap
 def new generation   total 314560K, used 198636K [0x03c60000, 0x191b0000, 0x191b0000)
  eden space 279616K,  69% used [0x03c60000, 0x0fb3f848, 0x14d70000)
  from space 34944K,   9% used [0x16f90000, 0x172abaf0, 0x191b0000)
  to   space 34944K,   0% used [0x14d70000, 0x14d70000, 0x16f90000)
 tenured generation   total 699072K, used 0K [0x191b0000, 0x43c60000, 0x43c60000)
   the space 699072K,   0% used [0x191b0000, 0x191b0000, 0x191b0200, 0x43c60000)
 compacting perm gen  total 12288K, used 9684K [0x43c60000, 0x44860000, 0x47c60000)
   the space 12288K,  78% used [0x43c60000, 0x445d5218, 0x445d5400, 0x44860000)
No shared spaces configured.

Card table byte_map: [0x49a60000,0x49c90000] byte_map_base: 0x49a41d00

Polling page: 0x00170000

Code Cache  [0x01c60000, 0x01f20000, 0x03c60000)
 total_blobs=1812 nmethods=1550 adapters=194 free_code_cache=29959Kb largest_free_block=30678464

Compilation events (10 events):
Event: 172.462 Thread 0x49e80800    3 %           java.awt.EventDispatchThread::pumpEventsForFilter @ 10 (47 bytes)
Event: 172.463 Thread 0x49e80800 nmethod 3% 0x01f12248 code [0x01f12380, 0x01f12560]
Event: 172.463 Thread 0x49e80800 1544             java.util.PriorityQueue::removeAt (113 bytes)
Event: 172.464 Thread 0x49e80800 nmethod 1544 0x01f12708 code [0x01f12850, 0x01f12a80]
Event: 172.621 Thread 0x49e80800 1545   !         javax.swing.JComponent::paintChildren (669 bytes)
Event: 172.627 Thread 0x49e80800 nmethod 1545 0x01f12d88 code [0x01f130e0, 0x01f14104]
Event: 177.620 Thread 0x49e80800 1546             sun.java2d.pipe.PixelToShapeConverter::<init> (10 bytes)
Event: 177.620 Thread 0x49e80800 nmethod 1546 0x01f15c48 code [0x01f15d40, 0x01f15dd0]
Event: 183.326 Thread 0x49e80800 1547   !         zhuabao0527.TableFrame$7::doInBackground (735 bytes)
Event: 183.339 Thread 0x49e80800 nmethod 1547 0x01f15e08 code [0x01f16550, 0x01f19e78]

GC Heap History (2 events):
Event: 87.389 GC heap before
{Heap before GC invocations=0 (full 0):
 def new generation   total 314560K, used 279616K [0x03c60000, 0x191b0000, 0x191b0000)
  eden space 279616K, 100% used [0x03c60000, 0x14d70000, 0x14d70000)
  from space 34944K,   0% used [0x14d70000, 0x14d70000, 0x16f90000)
  to   space 34944K,   0% used [0x16f90000, 0x16f90000, 0x191b0000)
 tenured generation   total 699072K, used 0K [0x191b0000, 0x43c60000, 0x43c60000)
   the space 699072K,   0% used [0x191b0000, 0x191b0000, 0x191b0200, 0x43c60000)
 compacting perm gen  total 12288K, used 9424K [0x43c60000, 0x44860000, 0x47c60000)
   the space 12288K,  76% used [0x43c60000, 0x44594030, 0x44594200, 0x44860000)
No shared spaces configured.
Event: 87.415 GC heap after
Heap after GC invocations=1 (full 0):
 def new generation   total 314560K, used 3182K [0x03c60000, 0x191b0000, 0x191b0000)
  eden space 279616K,   0% used [0x03c60000, 0x03c60000, 0x14d70000)
  from space 34944K,   9% used [0x16f90000, 0x172abaf0, 0x191b0000)
  to   space 34944K,   0% used [0x14d70000, 0x14d70000, 0x16f90000)
 tenured generation   total 699072K, used 0K [0x191b0000, 0x43c60000, 0x43c60000)
   the space 699072K,   0% used [0x191b0000, 0x191b0000, 0x191b0200, 0x43c60000)
 compacting perm gen  total 12288K, used 9424K [0x43c60000, 0x44860000, 0x47c60000)
   the space 12288K,  76% used [0x43c60000, 0x44594030, 0x44594200, 0x44860000)
No shared spaces configured.
}

Deoptimization events (0 events):
No events

Internal exceptions (10 events):
Event: 0.814 Thread 0x49fb6000 Threw 0x0555b180 at C:\jdk7u2_32P\jdk7u13_2932_new\hotspot\src\share\vm\prims\jvm.cpp:1166
Event: 9.184 Thread 0x49fb6000 Threw 0x06399778 at C:\jdk7u2_32P\jdk7u13_2932_new\hotspot\src\share\vm\prims\jvm.cpp:1166
Event: 9.220 Thread 0x49fb6000 Threw 0x063d39e0 at C:\jdk7u2_32P\jdk7u13_2932_new\hotspot\src\share\vm\prims\jvm.cpp:1166
Event: 9.220 Thread 0x49fb6000 Threw 0x063d4e90 at C:\jdk7u2_32P\jdk7u13_2932_new\hotspot\src\share\vm\prims\jvm.cpp:1166
Event: 9.221 Thread 0x49fb6000 Threw 0x063d6288 at C:\jdk7u2_32P\jdk7u13_2932_new\hotspot\src\share\vm\prims\jvm.cpp:1166
Event: 9.221 Thread 0x49fb6000 Threw 0x063d7648 at C:\jdk7u2_32P\jdk7u13_2932_new\hotspot\src\share\vm\prims\jvm.cpp:1166
Event: 9.231 Thread 0x49fb6000 Threw 0x063f2e60 at C:\jdk7u2_32P\jdk7u13_2932_new\hotspot\src\share\vm\prims\jvm.cpp:1166
Event: 9.238 Thread 0x49fb6000 Threw 0x06406ce8 at C:\jdk7u2_32P\jdk7u13_2932_new\hotspot\src\share\vm\prims\jvm.cpp:1166
Event: 24.015 Thread 0x49fb6000 Threw 0x06583340 at C:\jdk7u2_32P\jdk7u13_2932_new\hotspot\src\share\vm\prims\jvm.cpp:1166
Event: 160.983 Thread 0x49fb6000 Threw 0x0f2b5a38 at C:\jdk7u2_32P\jdk7u13_2932_new\hotspot\src\share\vm\prims\jvm.cpp:1166

Events (10 events):
Event: 163.511 loading class 0x4de01198
Event: 163.512 loading class 0x4de01198 done
Event: 163.512 loading class 0x4ddfabe8
Event: 163.512 loading class 0x4ddfabe8 done
Event: 163.513 loading class 0x49e00d80
Event: 163.513 loading class 0x49e00d80 done
Event: 177.734 Thread 0x4e07c000 Thread added: 0x4e07c000
Event: 177.769 Executing VM operation: RevokeBias
Event: 177.769 Executing VM operation: RevokeBias done
Event: 183.326 Thread 0x4e07c400 Thread added: 0x4e07c400


Dynamic libraries:
0x01150000 - 0x0117f000 	D:\JavaJDK\bin\javaw.exe
0x77540000 - 0x77682000 	C:\Windows\SYSTEM32\ntdll.dll
0x768c0000 - 0x76995000 	C:\Windows\system32\kernel32.dll
0x75460000 - 0x754ab000 	C:\Windows\system32\KERNELBASE.dll
0x771e0000 - 0x77281000 	C:\Windows\system32\ADVAPI32.dll
0x76a00000 - 0x76aac000 	C:\Windows\system32\msvcrt.dll
0x776b0000 - 0x776c9000 	C:\Windows\SYSTEM32\sechost.dll
0x756e0000 - 0x75782000 	C:\Windows\system32\RPCRT4.dll
0x767f0000 - 0x768b9000 	C:\Windows\system32\USER32.dll
0x76bf0000 - 0x76c3e000 	C:\Windows\system32\GDI32.dll
0x756d0000 - 0x756da000 	C:\Windows\system32\LPK.dll
0x77290000 - 0x7732d000 	C:\Windows\system32\USP10.dll
0x74260000 - 0x743fe000 	C:\Windows\WinSxS\x86_microsoft.windows.common-controls_6595b64144ccf1df_6.0.7601.18837_none_41e855142bd5705d\COMCTL32.dll
0x770a0000 - 0x770f7000 	C:\Windows\system32\SHLWAPI.dll
0x77080000 - 0x7709f000 	C:\Windows\system32\IMM32.DLL
0x76c40000 - 0x76d0c000 	C:\Windows\system32\MSCTF.dll
0x67610000 - 0x676ce000 	D:\JavaJDK\jre\bin\msvcr100.dll
0x67c10000 - 0x67f5d000 	D:\JavaJDK\jre\bin\client\jvm.dll
0x72210000 - 0x72217000 	C:\Windows\system32\WSOCK32.dll
0x76d10000 - 0x76d45000 	C:\Windows\system32\WS2_32.dll
0x77690000 - 0x77696000 	C:\Windows\system32\NSI.dll
0x754b0000 - 0x754e2000 	C:\Windows\system32\WINMM.dll
0x776a0000 - 0x776a5000 	C:\Windows\system32\PSAPI.DLL
0x71fb0000 - 0x71fbc000 	D:\JavaJDK\jre\bin\verify.dll
0x71f90000 - 0x71fb0000 	D:\JavaJDK\jre\bin\java.dll
0x71f70000 - 0x71f83000 	D:\JavaJDK\jre\bin\zip.dll
0x6a6c0000 - 0x6a802000 	D:\JavaJDK\jre\bin\awt.dll
0x77150000 - 0x771df000 	C:\Windows\system32\OLEAUT32.dll
0x75790000 - 0x758ec000 	C:\Windows\system32\ole32.dll
0x73ff0000 - 0x74030000 	C:\Windows\system32\uxtheme.dll
0x751f0000 - 0x7523c000 	C:\Windows\system32\apphelp.dll
0x4a790000 - 0x4ac87000 	C:\Windows\system32\SOGOUPY.IME
0x731a0000 - 0x731a5000 	C:\Windows\system32\MSIMG32.dll
0x731b0000 - 0x731ec000 	C:\Windows\system32\OLEACC.dll
0x73d40000 - 0x73d61000 	C:\Windows\system32\ntmarta.dll
0x77100000 - 0x77145000 	C:\Windows\system32\WLDAP32.dll
0x747d0000 - 0x747d9000 	C:\Windows\system32\VERSION.dll
0x758f0000 - 0x7653b000 	C:\Windows\system32\SHELL32.dll
0x6f990000 - 0x6f9b3000 	D:\Program Files\SogouInput\Components\SgAppender\1.0.0.207\SgAppender_Dll.dll
0x75690000 - 0x756a3000 	C:\Windows\system32\dwmapi.dll
0x75240000 - 0x7524c000 	C:\Windows\system32\CRYPTBASE.dll
0x6e400000 - 0x6e58c000 	D:\Program Files\SogouInput\Components\PicFace\1.0.0.1403\PicFace.dll
0x752f0000 - 0x752fb000 	C:\Windows\system32\profapi.dll
0x5ae50000 - 0x5aee3000 	C:\Users\Administrator\AppData\Roaming\TaobaoProtect\TaobaoProtectSE.dll
0x75550000 - 0x75671000 	C:\Windows\system32\CRYPT32.dll
0x75360000 - 0x7536c000 	C:\Windows\system32\MSASN1.dll
0x65610000 - 0x65613000 	C:\Windows\system32\sfc.dll
0x65600000 - 0x6560d000 	C:\Windows\system32\sfc_os.DLL
0x666a0000 - 0x66863000 	C:\Windows\system32\d3d9.dll
0x72620000 - 0x72626000 	C:\Windows\system32\d3d8thk.dll
0x5cec0000 - 0x5dd6e000 	C:\Windows\system32\nvd3dum.dll
0x753a0000 - 0x753c5000 	C:\Windows\system32\powrprof.dll
0x765c0000 - 0x7675d000 	C:\Windows\system32\SETUPAPI.dll
0x75520000 - 0x75547000 	C:\Windows\system32\CFGMGR32.dll
0x756b0000 - 0x756c2000 	C:\Windows\system32\DEVOBJ.dll
0x6db30000 - 0x6db5a000 	D:\JavaJDK\jre\bin\fontmanager.dll
0x71f50000 - 0x71f64000 	D:\JavaJDK\jre\bin\net.dll
0x74d20000 - 0x74d5c000 	C:\Windows\system32\mswsock.dll
0x74d10000 - 0x74d16000 	C:\Windows\System32\wship6.dll
0x71fc0000 - 0x71fce000 	D:\JavaJDK\jre\bin\nio.dll
0x4a320000 - 0x4a349000 	D:\JavaJDK\jre\bin\Jpcap.dll
0x4a5d0000 - 0x4a61c000 	C:\Windows\system32\wpcap.dll
0x4a3a0000 - 0x4a3b8000 	C:\Windows\system32\packet.dll
0x739b0000 - 0x739cc000 	C:\Windows\system32\iphlpapi.dll
0x73980000 - 0x73987000 	C:\Windows\system32\WINNSI.DLL
0x70c70000 - 0x70c7d000 	C:\Windows\system32\dhcpcsvc6.DLL
0x70ae0000 - 0x70af2000 	C:\Windows\system32\dhcpcsvc.DLL
0x6bc50000 - 0x6bc81000 	D:\JavaJDK\jre\bin\t2k.dll
0x76760000 - 0x767e3000 	C:\Windows\system32\CLBCatQ.DLL
0x73a30000 - 0x73b2b000 	C:\Windows\system32\WindowsCodecs.dll
0x6fbf0000 - 0x6fc24000 	D:\Program Files\360\360safe\safemon\360UDiskGuard.dll
0x745d0000 - 0x74601000 	C:\Windows\system32\EhStorShell.dll
0x74070000 - 0x74165000 	C:\Windows\system32\PROPSYS.dll
0x74560000 - 0x745ca000 	C:\Windows\System32\cscui.dll
0x74550000 - 0x74559000 	C:\Windows\System32\CSCDLL.dll
0x6f880000 - 0x6f88b000 	C:\Windows\system32\CSCAPI.dll
0x72930000 - 0x729a0000 	C:\Windows\system32\ntshrui.dll
0x74f00000 - 0x74f19000 	C:\Windows\system32\srvcli.dll
0x73b80000 - 0x73b8a000 	C:\Windows\system32\slc.dll
0x4f420000 - 0x4f4fd000 	D:\Program Files\SogouInput\7.9.0.7582\Resource.dll
0x6c6c0000 - 0x6c6e4000 	D:\JavaJDK\jre\bin\dcpr.dll
0x6c4c0000 - 0x6c5ab000 	C:\Windows\system32\dbghelp.dll

VM Arguments:
jvm_args: -Xms1024m -Xmx1024m -Dfile.encoding=GBK 
java_command: zhuabao0527.ZhuaBaoUI
Launcher Type: SUN_STANDARD

Environment Variables:
JAVA_HOME=D:\JavaJDK
CLASSPATH=.;D:\JavaJDK\lib;D:\JavaJDK\lib\tools.jar
PATH=D:/JavaJDK/bin/../jre/bin/client;D:/JavaJDK/bin/../jre/bin;D:/JavaJDK/bin/../jre/lib/i386;c:\windows\system32;D:\eclipse\sdk\tools;D:\JavaJDK\bin;C:\RailsInstaller1205\Ruby2.1.0\bin;;D:\eclipse;
USERNAME=Administrator
OS=Windows_NT
PROCESSOR_IDENTIFIER=x86 Family 6 Model 37 Stepping 2, GenuineIntel



---------------  S Y S T E M  ---------------

OS: Windows 7 Build 7601 Service Pack 1

CPU:total 4 (2 cores per cpu, 2 threads per core) family 6 model 37 stepping 2, cmov, cx8, fxsr, mmx, sse, sse2, sse3, ssse3, sse4.1, sse4.2, popcnt, ht, tsc, tscinvbit

Memory: 4k page, physical 3070824k(1180648k free), swap 6139924k(1778772k free)

vm_info: Java HotSpot(TM) Client VM (23.7-b01) for windows-x86 JRE (1.7.0_13-b20), built on Jan 30 2013 10:03:58 by "java_re" with unknown MS VC++:1600

time: Fri Jun 03 03:20:02 2016
elapsed time: 183 seconds

